12:48:22.935 [main                     ] DEBUG Logger               - Configured Logger
12:48:22.949 [main                     ] DEBUG GameApplication      - Logging settings
Title: Restaurant Simulator
Version: 1.0
Width: 1280
Height: 520
Fullscreen: false
Intro: false
Profiling: false
Single step:false
App Mode: DEVELOPER
Menu Key: ESCAPE
Stage Style: DECORATED
Scene Factory: class com.almasb.fxgl.app.scene.SceneFactory

12:48:23.286 [JavaFX Application Thread] DEBUG FXGLApplication      - Initializing FXGL
12:48:23.289 [JavaFX Application Thread] INFO  Engine               - FXGL-17.3 (30.03.2023 11.49) on WINDOWS (J:21.0.5 FX:21)
12:48:23.290 [JavaFX Application Thread] DEBUG Engine               - JRE Vendor Name: Amazon.com Inc.
12:48:23.290 [JavaFX Application Thread] DEBUG Engine               - Running on OS: Windows 11 version 10.0
12:48:23.290 [JavaFX Application Thread] DEBUG Engine               - Architecture: amd64
12:48:23.290 [JavaFX Application Thread] INFO  Engine               - Source code and latest versions at: https://github.com/AlmasB/FXGL
12:48:23.290 [JavaFX Application Thread] INFO  Engine               -       Ask questions and discuss at: https://github.com/AlmasB/FXGL/discussions
12:48:23.290 [JavaFX Application Thread] INFO  Engine               -              Join the FXGL chat at: https://gitter.im/AlmasB/FXGL
12:48:23.382 [JavaFX Application Thread] DEBUG PrimaryStageWindow   - Creating a JavaFX scene
12:48:23.425 [JavaFX Application Thread] DEBUG PrimaryStageWindow   - Target settings size: 1280.0 x 520.0
12:48:23.425 [JavaFX Application Thread] DEBUG PrimaryStageWindow   - Scaled scene size:    1280.0 x 520.0
12:48:23.425 [JavaFX Application Thread] DEBUG PrimaryStageWindow   - Scaled ratio: (1.0, 1.0)
12:48:23.426 [JavaFX Application Thread] DEBUG PrimaryStageWindow   - Set initial scene to FXGLStartupScene
12:48:23.429 [JavaFX Application Thread] DEBUG PrimaryStageWindow   - Opening main window
12:48:23.518 [JavaFX Application Thread] DEBUG PrimaryStageWindow   - Window border size: (14.4000244140625, 37.5999755859375)
12:48:23.518 [JavaFX Application Thread] DEBUG PrimaryStageWindow   - Scaled size: 1280.0 x 520.0
12:48:23.518 [JavaFX Application Thread] DEBUG PrimaryStageWindow   - Scaled ratio: (1.0, 1.0)
12:48:23.518 [JavaFX Application Thread] DEBUG PrimaryStageWindow   - Scene size: 1280.0 x 520.0
12:48:23.519 [JavaFX Application Thread] DEBUG PrimaryStageWindow   - Stage size: 1294.4000244140625 x 557.5999755859375
12:48:23.524 [FXGL Background Thread 1 ] DEBUG Engine               - Initializing environment variables
12:48:23.570 [FXGL Background Thread 1 ] DEBUG FXGLAssetLoaderServi - User app class for loading assets: class com.restaurant.application.GameApp
12:48:23.570 [FXGL Background Thread 1 ] DEBUG GameApplicationServi - Applying CSS: fxgl_dark.css
12:48:23.571 [FXGL Background Thread 1 ] DEBUG FXGLAssetLoaderServi - Loading from file system: jar:file:/C:/Users/JOSELYN%20KATO/.m2/repository/com/github/almasb/fxgl/17.3/fxgl-17.3.jar!/fxglassets/ui/css/fxgl_dark.css
12:48:23.609 [FXGL Background Thread 1 ] DEBUG GameApplicationServi - Initializing application scenes
12:48:23.644 [FXGL Background Thread 1 ] DEBUG GameWorld            - Game world initialized
12:48:23.701 [FXGL Background Thread 1 ] DEBUG PhysicsWorld         - Physics world initialized: appHeight=520, physics.ppm=50.0
12:48:23.701 [FXGL Background Thread 1 ] DEBUG PhysicsWorld         - Using strategy: BRUTE_FORCE
12:48:23.705 [FXGL Background Thread 1 ] DEBUG GameScene            - Game scene initialized: 1280x520
12:48:23.717 [FXGL Background Thread 1 ] WARN  FXGL.DefaultMenu     - FXGLDefaultMenu is not designed for resolutions < 800x600
12:48:23.717 [FXGL Background Thread 1 ] DEBUG FXGL.DefaultMenu     - createMenuBodyGameMenu()
12:48:23.734 [FXGL Background Thread 1 ] DEBUG FXGL.DefaultMenu     - createOptionsMenu()
12:48:23.743 [FXGL Background Thread 1 ] DEBUG FXGLAssetLoaderServi - Loading from file system: jar:file:/C:/Users/JOSELYN%20KATO/.m2/repository/com/github/almasb/fxgl/17.3/fxgl-17.3.jar!/fxglassets/textures/particles/smoke.png
12:48:23.826 [FXGL Background Thread 1 ] DEBUG FXGLAssetLoaderServi - Loading from file system: jar:file:/C:/Users/JOSELYN%20KATO/.m2/repository/com/github/almasb/fxgl/17.3/fxgl-17.3.jar!/fxglassets/textures/particles/trace_horizontal.png
12:48:23.848 [FXGL Background Thread 1 ] DEBUG GameApplicationServi - Application scenes initialized
12:48:23.859 [FXGL Background Thread 1 ] DEBUG SystemBundleService  - Loading FXGL system data
12:48:23.860 [FXGL Background Thread 1 ] DEBUG FileSystemAccess     - Reading from: C:\Users\JOSELYN KATO\Simulador-Restaurant\system\fxgl.bundle
12:48:23.862 [FXGL Background Thread 1 ] DEBUG SystemBundleService  - Bundle FXGL: {}
12:48:23.863 [FXGL Background Thread 1 ] DEBUG UpdaterService       - Checking for updates
12:48:23.866 [FXGL Background Thread 4 ] DEBUG FXGLApplication      - Loading fonts
12:48:23.867 [FXGL Background Thread 1 ] DEBUG FXGLApplication      - Loading default localization
12:48:23.867 [FXGL Background Thread 4 ] DEBUG FXGLAssetLoaderServi - Loading from file system: jar:file:/C:/Users/JOSELYN%20KATO/.m2/repository/com/github/almasb/fxgl/17.3/fxgl-17.3.jar!/fxglassets/ui/fonts/VarelaRound-Regular.ttf
12:48:23.867 [FXGL Background Thread 1 ] DEBUG FXGLAssetLoaderServi - Loading from file system: jar:file:/C:/Users/JOSELYN%20KATO/.m2/repository/com/github/almasb/fxgl/17.3/fxgl-17.3.jar!/fxglassets/languages/english.lang
12:48:23.889 [FXGL Background Thread 4 ] DEBUG FXGLAssetLoaderServi - Loading from file system: jar:file:/C:/Users/JOSELYN%20KATO/.m2/repository/com/github/almasb/fxgl/17.3/fxgl-17.3.jar!/fxglassets/ui/fonts/Abel-Regular.ttf
12:48:23.897 [FXGL Background Thread 1 ] INFO  FXGLApplication      - FXGL initialization took: 0.373 sec
12:48:23.898 [JavaFX Application Thread] DEBUG FXGLAssetLoaderServi - Loading from file system: jar:file:/C:/Users/JOSELYN%20KATO/.m2/repository/com/github/almasb/fxgl/17.3/fxgl-17.3.jar!/fxglassets/textures/fxgl_icon.png
12:48:23.901 [FXGL Background Thread 4 ] DEBUG FXGLAssetLoaderServi - Loading from file system: jar:file:/C:/Users/JOSELYN%20KATO/.m2/repository/com/github/almasb/fxgl/17.3/fxgl-17.3.jar!/fxglassets/ui/fonts/TerminalLandMono-Regular.otf
12:48:23.911 [FXGL Background Thread 4 ] DEBUG FXGLAssetLoaderServi - Loading from file system: jar:file:/C:/Users/JOSELYN%20KATO/.m2/repository/com/github/almasb/fxgl/17.3/fxgl-17.3.jar!/fxglassets/ui/fonts/Courier-Prime.ttf
12:48:23.912 [JavaFX Application Thread] DEBUG FXGLAssetLoaderServi - Loading from file system: jar:file:/C:/Users/JOSELYN%20KATO/.m2/repository/com/github/almasb/fxgl/17.3/fxgl-17.3.jar!/fxglassets/textures/fxgl_default_cursor.png
12:48:23.923 [JavaFX Application Thread] DEBUG Input                - Registered new binding: Screenshot - CTRL+8
12:48:23.923 [JavaFX Application Thread] DEBUG Input                - Registered new binding: System info dump - CTRL+9
12:48:23.924 [JavaFX Application Thread] DEBUG Input                - Registered new binding: Restart - CTRL+R
12:48:23.925 [JavaFX Application Thread] DEBUG Input                - Registered new binding: Toggle Debug Camera - CTRL+7
12:48:23.928 [JavaFX Application Thread] DEBUG LoopRunner           - Starting loop
12:48:23.928 [JavaFX Application Thread] DEBUG LoopRunner           - Initializing JavaFX AnimationTimerLoop
12:48:23.930 [JavaFX Application Thread] DEBUG GameApplicationServi - Starting new game
12:48:23.931 [JavaFX Application Thread] DEBUG Input                - Clearing active input actions
12:48:23.941 [JavaFX Application Thread] DEBUG GameApplicationServi - Removing overlay from FXGLStartupScene and adding to FXGLLoadingScene
12:48:23.941 [JavaFX Application Thread] DEBUG PrimaryStageWindow   - FXGLStartupScene -> FXGLLoadingScene
12:48:23.941 [JavaFX Application Thread] DEBUG GameApplicationServi - Clearing previous game
12:48:23.941 [JavaFX Application Thread] DEBUG GameScene            - Clearing game scene
12:48:23.941 [JavaFX Application Thread] DEBUG GameWorld            - Clearing game world
12:48:23.942 [JavaFX Application Thread] DEBUG PhysicsWorld         - Clearing physics world
12:48:23.943 [JavaFX Application Thread] DEBUG FXGLApplication      - Registering font factories with UI factory
12:48:23.943 [FXGL Background Thread 4 ] DEBUG FXGLApplication      - Initializing game
12:48:24.042 [FXGL Background Thread 4 ] INFO  FXGLApplication      - Game initialization took: 0.099 sec
12:48:24.111 [JavaFX Application Thread] DEBUG Input                - Clearing active input actions
12:48:24.126 [JavaFX Application Thread] DEBUG GameApplicationServi - Removing overlay from FXGLLoadingScene and adding to GameScene
12:48:24.126 [JavaFX Application Thread] DEBUG PrimaryStageWindow   - FXGLLoadingScene -> GameScene
12:48:24.610 [FXGL Background Thread 2 ] INFO  UpdaterService       - Your current version:  17.3
12:48:24.610 [FXGL Background Thread 2 ] INFO  UpdaterService       - Latest stable version: 21.1
12:48:26.865 [FXGL Background Thread 3 ] DEBUG Engine               - Logging environment variables
12:48:26.865 [FXGL Background Thread 3 ] DEBUG Engine               - achievements: []
12:48:26.865 [FXGL Background Thread 3 ] DEBUG Engine               - actualHeight: 520.0
12:48:26.865 [FXGL Background Thread 3 ] DEBUG Engine               - actualHeightProperty: ReadOnlyDoubleProperty [value: 520.0]
12:48:26.866 [FXGL Background Thread 3 ] DEBUG Engine               - actualWidth: 1280.0
12:48:26.866 [FXGL Background Thread 3 ] DEBUG Engine               - actualWidthProperty: ReadOnlyDoubleProperty [value: 1280.0]
12:48:26.866 [FXGL Background Thread 3 ] DEBUG Engine               - appIcon: fxgl_icon.png
12:48:26.866 [FXGL Background Thread 3 ] DEBUG Engine               - applicationMode: DEVELOPER
12:48:26.866 [FXGL Background Thread 3 ] DEBUG Engine               - cSSList: [fxgl_dark.css]
12:48:26.866 [FXGL Background Thread 3 ] DEBUG Engine               - collisionDetectionStrategy: BRUTE_FORCE
12:48:26.866 [FXGL Background Thread 3 ] DEBUG Engine               - configClass: Optional.empty
12:48:26.866 [FXGL Background Thread 3 ] DEBUG Engine               - credits: []
12:48:26.866 [FXGL Background Thread 3 ] DEBUG Engine               - defaultCursor: CursorInfo(imageName=fxgl_default_cursor.png, hotspotX=7.0, hotspotY=6.0)
12:48:26.866 [FXGL Background Thread 3 ] DEBUG Engine               - devBBoxColorProperty: ObjectProperty [value: 0xff0000ff]
12:48:26.866 [FXGL Background Thread 3 ] DEBUG Engine               - devEnableDebugCameraProperty: BooleanProperty [value: false]
12:48:26.866 [FXGL Background Thread 3 ] DEBUG Engine               - devSensorColorProperty: ObjectProperty [value: 0xffff00ff]
12:48:26.866 [FXGL Background Thread 3 ] DEBUG Engine               - devShowBBoxProperty: BooleanProperty [value: false]
12:48:26.866 [FXGL Background Thread 3 ] DEBUG Engine               - devShowPositionProperty: BooleanProperty [value: false]
12:48:26.867 [FXGL Background Thread 3 ] DEBUG Engine               - enabledMenuItems: []
12:48:26.867 [FXGL Background Thread 3 ] DEBUG Engine               - engineServices: [class com.almasb.fxgl.app.services.FXGLAssetLoaderService, class com.almasb.fxgl.app.FXGLApplication$GameApplicationService, class com.almasb.fxgl.app.services.FXGLDialogService, class com.almasb.fxgl.app.services.IOTaskExecutorService, class com.almasb.fxgl.io.FileSystemService, class com.almasb.fxgl.localization.LocalizationService, class com.almasb.fxgl.app.services.SystemBundleService, class com.almasb.fxgl.profile.SaveLoadService, class com.almasb.fxgl.ui.FXGLUIFactoryServiceProvider, class com.almasb.fxgl.ui.FXGLDialogFactoryServiceProvider, class com.almasb.fxgl.audio.AudioPlayer, class com.almasb.fxgl.notification.impl.NotificationServiceProvider, class com.almasb.fxgl.achievement.AchievementService, class com.almasb.fxgl.cutscene.CutsceneService, class com.almasb.fxgl.minigames.MiniGameService, class com.almasb.fxgl.net.NetService, class com.almasb.fxgl.app.services.UpdaterService, class com.almasb.fxgl.dev.DevService]
12:48:26.867 [FXGL Background Thread 3 ] DEBUG Engine               - fontGame: Abel-Regular.ttf
12:48:26.867 [FXGL Background Thread 3 ] DEBUG Engine               - fontMono: TerminalLandMono-Regular.otf
12:48:26.867 [FXGL Background Thread 3 ] DEBUG Engine               - fontSizeScaleUI: 1.0
12:48:26.867 [FXGL Background Thread 3 ] DEBUG Engine               - fontText: Courier-Prime.ttf
12:48:26.867 [FXGL Background Thread 3 ] DEBUG Engine               - fontUI: VarelaRound-Regular.ttf
12:48:26.867 [FXGL Background Thread 3 ] DEBUG Engine               - fullScreen: BooleanProperty [value: false]
12:48:26.867 [FXGL Background Thread 3 ] DEBUG Engine               - gameDifficulty: MEDIUM
12:48:26.867 [FXGL Background Thread 3 ] DEBUG Engine               - gameDifficultyProperty: ObjectProperty [value: MEDIUM]
12:48:26.867 [FXGL Background Thread 3 ] DEBUG Engine               - globalMusicVolume: 0.5
12:48:26.867 [FXGL Background Thread 3 ] DEBUG Engine               - globalMusicVolumeProperty: DoubleProperty [value: 0.5]
12:48:26.867 [FXGL Background Thread 3 ] DEBUG Engine               - globalSoundVolume: 0.5
12:48:26.867 [FXGL Background Thread 3 ] DEBUG Engine               - globalSoundVolumeProperty: DoubleProperty [value: 0.5]
12:48:26.867 [FXGL Background Thread 3 ] DEBUG Engine               - height: 520
12:48:26.867 [FXGL Background Thread 3 ] DEBUG Engine               - is3D: false
12:48:26.867 [FXGL Background Thread 3 ] DEBUG Engine               - isAndroid: false
12:48:26.867 [FXGL Background Thread 3 ] DEBUG Engine               - isBrowser: false
12:48:26.867 [FXGL Background Thread 3 ] DEBUG Engine               - isClickFeedbackEnabled: false
12:48:26.867 [FXGL Background Thread 3 ] DEBUG Engine               - isCloseConfirmation: false
12:48:26.867 [FXGL Background Thread 3 ] DEBUG Engine               - isDesktop: true
12:48:26.867 [FXGL Background Thread 3 ] DEBUG Engine               - isDeveloperMenuEnabled: false
12:48:26.867 [FXGL Background Thread 3 ] DEBUG Engine               - isEmbedded: false
12:48:26.867 [FXGL Background Thread 3 ] DEBUG Engine               - isEntityPreloadEnabled: true
12:48:26.867 [FXGL Background Thread 3 ] DEBUG Engine               - isExperimentalTiledLargeMap: false
12:48:26.868 [FXGL Background Thread 3 ] DEBUG Engine               - isFileSystemWriteAllowed: true
12:48:26.868 [FXGL Background Thread 3 ] DEBUG Engine               - isFullScreenAllowed: false
12:48:26.868 [FXGL Background Thread 3 ] DEBUG Engine               - isFullScreenFromStart: false
12:48:26.868 [FXGL Background Thread 3 ] DEBUG Engine               - isGameMenuEnabled: true
12:48:26.868 [FXGL Background Thread 3 ] DEBUG Engine               - isIOS: false
12:48:26.868 [FXGL Background Thread 3 ] DEBUG Engine               - isIntroEnabled: false
12:48:26.868 [FXGL Background Thread 3 ] DEBUG Engine               - isLinux: false
12:48:26.868 [FXGL Background Thread 3 ] DEBUG Engine               - isMac: false
12:48:26.868 [FXGL Background Thread 3 ] DEBUG Engine               - isMainMenuEnabled: false
12:48:26.868 [FXGL Background Thread 3 ] DEBUG Engine               - isManualResizeEnabled: false
12:48:26.868 [FXGL Background Thread 3 ] DEBUG Engine               - isMobile: false
12:48:26.868 [FXGL Background Thread 3 ] DEBUG Engine               - isNative: false
12:48:26.868 [FXGL Background Thread 3 ] DEBUG Engine               - isPauseMusicWhenMinimized: true
12:48:26.868 [FXGL Background Thread 3 ] DEBUG Engine               - isPreserveResizeRatio: false
12:48:26.868 [FXGL Background Thread 3 ] DEBUG Engine               - isProfilingEnabled: false
12:48:26.868 [FXGL Background Thread 3 ] DEBUG Engine               - isScaleAffectedOnResize: true
12:48:26.868 [FXGL Background Thread 3 ] DEBUG Engine               - isSingleStep: false
12:48:26.868 [FXGL Background Thread 3 ] DEBUG Engine               - isUserProfileEnabled: false
12:48:26.868 [FXGL Background Thread 3 ] DEBUG Engine               - isWindows: true
12:48:26.868 [FXGL Background Thread 3 ] DEBUG Engine               - language: ObjectProperty [value: ENGLISH]
12:48:26.868 [FXGL Background Thread 3 ] DEBUG Engine               - menuKey: ESCAPE
12:48:26.868 [FXGL Background Thread 3 ] DEBUG Engine               - mouseSensitivity: 0.2
12:48:26.868 [FXGL Background Thread 3 ] DEBUG Engine               - notificationViewClass: class com.almasb.fxgl.notification.view.XboxNotificationView
12:48:26.868 [FXGL Background Thread 3 ] DEBUG Engine               - pixelsPerMeter: 50.0
12:48:26.868 [FXGL Background Thread 3 ] DEBUG Engine               - platform: WINDOWS
12:48:26.868 [FXGL Background Thread 3 ] DEBUG Engine               - prefHeightProperty: ReadOnlyDoubleProperty [value: 520.0]
12:48:26.869 [FXGL Background Thread 3 ] DEBUG Engine               - prefWidthProperty: ReadOnlyDoubleProperty [value: 1280.0]
12:48:26.869 [FXGL Background Thread 3 ] DEBUG Engine               - profileDir: profiles/
12:48:26.869 [FXGL Background Thread 3 ] DEBUG Engine               - profileName: StringProperty [value: DEFAULT]
12:48:26.869 [FXGL Background Thread 3 ] DEBUG Engine               - randomSeed: -1
12:48:26.869 [FXGL Background Thread 3 ] DEBUG Engine               - runtimeInfo: RuntimeInfo(platform=WINDOWS, version=17.3, build=30.03.2023 11.49)
12:48:26.869 [FXGL Background Thread 3 ] DEBUG Engine               - saveFileExt: sav
12:48:26.869 [FXGL Background Thread 3 ] DEBUG Engine               - scaledHeightProp$fxgl: DoubleProperty [bound, value: 520.0]
12:48:26.869 [FXGL Background Thread 3 ] DEBUG Engine               - scaledWidthProp$fxgl: DoubleProperty [bound, value: 1280.0]
12:48:26.869 [FXGL Background Thread 3 ] DEBUG Engine               - sceneFactory: com.almasb.fxgl.app.scene.SceneFactory@72541608
12:48:26.869 [FXGL Background Thread 3 ] DEBUG Engine               - secondsIn24h: 60
12:48:26.869 [FXGL Background Thread 3 ] DEBUG Engine               - soundMenuBack: menu/back.wav
12:48:26.869 [FXGL Background Thread 3 ] DEBUG Engine               - soundMenuPress: menu/press.wav
12:48:26.869 [FXGL Background Thread 3 ] DEBUG Engine               - soundMenuSelect: menu/select.wav
12:48:26.869 [FXGL Background Thread 3 ] DEBUG Engine               - soundNotification: core/notification.wav
12:48:26.869 [FXGL Background Thread 3 ] DEBUG Engine               - stageStyle: DECORATED
12:48:26.869 [FXGL Background Thread 3 ] DEBUG Engine               - supportedLanguages: [ENGLISH, FRENCH, GERMAN, HUNGARIAN, RUSSIAN]
12:48:26.869 [FXGL Background Thread 3 ] DEBUG Engine               - ticksPerSecond: -1
12:48:26.869 [FXGL Background Thread 3 ] DEBUG Engine               - title: Restaurant Simulator
12:48:26.869 [FXGL Background Thread 3 ] DEBUG Engine               - urlGithub: https://github.com/AlmasB/FXGL
12:48:26.869 [FXGL Background Thread 3 ] DEBUG Engine               - urlLeaderboard: http://fxgl-top.herokuapp.com/
12:48:26.869 [FXGL Background Thread 3 ] DEBUG Engine               - urlPOM: https://raw.githubusercontent.com/AlmasB/FXGL/release/README.md
12:48:26.869 [FXGL Background Thread 3 ] DEBUG Engine               - userAppClass: class com.restaurant.application.GameApp
12:48:26.869 [FXGL Background Thread 3 ] DEBUG Engine               - version: 1.0
12:48:26.869 [FXGL Background Thread 3 ] DEBUG Engine               - versionCheckDays: 7
12:48:26.870 [FXGL Background Thread 3 ] DEBUG Engine               - width: 1280
12:48:26.870 [FXGL Background Thread 3 ] DEBUG Engine               - Logging services
12:48:26.870 [FXGL Background Thread 3 ] DEBUG Engine               - class com.almasb.fxgl.app.services.FXGLAssetLoaderService
12:48:26.870 [FXGL Background Thread 3 ] DEBUG Engine               - class com.almasb.fxgl.app.FXGLApplication$GameApplicationService
12:48:26.870 [FXGL Background Thread 3 ] DEBUG Engine               - class com.almasb.fxgl.app.services.FXGLDialogService
12:48:26.870 [FXGL Background Thread 3 ] DEBUG Engine               - class com.almasb.fxgl.app.services.IOTaskExecutorService
12:48:26.870 [FXGL Background Thread 3 ] DEBUG Engine               - class com.almasb.fxgl.io.FileSystemService
12:48:26.870 [FXGL Background Thread 3 ] DEBUG Engine               - class com.almasb.fxgl.localization.LocalizationService
12:48:26.870 [FXGL Background Thread 3 ] DEBUG Engine               - class com.almasb.fxgl.app.services.SystemBundleService
12:48:26.870 [FXGL Background Thread 3 ] DEBUG Engine               - class com.almasb.fxgl.profile.SaveLoadService
12:48:26.870 [FXGL Background Thread 3 ] DEBUG Engine               - class com.almasb.fxgl.ui.FXGLUIFactoryServiceProvider
12:48:26.870 [FXGL Background Thread 3 ] DEBUG Engine               - class com.almasb.fxgl.ui.FXGLDialogFactoryServiceProvider
12:48:26.870 [FXGL Background Thread 3 ] DEBUG Engine               - class com.almasb.fxgl.audio.AudioPlayer
12:48:26.870 [FXGL Background Thread 3 ] DEBUG Engine               - class com.almasb.fxgl.notification.impl.NotificationServiceProvider
12:48:26.870 [FXGL Background Thread 3 ] DEBUG Engine               - class com.almasb.fxgl.achievement.AchievementService
12:48:26.870 [FXGL Background Thread 3 ] DEBUG Engine               - class com.almasb.fxgl.cutscene.CutsceneService
12:48:26.870 [FXGL Background Thread 3 ] DEBUG Engine               - class com.almasb.fxgl.minigames.MiniGameService
12:48:26.870 [FXGL Background Thread 3 ] DEBUG Engine               - class com.almasb.fxgl.net.NetService
12:48:26.870 [FXGL Background Thread 3 ] DEBUG Engine               - class com.almasb.fxgl.app.services.UpdaterService
12:48:26.870 [FXGL Background Thread 3 ] DEBUG Engine               - class com.almasb.fxgl.dev.DevService
12:49:38.933 [JavaFX Application Thread] DEBUG FXGLApplication      - Exiting FXGL
12:49:38.933 [JavaFX Application Thread] DEBUG LoopRunner           - Stopping loop
12:49:38.933 [JavaFX Application Thread] DEBUG SystemBundleService  - Saving FXGL system data
12:49:38.935 [JavaFX Application Thread] DEBUG FileSystemAccess     - Writing to: C:\Users\JOSELYN KATO\Simulador-Restaurant\system\fxgl.bundle
12:49:38.935 [JavaFX Application Thread] DEBUG Async                - Shutting down background threads
12:49:38.936 [JavaFX Application Thread] DEBUG PrimaryStageWindow   - Closing main window
12:49:38.946 [JavaFX Application Thread] DEBUG Logger               - Closing Logger
