17:52:53.589 [main                     ] DEBUG Logger               - Configured Logger
17:52:53.617 [main                     ] DEBUG GameApplication      - Logging settings
Title: Restaurant Simulator
Version: 1.0
Width: 1280
Height: 720
Fullscreen: false
Intro: false
Profiling: false
Single step:false
App Mode: DEVELOPER
Menu Key: ESCAPE
Stage Style: DECORATED
Scene Factory: class com.almasb.fxgl.app.scene.SceneFactory

17:52:54.159 [JavaFX Application Thread] DEBUG FXGLApplication      - Initializing FXGL
17:52:54.162 [JavaFX Application Thread] INFO  Engine               - FXGL-17.3 (30.03.2023 11.49) on LINUX (J:21.0.5 FX:21)
17:52:54.162 [JavaFX Application Thread] DEBUG Engine               - JRE Vendor Name: Amazon.com Inc.
17:52:54.162 [JavaFX Application Thread] DEBUG Engine               - Running on OS: Linux version 6.8.0-49-generic
17:52:54.163 [JavaFX Application Thread] DEBUG Engine               - Architecture: amd64
17:52:54.163 [JavaFX Application Thread] INFO  Engine               - Source code and latest versions at: https://github.com/AlmasB/FXGL
17:52:54.163 [JavaFX Application Thread] INFO  Engine               -       Ask questions and discuss at: https://github.com/AlmasB/FXGL/discussions
17:52:54.163 [JavaFX Application Thread] INFO  Engine               -              Join the FXGL chat at: https://gitter.im/AlmasB/FXGL
17:52:54.276 [JavaFX Application Thread] DEBUG PrimaryStageWindow   - Creating a JavaFX scene
17:52:54.375 [JavaFX Application Thread] DEBUG PrimaryStageWindow   - Target settings size: 1280.0 x 720.0
17:52:54.376 [JavaFX Application Thread] DEBUG PrimaryStageWindow   - Scaled scene size:    1280.0 x 720.0
17:52:54.376 [JavaFX Application Thread] DEBUG PrimaryStageWindow   - Scaled ratio: (1.0, 1.0)
17:52:54.377 [JavaFX Application Thread] DEBUG PrimaryStageWindow   - Set initial scene to FXGLStartupScene
17:52:54.379 [JavaFX Application Thread] DEBUG PrimaryStageWindow   - Opening main window
17:52:54.414 [JavaFX Application Thread] DEBUG PrimaryStageWindow   - Window border size: (0.0, 35.0)
17:52:54.415 [JavaFX Application Thread] DEBUG PrimaryStageWindow   - Scaled size: 1280.0 x 685.0
17:52:54.415 [JavaFX Application Thread] DEBUG PrimaryStageWindow   - Scaled ratio: (1.0, 0.9513888888888888)
17:52:54.415 [JavaFX Application Thread] DEBUG PrimaryStageWindow   - Scene size: 1280.0 x 720.0
17:52:54.416 [JavaFX Application Thread] DEBUG PrimaryStageWindow   - Stage size: 1280.0 x 720.0
17:52:54.421 [FXGL Background Thread 1 ] DEBUG Engine               - Initializing environment variables
17:52:54.456 [FXGL Background Thread 1 ] DEBUG FXGLAssetLoaderServi - User app class for loading assets: class com.restaurant.application.GameApp
17:52:54.456 [FXGL Background Thread 1 ] DEBUG GameApplicationServi - Applying CSS: fxgl_dark.css
17:52:54.457 [FXGL Background Thread 1 ] DEBUG FXGLAssetLoaderServi - Loading from file system: jar:file:/home/khars/.m2/repository/com/github/almasb/fxgl/17.3/fxgl-17.3.jar!/fxglassets/ui/css/fxgl_dark.css
17:52:54.512 [FXGL Background Thread 1 ] DEBUG GameApplicationServi - Initializing application scenes
17:52:54.562 [FXGL Background Thread 1 ] DEBUG GameWorld            - Game world initialized
17:52:54.631 [FXGL Background Thread 1 ] DEBUG PhysicsWorld         - Physics world initialized: appHeight=720, physics.ppm=50,0
17:52:54.631 [FXGL Background Thread 1 ] DEBUG PhysicsWorld         - Using strategy: BRUTE_FORCE
17:52:54.636 [FXGL Background Thread 1 ] DEBUG GameScene            - Game scene initialized: 1280x720
17:52:54.649 [FXGL Background Thread 1 ] DEBUG FXGL.DefaultMenu     - createMenuBodyGameMenu()
17:52:54.666 [FXGL Background Thread 1 ] DEBUG FXGL.DefaultMenu     - createOptionsMenu()
17:52:54.677 [FXGL Background Thread 1 ] DEBUG FXGLAssetLoaderServi - Loading from file system: jar:file:/home/khars/.m2/repository/com/github/almasb/fxgl/17.3/fxgl-17.3.jar!/fxglassets/textures/particles/smoke.png
17:52:54.779 [FXGL Background Thread 1 ] DEBUG FXGLAssetLoaderServi - Loading from file system: jar:file:/home/khars/.m2/repository/com/github/almasb/fxgl/17.3/fxgl-17.3.jar!/fxglassets/textures/particles/trace_horizontal.png
17:52:54.821 [FXGL Background Thread 1 ] DEBUG GameApplicationServi - Application scenes initialized
17:52:54.835 [FXGL Background Thread 1 ] DEBUG SystemBundleService  - Loading FXGL system data
17:52:54.836 [FXGL Background Thread 1 ] DEBUG FileSystemAccess     - Reading from: /home/khars/IdeaProjects/SImulador-2/system/fxgl.bundle
17:52:54.839 [FXGL Background Thread 1 ] DEBUG SystemBundleService  - Bundle FXGL: {}
17:52:54.839 [FXGL Background Thread 1 ] DEBUG UpdaterService       - Checking for updates
17:52:54.842 [FXGL Background Thread 4 ] DEBUG FXGLApplication      - Loading fonts
17:52:54.842 [FXGL Background Thread 4 ] DEBUG FXGLAssetLoaderServi - Loading from file system: jar:file:/home/khars/.m2/repository/com/github/almasb/fxgl/17.3/fxgl-17.3.jar!/fxglassets/ui/fonts/VarelaRound-Regular.ttf
17:52:54.843 [FXGL Background Thread 1 ] DEBUG FXGLApplication      - Loading default localization
17:52:54.844 [FXGL Background Thread 1 ] DEBUG FXGLAssetLoaderServi - Loading from file system: jar:file:/home/khars/.m2/repository/com/github/almasb/fxgl/17.3/fxgl-17.3.jar!/fxglassets/languages/english.lang
17:52:54.857 [FXGL Background Thread 4 ] DEBUG FXGLAssetLoaderServi - Loading from file system: jar:file:/home/khars/.m2/repository/com/github/almasb/fxgl/17.3/fxgl-17.3.jar!/fxglassets/ui/fonts/Abel-Regular.ttf
17:52:54.859 [FXGL Background Thread 4 ] DEBUG FXGLAssetLoaderServi - Loading from file system: jar:file:/home/khars/.m2/repository/com/github/almasb/fxgl/17.3/fxgl-17.3.jar!/fxglassets/ui/fonts/TerminalLandMono-Regular.otf
17:52:54.861 [FXGL Background Thread 4 ] DEBUG FXGLAssetLoaderServi - Loading from file system: jar:file:/home/khars/.m2/repository/com/github/almasb/fxgl/17.3/fxgl-17.3.jar!/fxglassets/ui/fonts/Courier-Prime.ttf
17:52:54.870 [JavaFX Application Thread] DEBUG FXGLApplication      - Registering font factories with UI factory
17:52:54.872 [FXGL Background Thread 1 ] INFO  FXGLApplication      - FXGL initialization took: 0,451 sec
17:52:54.873 [JavaFX Application Thread] DEBUG FXGLAssetLoaderServi - Loading from file system: jar:file:/home/khars/.m2/repository/com/github/almasb/fxgl/17.3/fxgl-17.3.jar!/fxglassets/textures/fxgl_icon.png
17:52:54.893 [JavaFX Application Thread] DEBUG FXGLAssetLoaderServi - Loading from file system: jar:file:/home/khars/.m2/repository/com/github/almasb/fxgl/17.3/fxgl-17.3.jar!/fxglassets/textures/fxgl_default_cursor.png
17:52:54.906 [JavaFX Application Thread] DEBUG Input                - Registered new binding: Screenshot - CTRL+8
17:52:54.907 [JavaFX Application Thread] DEBUG Input                - Registered new binding: System info dump - CTRL+9
17:52:54.907 [JavaFX Application Thread] DEBUG Input                - Registered new binding: Restart - CTRL+R
17:52:54.908 [JavaFX Application Thread] DEBUG Input                - Registered new binding: Toggle Debug Camera - CTRL+7
17:52:54.910 [JavaFX Application Thread] DEBUG LoopRunner           - Starting loop
17:52:54.910 [JavaFX Application Thread] DEBUG LoopRunner           - Initializing JavaFX AnimationTimerLoop
17:52:54.911 [JavaFX Application Thread] DEBUG GameApplicationServi - Starting new game
17:52:54.912 [JavaFX Application Thread] DEBUG Input                - Clearing active input actions
17:52:54.925 [JavaFX Application Thread] DEBUG GameApplicationServi - Removing overlay from FXGLStartupScene and adding to FXGLLoadingScene
17:52:54.925 [JavaFX Application Thread] DEBUG PrimaryStageWindow   - FXGLStartupScene -> FXGLLoadingScene
17:52:54.925 [JavaFX Application Thread] DEBUG GameApplicationServi - Clearing previous game
17:52:54.926 [JavaFX Application Thread] DEBUG GameScene            - Clearing game scene
17:52:54.926 [JavaFX Application Thread] DEBUG GameWorld            - Clearing game world
17:52:54.926 [JavaFX Application Thread] DEBUG PhysicsWorld         - Clearing physics world
17:52:54.927 [FXGL Background Thread 1 ] DEBUG FXGLApplication      - Initializing game
17:52:54.978 [FXGL Background Thread 1 ] INFO  FXGLApplication      - Game initialization took: 0,051 sec
17:52:55.025 [JavaFX Application Thread] DEBUG Input                - Clearing active input actions
17:52:55.040 [JavaFX Application Thread] DEBUG GameApplicationServi - Removing overlay from FXGLLoadingScene and adding to GameScene
17:52:55.040 [JavaFX Application Thread] DEBUG PrimaryStageWindow   - FXGLLoadingScene -> GameScene
17:52:55.373 [FXGL Background Thread 2 ] INFO  UpdaterService       - Your current version:  17.3
17:52:55.373 [FXGL Background Thread 2 ] INFO  UpdaterService       - Latest stable version: 21.1
17:52:57.841 [FXGL Background Thread 3 ] DEBUG Engine               - Logging environment variables
17:52:57.841 [FXGL Background Thread 3 ] DEBUG Engine               - achievements: []
17:52:57.841 [FXGL Background Thread 3 ] DEBUG Engine               - actualHeight: 685.0
17:52:57.842 [FXGL Background Thread 3 ] DEBUG Engine               - actualHeightProperty: ReadOnlyDoubleProperty [value: 715.0]
17:52:57.842 [FXGL Background Thread 3 ] DEBUG Engine               - actualWidth: 1280.0
17:52:57.842 [FXGL Background Thread 3 ] DEBUG Engine               - actualWidthProperty: ReadOnlyDoubleProperty [value: 1280.0]
17:52:57.842 [FXGL Background Thread 3 ] DEBUG Engine               - appIcon: fxgl_icon.png
17:52:57.842 [FXGL Background Thread 3 ] DEBUG Engine               - applicationMode: DEVELOPER
17:52:57.842 [FXGL Background Thread 3 ] DEBUG Engine               - cSSList: [fxgl_dark.css]
17:52:57.842 [FXGL Background Thread 3 ] DEBUG Engine               - collisionDetectionStrategy: BRUTE_FORCE
17:52:57.842 [FXGL Background Thread 3 ] DEBUG Engine               - configClass: Optional.empty
17:52:57.842 [FXGL Background Thread 3 ] DEBUG Engine               - credits: []
17:52:57.842 [FXGL Background Thread 3 ] DEBUG Engine               - defaultCursor: CursorInfo(imageName=fxgl_default_cursor.png, hotspotX=7.0, hotspotY=6.0)
17:52:57.842 [FXGL Background Thread 3 ] DEBUG Engine               - devBBoxColorProperty: ObjectProperty [value: 0xff0000ff]
17:52:57.843 [FXGL Background Thread 3 ] DEBUG Engine               - devEnableDebugCameraProperty: BooleanProperty [value: false]
17:52:57.843 [FXGL Background Thread 3 ] DEBUG Engine               - devSensorColorProperty: ObjectProperty [value: 0xffff00ff]
17:52:57.843 [FXGL Background Thread 3 ] DEBUG Engine               - devShowBBoxProperty: BooleanProperty [value: false]
17:52:57.843 [FXGL Background Thread 3 ] DEBUG Engine               - devShowPositionProperty: BooleanProperty [value: false]
17:52:57.843 [FXGL Background Thread 3 ] DEBUG Engine               - enabledMenuItems: []
17:52:57.843 [FXGL Background Thread 3 ] DEBUG Engine               - engineServices: [class com.almasb.fxgl.app.services.FXGLAssetLoaderService, class com.almasb.fxgl.app.FXGLApplication$GameApplicationService, class com.almasb.fxgl.app.services.FXGLDialogService, class com.almasb.fxgl.app.services.IOTaskExecutorService, class com.almasb.fxgl.io.FileSystemService, class com.almasb.fxgl.localization.LocalizationService, class com.almasb.fxgl.app.services.SystemBundleService, class com.almasb.fxgl.profile.SaveLoadService, class com.almasb.fxgl.ui.FXGLUIFactoryServiceProvider, class com.almasb.fxgl.ui.FXGLDialogFactoryServiceProvider, class com.almasb.fxgl.audio.AudioPlayer, class com.almasb.fxgl.notification.impl.NotificationServiceProvider, class com.almasb.fxgl.achievement.AchievementService, class com.almasb.fxgl.cutscene.CutsceneService, class com.almasb.fxgl.minigames.MiniGameService, class com.almasb.fxgl.net.NetService, class com.almasb.fxgl.app.services.UpdaterService, class com.almasb.fxgl.dev.DevService]
17:52:57.843 [FXGL Background Thread 3 ] DEBUG Engine               - fontGame: Abel-Regular.ttf
17:52:57.843 [FXGL Background Thread 3 ] DEBUG Engine               - fontMono: TerminalLandMono-Regular.otf
17:52:57.843 [FXGL Background Thread 3 ] DEBUG Engine               - fontSizeScaleUI: 1.0
17:52:57.843 [FXGL Background Thread 3 ] DEBUG Engine               - fontText: Courier-Prime.ttf
17:52:57.843 [FXGL Background Thread 3 ] DEBUG Engine               - fontUI: VarelaRound-Regular.ttf
17:52:57.843 [FXGL Background Thread 3 ] DEBUG Engine               - fullScreen: BooleanProperty [value: false]
17:52:57.843 [FXGL Background Thread 3 ] DEBUG Engine               - gameDifficulty: MEDIUM
17:52:57.843 [FXGL Background Thread 3 ] DEBUG Engine               - gameDifficultyProperty: ObjectProperty [value: MEDIUM]
17:52:57.843 [FXGL Background Thread 3 ] DEBUG Engine               - globalMusicVolume: 0.5
17:52:57.843 [FXGL Background Thread 3 ] DEBUG Engine               - globalMusicVolumeProperty: DoubleProperty [value: 0.5]
17:52:57.843 [FXGL Background Thread 3 ] DEBUG Engine               - globalSoundVolume: 0.5
17:52:57.843 [FXGL Background Thread 3 ] DEBUG Engine               - globalSoundVolumeProperty: DoubleProperty [value: 0.5]
17:52:57.844 [FXGL Background Thread 3 ] DEBUG Engine               - height: 720
17:52:57.844 [FXGL Background Thread 3 ] DEBUG Engine               - is3D: false
17:52:57.844 [FXGL Background Thread 3 ] DEBUG Engine               - isAndroid: false
17:52:57.844 [FXGL Background Thread 3 ] DEBUG Engine               - isBrowser: false
17:52:57.844 [FXGL Background Thread 3 ] DEBUG Engine               - isClickFeedbackEnabled: false
17:52:57.844 [FXGL Background Thread 3 ] DEBUG Engine               - isCloseConfirmation: false
17:52:57.844 [FXGL Background Thread 3 ] DEBUG Engine               - isDesktop: true
17:52:57.844 [FXGL Background Thread 3 ] DEBUG Engine               - isDeveloperMenuEnabled: false
17:52:57.844 [FXGL Background Thread 3 ] DEBUG Engine               - isEmbedded: false
17:52:57.844 [FXGL Background Thread 3 ] DEBUG Engine               - isEntityPreloadEnabled: true
17:52:57.844 [FXGL Background Thread 3 ] DEBUG Engine               - isExperimentalTiledLargeMap: false
17:52:57.844 [FXGL Background Thread 3 ] DEBUG Engine               - isFileSystemWriteAllowed: true
17:52:57.844 [FXGL Background Thread 3 ] DEBUG Engine               - isFullScreenAllowed: false
17:52:57.844 [FXGL Background Thread 3 ] DEBUG Engine               - isFullScreenFromStart: false
17:52:57.844 [FXGL Background Thread 3 ] DEBUG Engine               - isGameMenuEnabled: true
17:52:57.844 [FXGL Background Thread 3 ] DEBUG Engine               - isIOS: false
17:52:57.844 [FXGL Background Thread 3 ] DEBUG Engine               - isIntroEnabled: false
17:52:57.844 [FXGL Background Thread 3 ] DEBUG Engine               - isLinux: true
17:52:57.844 [FXGL Background Thread 3 ] DEBUG Engine               - isMac: false
17:52:57.844 [FXGL Background Thread 3 ] DEBUG Engine               - isMainMenuEnabled: false
17:52:57.844 [FXGL Background Thread 3 ] DEBUG Engine               - isManualResizeEnabled: false
17:52:57.844 [FXGL Background Thread 3 ] DEBUG Engine               - isMobile: false
17:52:57.845 [FXGL Background Thread 3 ] DEBUG Engine               - isNative: false
17:52:57.845 [FXGL Background Thread 3 ] DEBUG Engine               - isPauseMusicWhenMinimized: true
17:52:57.845 [FXGL Background Thread 3 ] DEBUG Engine               - isPreserveResizeRatio: false
17:52:57.845 [FXGL Background Thread 3 ] DEBUG Engine               - isProfilingEnabled: false
17:52:57.845 [FXGL Background Thread 3 ] DEBUG Engine               - isScaleAffectedOnResize: true
17:52:57.845 [FXGL Background Thread 3 ] DEBUG Engine               - isSingleStep: false
17:52:57.845 [FXGL Background Thread 3 ] DEBUG Engine               - isUserProfileEnabled: false
17:52:57.845 [FXGL Background Thread 3 ] DEBUG Engine               - isWindows: false
17:52:57.845 [FXGL Background Thread 3 ] DEBUG Engine               - language: ObjectProperty [value: ENGLISH]
17:52:57.845 [FXGL Background Thread 3 ] DEBUG Engine               - menuKey: ESCAPE
17:52:57.845 [FXGL Background Thread 3 ] DEBUG Engine               - mouseSensitivity: 0.2
17:52:57.845 [FXGL Background Thread 3 ] DEBUG Engine               - notificationViewClass: class com.almasb.fxgl.notification.view.XboxNotificationView
17:52:57.845 [FXGL Background Thread 3 ] DEBUG Engine               - pixelsPerMeter: 50.0
17:52:57.845 [FXGL Background Thread 3 ] DEBUG Engine               - platform: LINUX
17:52:57.845 [FXGL Background Thread 3 ] DEBUG Engine               - prefHeightProperty: ReadOnlyDoubleProperty [value: 720.0]
17:52:57.845 [FXGL Background Thread 3 ] DEBUG Engine               - prefWidthProperty: ReadOnlyDoubleProperty [value: 1280.0]
17:52:57.845 [FXGL Background Thread 3 ] DEBUG Engine               - profileDir: profiles/
17:52:57.845 [FXGL Background Thread 3 ] DEBUG Engine               - profileName: StringProperty [value: DEFAULT]
17:52:57.845 [FXGL Background Thread 3 ] DEBUG Engine               - randomSeed: -1
17:52:57.846 [FXGL Background Thread 3 ] DEBUG Engine               - runtimeInfo: RuntimeInfo(platform=LINUX, version=17.3, build=30.03.2023 11.49)
17:52:57.846 [FXGL Background Thread 3 ] DEBUG Engine               - saveFileExt: sav
17:52:57.846 [FXGL Background Thread 3 ] DEBUG Engine               - scaledHeightProp$fxgl: DoubleProperty [bound, value: 715.0]
17:52:57.846 [FXGL Background Thread 3 ] DEBUG Engine               - scaledWidthProp$fxgl: DoubleProperty [bound, value: 1280.0]
17:52:57.846 [FXGL Background Thread 3 ] DEBUG Engine               - sceneFactory: com.almasb.fxgl.app.scene.SceneFactory@357f9bd0
17:52:57.846 [FXGL Background Thread 3 ] DEBUG Engine               - secondsIn24h: 60
17:52:57.846 [FXGL Background Thread 3 ] DEBUG Engine               - soundMenuBack: menu/back.wav
17:52:57.846 [FXGL Background Thread 3 ] DEBUG Engine               - soundMenuPress: menu/press.wav
17:52:57.846 [FXGL Background Thread 3 ] DEBUG Engine               - soundMenuSelect: menu/select.wav
17:52:57.846 [FXGL Background Thread 3 ] DEBUG Engine               - soundNotification: core/notification.wav
17:52:57.846 [FXGL Background Thread 3 ] DEBUG Engine               - stageStyle: DECORATED
17:52:57.846 [FXGL Background Thread 3 ] DEBUG Engine               - supportedLanguages: [ENGLISH, FRENCH, GERMAN, HUNGARIAN, RUSSIAN]
17:52:57.846 [FXGL Background Thread 3 ] DEBUG Engine               - ticksPerSecond: -1
17:52:57.846 [FXGL Background Thread 3 ] DEBUG Engine               - title: Restaurant Simulator
17:52:57.846 [FXGL Background Thread 3 ] DEBUG Engine               - urlGithub: https://github.com/AlmasB/FXGL
17:52:57.846 [FXGL Background Thread 3 ] DEBUG Engine               - urlLeaderboard: http://fxgl-top.herokuapp.com/
17:52:57.846 [FXGL Background Thread 3 ] DEBUG Engine               - urlPOM: https://raw.githubusercontent.com/AlmasB/FXGL/release/README.md
17:52:57.846 [FXGL Background Thread 3 ] DEBUG Engine               - userAppClass: class com.restaurant.application.GameApp
17:52:57.846 [FXGL Background Thread 3 ] DEBUG Engine               - version: 1.0
17:52:57.846 [FXGL Background Thread 3 ] DEBUG Engine               - versionCheckDays: 7
17:52:57.846 [FXGL Background Thread 3 ] DEBUG Engine               - width: 1280
17:52:57.846 [FXGL Background Thread 3 ] DEBUG Engine               - Logging services
17:52:57.846 [FXGL Background Thread 3 ] DEBUG Engine               - class com.almasb.fxgl.app.services.FXGLAssetLoaderService
17:52:57.847 [FXGL Background Thread 3 ] DEBUG Engine               - class com.almasb.fxgl.app.FXGLApplication$GameApplicationService
17:52:57.847 [FXGL Background Thread 3 ] DEBUG Engine               - class com.almasb.fxgl.app.services.FXGLDialogService
17:52:57.847 [FXGL Background Thread 3 ] DEBUG Engine               - class com.almasb.fxgl.app.services.IOTaskExecutorService
17:52:57.847 [FXGL Background Thread 3 ] DEBUG Engine               - class com.almasb.fxgl.io.FileSystemService
17:52:57.847 [FXGL Background Thread 3 ] DEBUG Engine               - class com.almasb.fxgl.localization.LocalizationService
17:52:57.847 [FXGL Background Thread 3 ] DEBUG Engine               - class com.almasb.fxgl.app.services.SystemBundleService
17:52:57.847 [FXGL Background Thread 3 ] DEBUG Engine               - class com.almasb.fxgl.profile.SaveLoadService
17:52:57.847 [FXGL Background Thread 3 ] DEBUG Engine               - class com.almasb.fxgl.ui.FXGLUIFactoryServiceProvider
17:52:57.847 [FXGL Background Thread 3 ] DEBUG Engine               - class com.almasb.fxgl.ui.FXGLDialogFactoryServiceProvider
17:52:57.847 [FXGL Background Thread 3 ] DEBUG Engine               - class com.almasb.fxgl.audio.AudioPlayer
17:52:57.847 [FXGL Background Thread 3 ] DEBUG Engine               - class com.almasb.fxgl.notification.impl.NotificationServiceProvider
17:52:57.847 [FXGL Background Thread 3 ] DEBUG Engine               - class com.almasb.fxgl.achievement.AchievementService
17:52:57.847 [FXGL Background Thread 3 ] DEBUG Engine               - class com.almasb.fxgl.cutscene.CutsceneService
17:52:57.847 [FXGL Background Thread 3 ] DEBUG Engine               - class com.almasb.fxgl.minigames.MiniGameService
17:52:57.847 [FXGL Background Thread 3 ] DEBUG Engine               - class com.almasb.fxgl.net.NetService
17:52:57.847 [FXGL Background Thread 3 ] DEBUG Engine               - class com.almasb.fxgl.app.services.UpdaterService
17:52:57.847 [FXGL Background Thread 3 ] DEBUG Engine               - class com.almasb.fxgl.dev.DevService
17:53:28.791 [Thread-3                 ] DEBUG LoopRunner           - Stopping loop
17:53:28.793 [Thread-3                 ] FATAL FXGLApplication      - Uncaught Exception:
java.lang.IllegalStateException: Not on FX application thread; currentThread = Thread-3
	at com.sun.javafx.tk.Toolkit.checkFxUserThread(Toolkit.java:294)
	at com.sun.javafx.tk.quantum.QuantumToolkit.checkFxUserThread(QuantumToolkit.java:475)
	at javafx.scene.Parent$3.onProposedChange(Parent.java:475)
	at com.sun.javafx.collections.VetoableListDecorator.setAll(VetoableListDecorator.java:116)
	at com.sun.javafx.collections.VetoableListDecorator.setAll(VetoableListDecorator.java:110)
	at javafx.scene.control.skin.LabeledSkinBase.updateChildren(LabeledSkinBase.java:282)
	at javafx.scene.control.skin.LabeledSkinBase.lambda$new$11(LabeledSkinBase.java:219)
	at com.sun.javafx.scene.control.LambdaMultiplePropertyChangeListenerHandler.lambda$new$1(LambdaMultiplePropertyChangeListenerHandler.java:88)
	at javafx.beans.value.WeakChangeListener.changed(WeakChangeListener.java:86)
	at com.sun.javafx.binding.ExpressionHelper$SingleChange.fireValueChangedEvent(ExpressionHelper.java:192)
	at com.sun.javafx.binding.ExpressionHelper.fireValueChangedEvent(ExpressionHelper.java:91)
	at javafx.beans.property.StringPropertyBase.fireValueChangedEvent(StringPropertyBase.java:104)
	at javafx.beans.property.StringPropertyBase.markInvalid(StringPropertyBase.java:111)
	at javafx.beans.property.StringPropertyBase$Listener.invalidated(StringPropertyBase.java:231)
	at com.sun.javafx.binding.ExpressionHelper$SingleInvalidation.fireValueChangedEvent(ExpressionHelper.java:147)
	at com.sun.javafx.binding.ExpressionHelper.fireValueChangedEvent(ExpressionHelper.java:91)
	at javafx.beans.binding.StringBinding.invalidate(StringBinding.java:181)
	at com.sun.javafx.binding.BindingHelperObserver.invalidated(BindingHelperObserver.java:52)
	at com.sun.javafx.binding.ExpressionHelper$SingleInvalidation.fireValueChangedEvent(ExpressionHelper.java:147)
	at com.sun.javafx.binding.ExpressionHelper.fireValueChangedEvent(ExpressionHelper.java:91)
	at javafx.beans.property.IntegerPropertyBase.fireValueChangedEvent(IntegerPropertyBase.java:107)
	at javafx.beans.property.IntegerPropertyBase.markInvalid(IntegerPropertyBase.java:114)
	at javafx.beans.property.IntegerPropertyBase.set(IntegerPropertyBase.java:148)
	at com.restaurant.domain.models.CustomerStats.incrementWaitingForTable(CustomerStats.java:19)
	at com.restaurant.domain.entities.Receptionist.handleCustomer(Receptionist.java:85)
	at com.restaurant.domain.entities.Receptionist.lambda$startReceptionistBehavior$0(Receptionist.java:40)
	at java.base/java.lang.Thread.run(Thread.java:1583)

17:53:28.793 [Thread-3                 ] FATAL FXGLApplication      - Application will now exit
17:53:28.809 [Thread-3                 ] DEBUG PrimaryStageWindow   - Push state: ErrorSubScene
17:53:28.809 [Thread-3                 ] DEBUG Input                - Clearing active input actions
17:53:37.871 [JavaFX Application Thread] DEBUG FXGLApplication      - Exiting FXGL
17:53:37.871 [JavaFX Application Thread] DEBUG Async                - Shutting down background threads
17:53:37.872 [JavaFX Application Thread] DEBUG PrimaryStageWindow   - Closing main window
17:53:37.874 [JavaFX Application Thread] DEBUG Logger               - Closing Logger
