15:44:50.515 [main                     ] DEBUG Logger               - Configured Logger
15:44:50.547 [main                     ] DEBUG GameApplication      - Logging settings
Title: Restaurant Simulator
Version: 1.0
Width: 1280
Height: 520
Fullscreen: false
Intro: false
Profiling: false
Single step:false
App Mode: DEVELOPER
Menu Key: ESCAPE
Stage Style: DECORATED
Scene Factory: class com.almasb.fxgl.app.scene.SceneFactory

15:44:51.066 [JavaFX Application Thread] DEBUG FXGLApplication      - Initializing FXGL
15:44:51.071 [JavaFX Application Thread] INFO  Engine               - FXGL-17.3 (30.03.2023 11.49) on LINUX (J:21.0.5 FX:21)
15:44:51.071 [JavaFX Application Thread] DEBUG Engine               - JRE Vendor Name: Amazon.com Inc.
15:44:51.071 [JavaFX Application Thread] DEBUG Engine               - Running on OS: Linux version 6.8.0-49-generic
15:44:51.072 [JavaFX Application Thread] DEBUG Engine               - Architecture: amd64
15:44:51.072 [JavaFX Application Thread] INFO  Engine               - Source code and latest versions at: https://github.com/AlmasB/FXGL
15:44:51.072 [JavaFX Application Thread] INFO  Engine               -       Ask questions and discuss at: https://github.com/AlmasB/FXGL/discussions
15:44:51.072 [JavaFX Application Thread] INFO  Engine               -              Join the FXGL chat at: https://gitter.im/AlmasB/FXGL
15:44:51.203 [JavaFX Application Thread] DEBUG PrimaryStageWindow   - Creating a JavaFX scene
15:44:51.306 [JavaFX Application Thread] DEBUG PrimaryStageWindow   - Target settings size: 1280.0 x 520.0
15:44:51.307 [JavaFX Application Thread] DEBUG PrimaryStageWindow   - Scaled scene size:    1280.0 x 520.0
15:44:51.307 [JavaFX Application Thread] DEBUG PrimaryStageWindow   - Scaled ratio: (1.0, 1.0)
15:44:51.308 [JavaFX Application Thread] DEBUG PrimaryStageWindow   - Set initial scene to FXGLStartupScene
15:44:51.311 [JavaFX Application Thread] DEBUG PrimaryStageWindow   - Opening main window
15:44:51.352 [JavaFX Application Thread] DEBUG PrimaryStageWindow   - Window border size: (0.0, 35.0)
15:44:51.352 [JavaFX Application Thread] DEBUG PrimaryStageWindow   - Scaled size: 1280.0 x 485.0
15:44:51.352 [JavaFX Application Thread] DEBUG PrimaryStageWindow   - Scaled ratio: (1.0, 0.9326923076923077)
15:44:51.353 [JavaFX Application Thread] DEBUG PrimaryStageWindow   - Scene size: 1280.0 x 520.0
15:44:51.353 [JavaFX Application Thread] DEBUG PrimaryStageWindow   - Stage size: 1280.0 x 520.0
15:44:51.359 [FXGL Background Thread 1 ] DEBUG Engine               - Initializing environment variables
15:44:51.399 [FXGL Background Thread 1 ] DEBUG FXGLAssetLoaderServi - User app class for loading assets: class com.restaurant.application.GameApp
15:44:51.399 [FXGL Background Thread 1 ] DEBUG GameApplicationServi - Applying CSS: fxgl_dark.css
15:44:51.400 [FXGL Background Thread 1 ] DEBUG FXGLAssetLoaderServi - Loading from file system: jar:file:/home/khars/.m2/repository/com/github/almasb/fxgl/17.3/fxgl-17.3.jar!/fxglassets/ui/css/fxgl_dark.css
15:44:51.449 [FXGL Background Thread 1 ] DEBUG GameApplicationServi - Initializing application scenes
15:44:51.488 [FXGL Background Thread 1 ] DEBUG GameWorld            - Game world initialized
15:44:51.560 [FXGL Background Thread 1 ] DEBUG PhysicsWorld         - Physics world initialized: appHeight=520, physics.ppm=50,0
15:44:51.560 [FXGL Background Thread 1 ] DEBUG PhysicsWorld         - Using strategy: BRUTE_FORCE
15:44:51.565 [FXGL Background Thread 1 ] DEBUG GameScene            - Game scene initialized: 1280x520
15:44:51.578 [FXGL Background Thread 1 ] WARN  FXGL.DefaultMenu     - FXGLDefaultMenu is not designed for resolutions < 800x600
15:44:51.579 [FXGL Background Thread 1 ] DEBUG FXGL.DefaultMenu     - createMenuBodyGameMenu()
15:44:51.595 [FXGL Background Thread 1 ] DEBUG FXGL.DefaultMenu     - createOptionsMenu()
15:44:51.604 [FXGL Background Thread 1 ] DEBUG FXGLAssetLoaderServi - Loading from file system: jar:file:/home/khars/.m2/repository/com/github/almasb/fxgl/17.3/fxgl-17.3.jar!/fxglassets/textures/particles/smoke.png
15:44:51.702 [FXGL Background Thread 1 ] DEBUG FXGLAssetLoaderServi - Loading from file system: jar:file:/home/khars/.m2/repository/com/github/almasb/fxgl/17.3/fxgl-17.3.jar!/fxglassets/textures/particles/trace_horizontal.png
15:44:51.743 [FXGL Background Thread 1 ] DEBUG GameApplicationServi - Application scenes initialized
15:44:51.760 [FXGL Background Thread 1 ] DEBUG SystemBundleService  - Loading FXGL system data
15:44:51.761 [FXGL Background Thread 1 ] DEBUG FileSystemAccess     - Reading from: /home/khars/IdeaProjects/Simulador-Restaurant/system/fxgl.bundle
15:44:51.765 [FXGL Background Thread 1 ] DEBUG SystemBundleService  - Bundle FXGL: {}
15:44:51.765 [FXGL Background Thread 1 ] DEBUG UpdaterService       - Checking for updates
15:44:51.769 [FXGL Background Thread 4 ] DEBUG FXGLApplication      - Loading fonts
15:44:51.770 [FXGL Background Thread 4 ] DEBUG FXGLAssetLoaderServi - Loading from file system: jar:file:/home/khars/.m2/repository/com/github/almasb/fxgl/17.3/fxgl-17.3.jar!/fxglassets/ui/fonts/VarelaRound-Regular.ttf
15:44:51.770 [FXGL Background Thread 1 ] DEBUG FXGLApplication      - Loading default localization
15:44:51.771 [FXGL Background Thread 1 ] DEBUG FXGLAssetLoaderServi - Loading from file system: jar:file:/home/khars/.m2/repository/com/github/almasb/fxgl/17.3/fxgl-17.3.jar!/fxglassets/languages/english.lang
15:44:51.783 [FXGL Background Thread 4 ] DEBUG FXGLAssetLoaderServi - Loading from file system: jar:file:/home/khars/.m2/repository/com/github/almasb/fxgl/17.3/fxgl-17.3.jar!/fxglassets/ui/fonts/Abel-Regular.ttf
15:44:51.785 [FXGL Background Thread 4 ] DEBUG FXGLAssetLoaderServi - Loading from file system: jar:file:/home/khars/.m2/repository/com/github/almasb/fxgl/17.3/fxgl-17.3.jar!/fxglassets/ui/fonts/TerminalLandMono-Regular.otf
15:44:51.787 [FXGL Background Thread 4 ] DEBUG FXGLAssetLoaderServi - Loading from file system: jar:file:/home/khars/.m2/repository/com/github/almasb/fxgl/17.3/fxgl-17.3.jar!/fxglassets/ui/fonts/Courier-Prime.ttf
15:44:51.793 [JavaFX Application Thread] DEBUG FXGLApplication      - Registering font factories with UI factory
15:44:51.797 [FXGL Background Thread 1 ] INFO  FXGLApplication      - FXGL initialization took: 0,439 sec
15:44:51.798 [JavaFX Application Thread] DEBUG FXGLAssetLoaderServi - Loading from file system: jar:file:/home/khars/.m2/repository/com/github/almasb/fxgl/17.3/fxgl-17.3.jar!/fxglassets/textures/fxgl_icon.png
15:44:51.826 [JavaFX Application Thread] DEBUG FXGLAssetLoaderServi - Loading from file system: jar:file:/home/khars/.m2/repository/com/github/almasb/fxgl/17.3/fxgl-17.3.jar!/fxglassets/textures/fxgl_default_cursor.png
15:44:51.836 [JavaFX Application Thread] DEBUG Input                - Registered new binding: Screenshot - CTRL+8
15:44:51.837 [JavaFX Application Thread] DEBUG Input                - Registered new binding: System info dump - CTRL+9
15:44:51.837 [JavaFX Application Thread] DEBUG Input                - Registered new binding: Restart - CTRL+R
15:44:51.837 [JavaFX Application Thread] DEBUG Input                - Registered new binding: Toggle Debug Camera - CTRL+7
15:44:51.839 [JavaFX Application Thread] DEBUG LoopRunner           - Starting loop
15:44:51.839 [JavaFX Application Thread] DEBUG LoopRunner           - Initializing JavaFX AnimationTimerLoop
15:44:51.840 [JavaFX Application Thread] DEBUG GameApplicationServi - Starting new game
15:44:51.840 [JavaFX Application Thread] DEBUG Input                - Clearing active input actions
15:44:51.850 [JavaFX Application Thread] DEBUG GameApplicationServi - Removing overlay from FXGLStartupScene and adding to FXGLLoadingScene
15:44:51.850 [JavaFX Application Thread] DEBUG PrimaryStageWindow   - FXGLStartupScene -> FXGLLoadingScene
15:44:51.850 [JavaFX Application Thread] DEBUG GameApplicationServi - Clearing previous game
15:44:51.850 [JavaFX Application Thread] DEBUG GameScene            - Clearing game scene
15:44:51.850 [JavaFX Application Thread] DEBUG GameWorld            - Clearing game world
15:44:51.850 [JavaFX Application Thread] DEBUG PhysicsWorld         - Clearing physics world
15:44:51.852 [FXGL Background Thread 1 ] DEBUG FXGLApplication      - Initializing game
15:44:51.938 [FXGL Background Thread 1 ] INFO  FXGLApplication      - Game initialization took: 0,087 sec
15:44:52.007 [JavaFX Application Thread] DEBUG Input                - Clearing active input actions
15:44:52.044 [JavaFX Application Thread] DEBUG GameApplicationServi - Removing overlay from FXGLLoadingScene and adding to GameScene
15:44:52.044 [JavaFX Application Thread] DEBUG PrimaryStageWindow   - FXGLLoadingScene -> GameScene
15:44:52.402 [FXGL Background Thread 2 ] INFO  UpdaterService       - Your current version:  17.3
15:44:52.402 [FXGL Background Thread 2 ] INFO  UpdaterService       - Latest stable version: 21.1
15:44:54.768 [FXGL Background Thread 3 ] DEBUG Engine               - Logging environment variables
15:44:54.768 [FXGL Background Thread 3 ] DEBUG Engine               - achievements: []
15:44:54.768 [FXGL Background Thread 3 ] DEBUG Engine               - actualHeight: 485.0
15:44:54.769 [FXGL Background Thread 3 ] DEBUG Engine               - actualHeightProperty: ReadOnlyDoubleProperty [value: 515.0]
15:44:54.769 [FXGL Background Thread 3 ] DEBUG Engine               - actualWidth: 1280.0
15:44:54.769 [FXGL Background Thread 3 ] DEBUG Engine               - actualWidthProperty: ReadOnlyDoubleProperty [value: 1280.0]
15:44:54.769 [FXGL Background Thread 3 ] DEBUG Engine               - appIcon: fxgl_icon.png
15:44:54.769 [FXGL Background Thread 3 ] DEBUG Engine               - applicationMode: DEVELOPER
15:44:54.769 [FXGL Background Thread 3 ] DEBUG Engine               - cSSList: [fxgl_dark.css]
15:44:54.769 [FXGL Background Thread 3 ] DEBUG Engine               - collisionDetectionStrategy: BRUTE_FORCE
15:44:54.769 [FXGL Background Thread 3 ] DEBUG Engine               - configClass: Optional.empty
15:44:54.769 [FXGL Background Thread 3 ] DEBUG Engine               - credits: []
15:44:54.769 [FXGL Background Thread 3 ] DEBUG Engine               - defaultCursor: CursorInfo(imageName=fxgl_default_cursor.png, hotspotX=7.0, hotspotY=6.0)
15:44:54.770 [FXGL Background Thread 3 ] DEBUG Engine               - devBBoxColorProperty: ObjectProperty [value: 0xff0000ff]
15:44:54.770 [FXGL Background Thread 3 ] DEBUG Engine               - devEnableDebugCameraProperty: BooleanProperty [value: false]
15:44:54.770 [FXGL Background Thread 3 ] DEBUG Engine               - devSensorColorProperty: ObjectProperty [value: 0xffff00ff]
15:44:54.770 [FXGL Background Thread 3 ] DEBUG Engine               - devShowBBoxProperty: BooleanProperty [value: false]
15:44:54.770 [FXGL Background Thread 3 ] DEBUG Engine               - devShowPositionProperty: BooleanProperty [value: false]
15:44:54.770 [FXGL Background Thread 3 ] DEBUG Engine               - enabledMenuItems: []
15:44:54.770 [FXGL Background Thread 3 ] DEBUG Engine               - engineServices: [class com.almasb.fxgl.app.services.FXGLAssetLoaderService, class com.almasb.fxgl.app.FXGLApplication$GameApplicationService, class com.almasb.fxgl.app.services.FXGLDialogService, class com.almasb.fxgl.app.services.IOTaskExecutorService, class com.almasb.fxgl.io.FileSystemService, class com.almasb.fxgl.localization.LocalizationService, class com.almasb.fxgl.app.services.SystemBundleService, class com.almasb.fxgl.profile.SaveLoadService, class com.almasb.fxgl.ui.FXGLUIFactoryServiceProvider, class com.almasb.fxgl.ui.FXGLDialogFactoryServiceProvider, class com.almasb.fxgl.audio.AudioPlayer, class com.almasb.fxgl.notification.impl.NotificationServiceProvider, class com.almasb.fxgl.achievement.AchievementService, class com.almasb.fxgl.cutscene.CutsceneService, class com.almasb.fxgl.minigames.MiniGameService, class com.almasb.fxgl.net.NetService, class com.almasb.fxgl.app.services.UpdaterService, class com.almasb.fxgl.dev.DevService]
15:44:54.770 [FXGL Background Thread 3 ] DEBUG Engine               - fontGame: Abel-Regular.ttf
15:44:54.770 [FXGL Background Thread 3 ] DEBUG Engine               - fontMono: TerminalLandMono-Regular.otf
15:44:54.770 [FXGL Background Thread 3 ] DEBUG Engine               - fontSizeScaleUI: 1.0
15:44:54.770 [FXGL Background Thread 3 ] DEBUG Engine               - fontText: Courier-Prime.ttf
15:44:54.770 [FXGL Background Thread 3 ] DEBUG Engine               - fontUI: VarelaRound-Regular.ttf
15:44:54.770 [FXGL Background Thread 3 ] DEBUG Engine               - fullScreen: BooleanProperty [value: false]
15:44:54.770 [FXGL Background Thread 3 ] DEBUG Engine               - gameDifficulty: MEDIUM
15:44:54.770 [FXGL Background Thread 3 ] DEBUG Engine               - gameDifficultyProperty: ObjectProperty [value: MEDIUM]
15:44:54.770 [FXGL Background Thread 3 ] DEBUG Engine               - globalMusicVolume: 0.5
15:44:54.770 [FXGL Background Thread 3 ] DEBUG Engine               - globalMusicVolumeProperty: DoubleProperty [value: 0.5]
15:44:54.771 [FXGL Background Thread 3 ] DEBUG Engine               - globalSoundVolume: 0.5
15:44:54.771 [FXGL Background Thread 3 ] DEBUG Engine               - globalSoundVolumeProperty: DoubleProperty [value: 0.5]
15:44:54.771 [FXGL Background Thread 3 ] DEBUG Engine               - height: 520
15:44:54.771 [FXGL Background Thread 3 ] DEBUG Engine               - is3D: false
15:44:54.771 [FXGL Background Thread 3 ] DEBUG Engine               - isAndroid: false
15:44:54.771 [FXGL Background Thread 3 ] DEBUG Engine               - isBrowser: false
15:44:54.771 [FXGL Background Thread 3 ] DEBUG Engine               - isClickFeedbackEnabled: false
15:44:54.771 [FXGL Background Thread 3 ] DEBUG Engine               - isCloseConfirmation: false
15:44:54.771 [FXGL Background Thread 3 ] DEBUG Engine               - isDesktop: true
15:44:54.771 [FXGL Background Thread 3 ] DEBUG Engine               - isDeveloperMenuEnabled: false
15:44:54.771 [FXGL Background Thread 3 ] DEBUG Engine               - isEmbedded: false
15:44:54.771 [FXGL Background Thread 3 ] DEBUG Engine               - isEntityPreloadEnabled: true
15:44:54.771 [FXGL Background Thread 3 ] DEBUG Engine               - isExperimentalTiledLargeMap: false
15:44:54.771 [FXGL Background Thread 3 ] DEBUG Engine               - isFileSystemWriteAllowed: true
15:44:54.771 [FXGL Background Thread 3 ] DEBUG Engine               - isFullScreenAllowed: false
15:44:54.771 [FXGL Background Thread 3 ] DEBUG Engine               - isFullScreenFromStart: false
15:44:54.771 [FXGL Background Thread 3 ] DEBUG Engine               - isGameMenuEnabled: true
15:44:54.771 [FXGL Background Thread 3 ] DEBUG Engine               - isIOS: false
15:44:54.771 [FXGL Background Thread 3 ] DEBUG Engine               - isIntroEnabled: false
15:44:54.772 [FXGL Background Thread 3 ] DEBUG Engine               - isLinux: true
15:44:54.772 [FXGL Background Thread 3 ] DEBUG Engine               - isMac: false
15:44:54.772 [FXGL Background Thread 3 ] DEBUG Engine               - isMainMenuEnabled: false
15:44:54.772 [FXGL Background Thread 3 ] DEBUG Engine               - isManualResizeEnabled: false
15:44:54.772 [FXGL Background Thread 3 ] DEBUG Engine               - isMobile: false
15:44:54.772 [FXGL Background Thread 3 ] DEBUG Engine               - isNative: false
15:44:54.772 [FXGL Background Thread 3 ] DEBUG Engine               - isPauseMusicWhenMinimized: true
15:44:54.772 [FXGL Background Thread 3 ] DEBUG Engine               - isPreserveResizeRatio: false
15:44:54.772 [FXGL Background Thread 3 ] DEBUG Engine               - isProfilingEnabled: false
15:44:54.772 [FXGL Background Thread 3 ] DEBUG Engine               - isScaleAffectedOnResize: true
15:44:54.772 [FXGL Background Thread 3 ] DEBUG Engine               - isSingleStep: false
15:44:54.772 [FXGL Background Thread 3 ] DEBUG Engine               - isUserProfileEnabled: false
15:44:54.772 [FXGL Background Thread 3 ] DEBUG Engine               - isWindows: false
15:44:54.772 [FXGL Background Thread 3 ] DEBUG Engine               - language: ObjectProperty [value: ENGLISH]
15:44:54.772 [FXGL Background Thread 3 ] DEBUG Engine               - menuKey: ESCAPE
15:44:54.772 [FXGL Background Thread 3 ] DEBUG Engine               - mouseSensitivity: 0.2
15:44:54.772 [FXGL Background Thread 3 ] DEBUG Engine               - notificationViewClass: class com.almasb.fxgl.notification.view.XboxNotificationView
15:44:54.772 [FXGL Background Thread 3 ] DEBUG Engine               - pixelsPerMeter: 50.0
15:44:54.773 [FXGL Background Thread 3 ] DEBUG Engine               - platform: LINUX
15:44:54.773 [FXGL Background Thread 3 ] DEBUG Engine               - prefHeightProperty: ReadOnlyDoubleProperty [value: 520.0]
15:44:54.773 [FXGL Background Thread 3 ] DEBUG Engine               - prefWidthProperty: ReadOnlyDoubleProperty [value: 1280.0]
15:44:54.773 [FXGL Background Thread 3 ] DEBUG Engine               - profileDir: profiles/
15:44:54.773 [FXGL Background Thread 3 ] DEBUG Engine               - profileName: StringProperty [value: DEFAULT]
15:44:54.773 [FXGL Background Thread 3 ] DEBUG Engine               - randomSeed: -1
15:44:54.773 [FXGL Background Thread 3 ] DEBUG Engine               - runtimeInfo: RuntimeInfo(platform=LINUX, version=17.3, build=30.03.2023 11.49)
15:44:54.773 [FXGL Background Thread 3 ] DEBUG Engine               - saveFileExt: sav
15:44:54.773 [FXGL Background Thread 3 ] DEBUG Engine               - scaledHeightProp$fxgl: DoubleProperty [bound, value: 515.0]
15:44:54.773 [FXGL Background Thread 3 ] DEBUG Engine               - scaledWidthProp$fxgl: DoubleProperty [bound, value: 1280.0]
15:44:54.773 [FXGL Background Thread 3 ] DEBUG Engine               - sceneFactory: com.almasb.fxgl.app.scene.SceneFactory@70390883
15:44:54.773 [FXGL Background Thread 3 ] DEBUG Engine               - secondsIn24h: 60
15:44:54.773 [FXGL Background Thread 3 ] DEBUG Engine               - soundMenuBack: menu/back.wav
15:44:54.773 [FXGL Background Thread 3 ] DEBUG Engine               - soundMenuPress: menu/press.wav
15:44:54.773 [FXGL Background Thread 3 ] DEBUG Engine               - soundMenuSelect: menu/select.wav
15:44:54.773 [FXGL Background Thread 3 ] DEBUG Engine               - soundNotification: core/notification.wav
15:44:54.774 [FXGL Background Thread 3 ] DEBUG Engine               - stageStyle: DECORATED
15:44:54.774 [FXGL Background Thread 3 ] DEBUG Engine               - supportedLanguages: [ENGLISH, FRENCH, GERMAN, HUNGARIAN, RUSSIAN]
15:44:54.774 [FXGL Background Thread 3 ] DEBUG Engine               - ticksPerSecond: -1
15:44:54.774 [FXGL Background Thread 3 ] DEBUG Engine               - title: Restaurant Simulator
15:44:54.774 [FXGL Background Thread 3 ] DEBUG Engine               - urlGithub: https://github.com/AlmasB/FXGL
15:44:54.774 [FXGL Background Thread 3 ] DEBUG Engine               - urlLeaderboard: http://fxgl-top.herokuapp.com/
15:44:54.774 [FXGL Background Thread 3 ] DEBUG Engine               - urlPOM: https://raw.githubusercontent.com/AlmasB/FXGL/release/README.md
15:44:54.774 [FXGL Background Thread 3 ] DEBUG Engine               - userAppClass: class com.restaurant.application.GameApp
15:44:54.774 [FXGL Background Thread 3 ] DEBUG Engine               - version: 1.0
15:44:54.774 [FXGL Background Thread 3 ] DEBUG Engine               - versionCheckDays: 7
15:44:54.774 [FXGL Background Thread 3 ] DEBUG Engine               - width: 1280
15:44:54.774 [FXGL Background Thread 3 ] DEBUG Engine               - Logging services
15:44:54.774 [FXGL Background Thread 3 ] DEBUG Engine               - class com.almasb.fxgl.app.services.FXGLAssetLoaderService
15:44:54.774 [FXGL Background Thread 3 ] DEBUG Engine               - class com.almasb.fxgl.app.FXGLApplication$GameApplicationService
15:44:54.774 [FXGL Background Thread 3 ] DEBUG Engine               - class com.almasb.fxgl.app.services.FXGLDialogService
15:44:54.774 [FXGL Background Thread 3 ] DEBUG Engine               - class com.almasb.fxgl.app.services.IOTaskExecutorService
15:44:54.774 [FXGL Background Thread 3 ] DEBUG Engine               - class com.almasb.fxgl.io.FileSystemService
15:44:54.774 [FXGL Background Thread 3 ] DEBUG Engine               - class com.almasb.fxgl.localization.LocalizationService
15:44:54.774 [FXGL Background Thread 3 ] DEBUG Engine               - class com.almasb.fxgl.app.services.SystemBundleService
15:44:54.774 [FXGL Background Thread 3 ] DEBUG Engine               - class com.almasb.fxgl.profile.SaveLoadService
15:44:54.774 [FXGL Background Thread 3 ] DEBUG Engine               - class com.almasb.fxgl.ui.FXGLUIFactoryServiceProvider
15:44:54.774 [FXGL Background Thread 3 ] DEBUG Engine               - class com.almasb.fxgl.ui.FXGLDialogFactoryServiceProvider
15:44:54.775 [FXGL Background Thread 3 ] DEBUG Engine               - class com.almasb.fxgl.audio.AudioPlayer
15:44:54.775 [FXGL Background Thread 3 ] DEBUG Engine               - class com.almasb.fxgl.notification.impl.NotificationServiceProvider
15:44:54.775 [FXGL Background Thread 3 ] DEBUG Engine               - class com.almasb.fxgl.achievement.AchievementService
15:44:54.775 [FXGL Background Thread 3 ] DEBUG Engine               - class com.almasb.fxgl.cutscene.CutsceneService
15:44:54.775 [FXGL Background Thread 3 ] DEBUG Engine               - class com.almasb.fxgl.minigames.MiniGameService
15:44:54.775 [FXGL Background Thread 3 ] DEBUG Engine               - class com.almasb.fxgl.net.NetService
15:44:54.775 [FXGL Background Thread 3 ] DEBUG Engine               - class com.almasb.fxgl.app.services.UpdaterService
15:44:54.775 [FXGL Background Thread 3 ] DEBUG Engine               - class com.almasb.fxgl.dev.DevService
15:45:55.942 [JavaFX Application Thread] DEBUG FXGLApplication      - Exiting FXGL
15:45:55.942 [JavaFX Application Thread] DEBUG LoopRunner           - Stopping loop
15:45:55.942 [JavaFX Application Thread] DEBUG SystemBundleService  - Saving FXGL system data
15:45:55.943 [JavaFX Application Thread] DEBUG FileSystemAccess     - Writing to: /home/khars/IdeaProjects/Simulador-Restaurant/system/fxgl.bundle
15:45:55.944 [JavaFX Application Thread] DEBUG Async                - Shutting down background threads
15:45:55.944 [JavaFX Application Thread] DEBUG PrimaryStageWindow   - Closing main window
15:45:55.948 [JavaFX Application Thread] DEBUG Logger               - Closing Logger
