01:14:23.119 [main                     ] DEBUG Logger               - Configured Logger
01:14:23.139 [main                     ] DEBUG GameApplication      - Logging settings
Title: Restaurant Simulator
Version: 1.0
Width: 1280
Height: 720
Fullscreen: false
Intro: false
Profiling: false
Single step:false
App Mode: DEVELOPER
Menu Key: ESCAPE
Stage Style: DECORATED
Scene Factory: class com.almasb.fxgl.app.scene.SceneFactory

01:14:23.648 [JavaFX Application Thread] DEBUG FXGLApplication      - Initializing FXGL
01:14:23.651 [JavaFX Application Thread] INFO  Engine               - FXGL-17.3 (30.03.2023 11.49) on WINDOWS (J:21.0.5 FX:21)
01:14:23.651 [JavaFX Application Thread] DEBUG Engine               - JRE Vendor Name: Amazon.com Inc.
01:14:23.651 [JavaFX Application Thread] DEBUG Engine               - Running on OS: Windows 11 version 10.0
01:14:23.651 [JavaFX Application Thread] DEBUG Engine               - Architecture: amd64
01:14:23.651 [JavaFX Application Thread] INFO  Engine               - Source code and latest versions at: https://github.com/AlmasB/FXGL
01:14:23.651 [JavaFX Application Thread] INFO  Engine               -       Ask questions and discuss at: https://github.com/AlmasB/FXGL/discussions
01:14:23.651 [JavaFX Application Thread] INFO  Engine               -              Join the FXGL chat at: https://gitter.im/AlmasB/FXGL
01:14:23.954 [JavaFX Application Thread] DEBUG PrimaryStageWindow   - Creating a JavaFX scene
01:14:24.008 [JavaFX Application Thread] DEBUG PrimaryStageWindow   - Target settings size: 1280.0 x 720.0
01:14:24.008 [JavaFX Application Thread] DEBUG PrimaryStageWindow   - Scaled scene size:    1280.0 x 720.0
01:14:24.009 [JavaFX Application Thread] DEBUG PrimaryStageWindow   - Scaled ratio: (1.0, 1.0)
01:14:24.010 [JavaFX Application Thread] DEBUG PrimaryStageWindow   - Set initial scene to FXGLStartupScene
01:14:24.012 [JavaFX Application Thread] DEBUG PrimaryStageWindow   - Opening main window
01:14:24.142 [JavaFX Application Thread] DEBUG PrimaryStageWindow   - Window border size: (14.4000244140625, 37.5999755859375)
01:14:24.142 [JavaFX Application Thread] DEBUG PrimaryStageWindow   - Scaled size: 1280.0 x 720.0
01:14:24.142 [JavaFX Application Thread] DEBUG PrimaryStageWindow   - Scaled ratio: (1.0, 1.0)
01:14:24.142 [JavaFX Application Thread] DEBUG PrimaryStageWindow   - Scene size: 1280.0 x 720.0
01:14:24.142 [JavaFX Application Thread] DEBUG PrimaryStageWindow   - Stage size: 1294.4000244140625 x 757.5999755859375
01:14:24.149 [FXGL Background Thread 1 ] DEBUG Engine               - Initializing environment variables
01:14:24.185 [FXGL Background Thread 1 ] DEBUG FXGLAssetLoaderServi - User app class for loading assets: class com.restaurant.application.GameApp
01:14:24.185 [FXGL Background Thread 1 ] DEBUG GameApplicationServi - Applying CSS: fxgl_dark.css
01:14:24.185 [FXGL Background Thread 1 ] DEBUG FXGLAssetLoaderServi - Loading from file system: jar:file:/C:/Users/JOSELYN%20KATO/.m2/repository/com/github/almasb/fxgl/17.3/fxgl-17.3.jar!/fxglassets/ui/css/fxgl_dark.css
01:14:24.221 [FXGL Background Thread 1 ] DEBUG GameApplicationServi - Initializing application scenes
01:14:24.275 [FXGL Background Thread 1 ] DEBUG GameWorld            - Game world initialized
01:14:24.338 [FXGL Background Thread 1 ] DEBUG PhysicsWorld         - Physics world initialized: appHeight=720, physics.ppm=50.0
01:14:24.338 [FXGL Background Thread 1 ] DEBUG PhysicsWorld         - Using strategy: BRUTE_FORCE
01:14:24.342 [FXGL Background Thread 1 ] DEBUG GameScene            - Game scene initialized: 1280x720
01:14:24.362 [FXGL Background Thread 1 ] DEBUG FXGL.DefaultMenu     - createMenuBodyGameMenu()
01:14:24.378 [FXGL Background Thread 1 ] DEBUG FXGL.DefaultMenu     - createOptionsMenu()
01:14:24.386 [FXGL Background Thread 1 ] DEBUG FXGLAssetLoaderServi - Loading from file system: jar:file:/C:/Users/JOSELYN%20KATO/.m2/repository/com/github/almasb/fxgl/17.3/fxgl-17.3.jar!/fxglassets/textures/particles/smoke.png
01:14:24.464 [FXGL Background Thread 1 ] DEBUG FXGLAssetLoaderServi - Loading from file system: jar:file:/C:/Users/JOSELYN%20KATO/.m2/repository/com/github/almasb/fxgl/17.3/fxgl-17.3.jar!/fxglassets/textures/particles/trace_horizontal.png
01:14:24.483 [FXGL Background Thread 1 ] DEBUG GameApplicationServi - Application scenes initialized
01:14:24.496 [FXGL Background Thread 1 ] DEBUG SystemBundleService  - Loading FXGL system data
01:14:24.497 [FXGL Background Thread 1 ] DEBUG FileSystemAccess     - Reading from: C:\Users\JOSELYN KATO\Simulador-Restaurant\system\fxgl.bundle
01:14:24.499 [FXGL Background Thread 1 ] DEBUG SystemBundleService  - Bundle FXGL: {}
01:14:24.499 [FXGL Background Thread 1 ] DEBUG UpdaterService       - Checking for updates
01:14:24.503 [FXGL Background Thread 4 ] DEBUG FXGLApplication      - Loading fonts
01:14:24.503 [FXGL Background Thread 4 ] DEBUG FXGLAssetLoaderServi - Loading from file system: jar:file:/C:/Users/JOSELYN%20KATO/.m2/repository/com/github/almasb/fxgl/17.3/fxgl-17.3.jar!/fxglassets/ui/fonts/VarelaRound-Regular.ttf
01:14:24.504 [FXGL Background Thread 1 ] DEBUG FXGLApplication      - Loading default localization
01:14:24.504 [FXGL Background Thread 1 ] DEBUG FXGLAssetLoaderServi - Loading from file system: jar:file:/C:/Users/JOSELYN%20KATO/.m2/repository/com/github/almasb/fxgl/17.3/fxgl-17.3.jar!/fxglassets/languages/english.lang
01:14:24.528 [FXGL Background Thread 1 ] INFO  FXGLApplication      - FXGL initialization took: 0.379 sec
01:14:24.529 [JavaFX Application Thread] DEBUG FXGLAssetLoaderServi - Loading from file system: jar:file:/C:/Users/JOSELYN%20KATO/.m2/repository/com/github/almasb/fxgl/17.3/fxgl-17.3.jar!/fxglassets/textures/fxgl_icon.png
01:14:24.530 [FXGL Background Thread 4 ] DEBUG FXGLAssetLoaderServi - Loading from file system: jar:file:/C:/Users/JOSELYN%20KATO/.m2/repository/com/github/almasb/fxgl/17.3/fxgl-17.3.jar!/fxglassets/ui/fonts/Abel-Regular.ttf
01:14:24.542 [JavaFX Application Thread] DEBUG FXGLAssetLoaderServi - Loading from file system: jar:file:/C:/Users/JOSELYN%20KATO/.m2/repository/com/github/almasb/fxgl/17.3/fxgl-17.3.jar!/fxglassets/textures/fxgl_default_cursor.png
01:14:24.544 [FXGL Background Thread 4 ] DEBUG FXGLAssetLoaderServi - Loading from file system: jar:file:/C:/Users/JOSELYN%20KATO/.m2/repository/com/github/almasb/fxgl/17.3/fxgl-17.3.jar!/fxglassets/ui/fonts/TerminalLandMono-Regular.otf
01:14:24.550 [JavaFX Application Thread] DEBUG Input                - Registered new binding: Screenshot - CTRL+8
01:14:24.551 [JavaFX Application Thread] DEBUG Input                - Registered new binding: System info dump - CTRL+9
01:14:24.551 [JavaFX Application Thread] DEBUG Input                - Registered new binding: Restart - CTRL+R
01:14:24.551 [JavaFX Application Thread] DEBUG Input                - Registered new binding: Toggle Debug Camera - CTRL+7
01:14:24.553 [JavaFX Application Thread] DEBUG LoopRunner           - Starting loop
01:14:24.553 [JavaFX Application Thread] DEBUG LoopRunner           - Initializing JavaFX AnimationTimerLoop
01:14:24.554 [JavaFX Application Thread] DEBUG GameApplicationServi - Starting new game
01:14:24.555 [JavaFX Application Thread] DEBUG Input                - Clearing active input actions
01:14:24.558 [FXGL Background Thread 4 ] DEBUG FXGLAssetLoaderServi - Loading from file system: jar:file:/C:/Users/JOSELYN%20KATO/.m2/repository/com/github/almasb/fxgl/17.3/fxgl-17.3.jar!/fxglassets/ui/fonts/Courier-Prime.ttf
01:14:24.562 [JavaFX Application Thread] DEBUG GameApplicationServi - Removing overlay from FXGLStartupScene and adding to FXGLLoadingScene
01:14:24.563 [JavaFX Application Thread] DEBUG PrimaryStageWindow   - FXGLStartupScene -> FXGLLoadingScene
01:14:24.563 [JavaFX Application Thread] DEBUG GameApplicationServi - Clearing previous game
01:14:24.563 [JavaFX Application Thread] DEBUG GameScene            - Clearing game scene
01:14:24.563 [JavaFX Application Thread] DEBUG GameWorld            - Clearing game world
01:14:24.563 [JavaFX Application Thread] DEBUG PhysicsWorld         - Clearing physics world
01:14:24.564 [FXGL Background Thread 1 ] DEBUG FXGLApplication      - Initializing game
01:14:24.604 [JavaFX Application Thread] DEBUG FXGLApplication      - Registering font factories with UI factory
01:14:25.103 [FXGL Background Thread 2 ] INFO  UpdaterService       - Your current version:  17.3
01:14:25.103 [FXGL Background Thread 2 ] INFO  UpdaterService       - Latest stable version: 21.1
01:14:27.508 [FXGL Background Thread 1 ] INFO  FXGLApplication      - Game initialization took: 2.933 sec
01:14:27.518 [JavaFX Application Thread] DEBUG Input                - Clearing active input actions
01:14:27.524 [FXGL Background Thread 3 ] DEBUG Engine               - achievements: []
01:14:27.524 [FXGL Background Thread 3 ] DEBUG Engine               - actualHeight: 720.0
01:14:27.525 [FXGL Background Thread 3 ] DEBUG Engine               - actualHeightProperty: ReadOnlyDoubleProperty [value: 720.0]
01:14:27.525 [FXGL Background Thread 3 ] DEBUG Engine               - actualWidth: 1280.0
01:14:27.525 [FXGL Background Thread 3 ] DEBUG Engine               - actualWidthProperty: ReadOnlyDoubleProperty [value: 1280.0]
01:14:27.525 [FXGL Background Thread 3 ] DEBUG Engine               - appIcon: fxgl_icon.png
01:14:27.525 [FXGL Background Thread 3 ] DEBUG Engine               - applicationMode: DEVELOPER
01:14:27.525 [FXGL Background Thread 3 ] DEBUG Engine               - cSSList: [fxgl_dark.css]
01:14:27.525 [FXGL Background Thread 3 ] DEBUG Engine               - collisionDetectionStrategy: BRUTE_FORCE
01:14:27.526 [FXGL Background Thread 3 ] DEBUG Engine               - configClass: Optional.empty
01:14:27.526 [FXGL Background Thread 3 ] DEBUG Engine               - credits: []
01:14:27.529 [FXGL Background Thread 3 ] DEBUG Engine               - defaultCursor: CursorInfo(imageName=fxgl_default_cursor.png, hotspotX=7.0, hotspotY=6.0)
01:14:27.531 [FXGL Background Thread 3 ] DEBUG Engine               - devBBoxColorProperty: ObjectProperty [value: 0xff0000ff]
01:14:27.531 [FXGL Background Thread 3 ] DEBUG Engine               - devEnableDebugCameraProperty: BooleanProperty [value: false]
01:14:27.531 [FXGL Background Thread 3 ] DEBUG Engine               - devSensorColorProperty: ObjectProperty [value: 0xffff00ff]
01:14:27.531 [FXGL Background Thread 3 ] DEBUG Engine               - devShowBBoxProperty: BooleanProperty [value: false]
01:14:27.532 [FXGL Background Thread 3 ] DEBUG Engine               - devShowPositionProperty: BooleanProperty [value: false]
01:14:27.532 [FXGL Background Thread 3 ] DEBUG Engine               - enabledMenuItems: []
01:14:27.532 [FXGL Background Thread 3 ] DEBUG Engine               - engineServices: [class com.almasb.fxgl.app.services.FXGLAssetLoaderService, class com.almasb.fxgl.app.FXGLApplication$GameApplicationService, class com.almasb.fxgl.app.services.FXGLDialogService, class com.almasb.fxgl.app.services.IOTaskExecutorService, class com.almasb.fxgl.io.FileSystemService, class com.almasb.fxgl.localization.LocalizationService, class com.almasb.fxgl.app.services.SystemBundleService, class com.almasb.fxgl.profile.SaveLoadService, class com.almasb.fxgl.ui.FXGLUIFactoryServiceProvider, class com.almasb.fxgl.ui.FXGLDialogFactoryServiceProvider, class com.almasb.fxgl.audio.AudioPlayer, class com.almasb.fxgl.notification.impl.NotificationServiceProvider, class com.almasb.fxgl.achievement.AchievementService, class com.almasb.fxgl.cutscene.CutsceneService, class com.almasb.fxgl.minigames.MiniGameService, class com.almasb.fxgl.net.NetService, class com.almasb.fxgl.app.services.UpdaterService, class com.almasb.fxgl.dev.DevService]
01:14:27.533 [FXGL Background Thread 3 ] DEBUG Engine               - fontGame: Abel-Regular.ttf
01:14:27.533 [FXGL Background Thread 3 ] DEBUG Engine               - fontMono: TerminalLandMono-Regular.otf
01:14:27.533 [FXGL Background Thread 3 ] DEBUG Engine               - fontSizeScaleUI: 1.0
01:14:27.533 [FXGL Background Thread 3 ] DEBUG Engine               - fontText: Courier-Prime.ttf
01:14:27.533 [FXGL Background Thread 3 ] DEBUG Engine               - fontUI: VarelaRound-Regular.ttf
01:14:27.533 [FXGL Background Thread 3 ] DEBUG Engine               - fullScreen: BooleanProperty [value: false]
01:14:27.533 [FXGL Background Thread 3 ] DEBUG Engine               - gameDifficulty: MEDIUM
01:14:27.533 [FXGL Background Thread 3 ] DEBUG Engine               - gameDifficultyProperty: ObjectProperty [value: MEDIUM]
01:14:27.533 [FXGL Background Thread 3 ] DEBUG Engine               - globalMusicVolume: 0.5
01:14:27.533 [FXGL Background Thread 3 ] DEBUG Engine               - globalMusicVolumeProperty: DoubleProperty [value: 0.5]
01:14:27.533 [FXGL Background Thread 3 ] DEBUG Engine               - globalSoundVolume: 0.5
01:14:27.533 [FXGL Background Thread 3 ] DEBUG Engine               - globalSoundVolumeProperty: DoubleProperty [value: 0.5]
01:14:27.533 [FXGL Background Thread 3 ] DEBUG Engine               - height: 720
01:14:27.533 [FXGL Background Thread 3 ] DEBUG Engine               - is3D: false
01:14:27.533 [FXGL Background Thread 3 ] DEBUG Engine               - isAndroid: false
01:14:27.533 [FXGL Background Thread 3 ] DEBUG Engine               - isBrowser: false
01:14:27.533 [FXGL Background Thread 3 ] DEBUG Engine               - isClickFeedbackEnabled: false
01:14:27.533 [FXGL Background Thread 3 ] DEBUG Engine               - isCloseConfirmation: false
01:14:27.533 [FXGL Background Thread 3 ] DEBUG Engine               - isDesktop: true
01:14:27.534 [FXGL Background Thread 3 ] DEBUG Engine               - isDeveloperMenuEnabled: false
01:14:27.534 [FXGL Background Thread 3 ] DEBUG Engine               - isEmbedded: false
01:14:27.534 [FXGL Background Thread 3 ] DEBUG Engine               - isEntityPreloadEnabled: true
01:14:27.534 [FXGL Background Thread 3 ] DEBUG Engine               - isExperimentalTiledLargeMap: false
01:14:27.534 [FXGL Background Thread 3 ] DEBUG Engine               - isFileSystemWriteAllowed: true
01:14:27.534 [FXGL Background Thread 3 ] DEBUG Engine               - isFullScreenAllowed: false
01:14:27.534 [FXGL Background Thread 3 ] DEBUG Engine               - isFullScreenFromStart: false
01:14:27.534 [FXGL Background Thread 3 ] DEBUG Engine               - isGameMenuEnabled: true
01:14:27.534 [FXGL Background Thread 3 ] DEBUG Engine               - isIOS: false
01:14:27.534 [FXGL Background Thread 3 ] DEBUG Engine               - isIntroEnabled: false
01:14:27.535 [FXGL Background Thread 3 ] DEBUG Engine               - isLinux: false
01:14:27.535 [FXGL Background Thread 3 ] DEBUG Engine               - isMac: false
01:14:27.535 [FXGL Background Thread 3 ] DEBUG Engine               - isMainMenuEnabled: false
01:14:27.535 [FXGL Background Thread 3 ] DEBUG Engine               - isManualResizeEnabled: false
01:14:27.535 [FXGL Background Thread 3 ] DEBUG Engine               - isMobile: false
01:14:27.535 [FXGL Background Thread 3 ] DEBUG Engine               - isNative: false
01:14:27.535 [FXGL Background Thread 3 ] DEBUG Engine               - isPauseMusicWhenMinimized: true
01:14:27.535 [FXGL Background Thread 3 ] DEBUG Engine               - isPreserveResizeRatio: false
01:14:27.535 [FXGL Background Thread 3 ] DEBUG Engine               - isProfilingEnabled: false
01:14:27.535 [FXGL Background Thread 3 ] DEBUG Engine               - isScaleAffectedOnResize: true
01:14:27.535 [FXGL Background Thread 3 ] DEBUG Engine               - isSingleStep: false
01:14:27.535 [FXGL Background Thread 3 ] DEBUG Engine               - isUserProfileEnabled: false
01:14:27.535 [FXGL Background Thread 3 ] DEBUG Engine               - isWindows: true
01:14:27.535 [FXGL Background Thread 3 ] DEBUG Engine               - language: ObjectProperty [value: ENGLISH]
01:14:27.535 [FXGL Background Thread 3 ] DEBUG Engine               - menuKey: ESCAPE
01:14:27.536 [FXGL Background Thread 3 ] DEBUG Engine               - mouseSensitivity: 0.2
01:14:27.536 [FXGL Background Thread 3 ] DEBUG Engine               - notificationViewClass: class com.almasb.fxgl.notification.view.XboxNotificationView
01:14:27.536 [FXGL Background Thread 3 ] DEBUG Engine               - pixelsPerMeter: 50.0
01:14:27.536 [FXGL Background Thread 3 ] DEBUG Engine               - platform: WINDOWS
01:14:27.536 [FXGL Background Thread 3 ] DEBUG Engine               - prefHeightProperty: ReadOnlyDoubleProperty [value: 720.0]
01:14:27.536 [FXGL Background Thread 3 ] DEBUG Engine               - prefWidthProperty: ReadOnlyDoubleProperty [value: 1280.0]
01:14:27.536 [FXGL Background Thread 3 ] DEBUG Engine               - profileDir: profiles/
01:14:27.536 [FXGL Background Thread 3 ] DEBUG Engine               - profileName: StringProperty [value: DEFAULT]
01:14:27.536 [FXGL Background Thread 3 ] DEBUG Engine               - randomSeed: -1
01:14:27.538 [FXGL Background Thread 3 ] DEBUG Engine               - runtimeInfo: RuntimeInfo(platform=WINDOWS, version=17.3, build=30.03.2023 11.49)
01:14:27.538 [FXGL Background Thread 3 ] DEBUG Engine               - saveFileExt: sav
01:14:27.538 [FXGL Background Thread 3 ] DEBUG Engine               - scaledHeightProp$fxgl: DoubleProperty [bound, value: 720.0]
01:14:27.538 [FXGL Background Thread 3 ] DEBUG Engine               - scaledWidthProp$fxgl: DoubleProperty [bound, value: 1280.0]
01:14:27.538 [FXGL Background Thread 3 ] DEBUG Engine               - sceneFactory: com.almasb.fxgl.app.scene.SceneFactory@692681be
01:14:27.538 [FXGL Background Thread 3 ] DEBUG Engine               - secondsIn24h: 60
01:14:27.538 [FXGL Background Thread 3 ] DEBUG Engine               - soundMenuBack: menu/back.wav
01:14:27.538 [FXGL Background Thread 3 ] DEBUG Engine               - soundMenuPress: menu/press.wav
01:14:27.538 [FXGL Background Thread 3 ] DEBUG Engine               - soundMenuSelect: menu/select.wav
01:14:27.538 [FXGL Background Thread 3 ] DEBUG Engine               - soundNotification: core/notification.wav
01:14:27.538 [FXGL Background Thread 3 ] DEBUG Engine               - stageStyle: DECORATED
01:14:27.538 [FXGL Background Thread 3 ] DEBUG Engine               - supportedLanguages: [ENGLISH, FRENCH, GERMAN, HUNGARIAN, RUSSIAN]
01:14:27.538 [FXGL Background Thread 3 ] DEBUG Engine               - ticksPerSecond: -1
01:14:27.538 [FXGL Background Thread 3 ] DEBUG Engine               - title: Restaurant Simulator
01:14:27.538 [FXGL Background Thread 3 ] DEBUG Engine               - urlGithub: https://github.com/AlmasB/FXGL
01:14:27.538 [FXGL Background Thread 3 ] DEBUG Engine               - urlLeaderboard: http://fxgl-top.herokuapp.com/
01:14:27.538 [FXGL Background Thread 3 ] DEBUG Engine               - urlPOM: https://raw.githubusercontent.com/AlmasB/FXGL/release/README.md
01:14:27.538 [FXGL Background Thread 3 ] DEBUG Engine               - userAppClass: class com.restaurant.application.GameApp
01:14:27.538 [FXGL Background Thread 3 ] DEBUG Engine               - version: 1.0
01:14:27.538 [FXGL Background Thread 3 ] DEBUG Engine               - versionCheckDays: 7
01:14:27.538 [FXGL Background Thread 3 ] DEBUG Engine               - width: 1280
01:14:27.538 [FXGL Background Thread 3 ] DEBUG Engine               - Logging services
01:14:27.540 [FXGL Background Thread 3 ] DEBUG Engine               - class com.almasb.fxgl.app.services.FXGLAssetLoaderService
01:14:27.540 [FXGL Background Thread 3 ] DEBUG Engine               - class com.almasb.fxgl.app.FXGLApplication$GameApplicationService
01:14:27.540 [FXGL Background Thread 3 ] DEBUG Engine               - class com.almasb.fxgl.app.services.FXGLDialogService
01:14:27.540 [FXGL Background Thread 3 ] DEBUG Engine               - class com.almasb.fxgl.app.services.IOTaskExecutorService
01:14:27.540 [FXGL Background Thread 3 ] DEBUG Engine               - class com.almasb.fxgl.io.FileSystemService
01:14:27.540 [FXGL Background Thread 3 ] DEBUG Engine               - class com.almasb.fxgl.localization.LocalizationService
01:14:27.540 [FXGL Background Thread 3 ] DEBUG Engine               - class com.almasb.fxgl.app.services.SystemBundleService
01:14:27.540 [FXGL Background Thread 3 ] DEBUG Engine               - class com.almasb.fxgl.profile.SaveLoadService
01:14:27.540 [FXGL Background Thread 3 ] DEBUG Engine               - class com.almasb.fxgl.ui.FXGLUIFactoryServiceProvider
01:14:27.540 [FXGL Background Thread 3 ] DEBUG Engine               - class com.almasb.fxgl.ui.FXGLDialogFactoryServiceProvider
01:14:27.540 [FXGL Background Thread 3 ] DEBUG Engine               - class com.almasb.fxgl.audio.AudioPlayer
01:14:27.540 [FXGL Background Thread 3 ] DEBUG Engine               - class com.almasb.fxgl.notification.impl.NotificationServiceProvider
01:14:27.540 [FXGL Background Thread 3 ] DEBUG Engine               - class com.almasb.fxgl.achievement.AchievementService
01:14:27.540 [FXGL Background Thread 3 ] DEBUG Engine               - class com.almasb.fxgl.cutscene.CutsceneService
01:14:27.540 [FXGL Background Thread 3 ] DEBUG Engine               - class com.almasb.fxgl.minigames.MiniGameService
01:14:27.540 [FXGL Background Thread 3 ] DEBUG Engine               - class com.almasb.fxgl.net.NetService
01:14:27.540 [FXGL Background Thread 3 ] DEBUG Engine               - class com.almasb.fxgl.app.services.UpdaterService
01:14:27.540 [FXGL Background Thread 3 ] DEBUG Engine               - class com.almasb.fxgl.dev.DevService
01:14:27.586 [JavaFX Application Thread] DEBUG GameApplicationServi - Removing overlay from FXGLLoadingScene and adding to GameScene
01:14:27.588 [JavaFX Application Thread] DEBUG PrimaryStageWindow   - FXGLLoadingScene -> GameScene
01:14:38.420 [JavaFX Application Thread] DEBUG FXGLApplication      - Exiting FXGL
01:14:38.421 [JavaFX Application Thread] DEBUG LoopRunner           - Stopping loop
01:14:38.421 [JavaFX Application Thread] DEBUG SystemBundleService  - Saving FXGL system data
01:14:38.433 [JavaFX Application Thread] DEBUG FileSystemAccess     - Writing to: C:\Users\JOSELYN KATO\Simulador-Restaurant\system\fxgl.bundle
01:14:38.437 [JavaFX Application Thread] DEBUG Async                - Shutting down background threads
01:14:38.437 [JavaFX Application Thread] DEBUG PrimaryStageWindow   - Closing main window
01:14:38.471 [JavaFX Application Thread] DEBUG Logger               - Closing Logger
