09:06:32.441 [main                     ] DEBUG Logger               - Configured Logger
09:06:32.468 [main                     ] DEBUG GameApplication      - Logging settings
Title: Restaurant Simulator
Version: 1.0
Width: 1280
Height: 520
Fullscreen: false
Intro: false
Profiling: false
Single step:false
App Mode: DEVELOPER
Menu Key: ESCAPE
Stage Style: DECORATED
Scene Factory: class com.almasb.fxgl.app.scene.SceneFactory

09:06:33.103 [JavaFX Application Thread] DEBUG FXGLApplication      - Initializing FXGL
09:06:33.109 [JavaFX Application Thread] INFO  Engine               - FXGL-17.3 (30.03.2023 11.49) on WINDOWS (J:21.0.5 FX:21)
09:06:33.109 [JavaFX Application Thread] DEBUG Engine               - JRE Vendor Name: Amazon.com Inc.
09:06:33.109 [JavaFX Application Thread] DEBUG Engine               - Running on OS: Windows 11 version 10.0
09:06:33.109 [JavaFX Application Thread] DEBUG Engine               - Architecture: amd64
09:06:33.110 [JavaFX Application Thread] INFO  Engine               - Source code and latest versions at: https://github.com/AlmasB/FXGL
09:06:33.110 [JavaFX Application Thread] INFO  Engine               -       Ask questions and discuss at: https://github.com/AlmasB/FXGL/discussions
09:06:33.110 [JavaFX Application Thread] INFO  Engine               -              Join the FXGL chat at: https://gitter.im/AlmasB/FXGL
09:06:33.309 [JavaFX Application Thread] DEBUG PrimaryStageWindow   - Creating a JavaFX scene
09:06:33.390 [JavaFX Application Thread] DEBUG PrimaryStageWindow   - Target settings size: 1280.0 x 520.0
09:06:33.390 [JavaFX Application Thread] DEBUG PrimaryStageWindow   - Scaled scene size:    1280.0 x 520.0
09:06:33.390 [JavaFX Application Thread] DEBUG PrimaryStageWindow   - Scaled ratio: (1.0, 1.0)
09:06:33.391 [JavaFX Application Thread] DEBUG PrimaryStageWindow   - Set initial scene to FXGLStartupScene
09:06:33.396 [JavaFX Application Thread] DEBUG PrimaryStageWindow   - Opening main window
09:06:33.518 [JavaFX Application Thread] DEBUG PrimaryStageWindow   - Window border size: (14.4000244140625, 37.5999755859375)
09:06:33.519 [JavaFX Application Thread] DEBUG PrimaryStageWindow   - Scaled size: 1280.0 x 520.0
09:06:33.519 [JavaFX Application Thread] DEBUG PrimaryStageWindow   - Scaled ratio: (1.0, 1.0)
09:06:33.520 [JavaFX Application Thread] DEBUG PrimaryStageWindow   - Scene size: 1280.0 x 520.0
09:06:33.520 [JavaFX Application Thread] DEBUG PrimaryStageWindow   - Stage size: 1294.4000244140625 x 557.5999755859375
09:06:33.531 [FXGL Background Thread 1 ] DEBUG Engine               - Initializing environment variables
09:06:33.593 [FXGL Background Thread 1 ] DEBUG FXGLAssetLoaderServi - User app class for loading assets: class com.restaurant.application.GameApp
09:06:33.593 [FXGL Background Thread 1 ] DEBUG GameApplicationServi - Applying CSS: fxgl_dark.css
09:06:33.594 [FXGL Background Thread 1 ] DEBUG FXGLAssetLoaderServi - Loading from file system: jar:file:/C:/Users/JOSELYN%20KATO/.m2/repository/com/github/almasb/fxgl/17.3/fxgl-17.3.jar!/fxglassets/ui/css/fxgl_dark.css
09:06:33.667 [FXGL Background Thread 1 ] DEBUG GameApplicationServi - Initializing application scenes
09:06:33.730 [FXGL Background Thread 1 ] DEBUG GameWorld            - Game world initialized
09:06:33.839 [FXGL Background Thread 1 ] DEBUG PhysicsWorld         - Physics world initialized: appHeight=520, physics.ppm=50.0
09:06:33.840 [FXGL Background Thread 1 ] DEBUG PhysicsWorld         - Using strategy: BRUTE_FORCE
09:06:33.845 [FXGL Background Thread 1 ] DEBUG GameScene            - Game scene initialized: 1280x520
09:06:33.864 [FXGL Background Thread 1 ] WARN  FXGL.DefaultMenu     - FXGLDefaultMenu is not designed for resolutions < 800x600
09:06:33.864 [FXGL Background Thread 1 ] DEBUG FXGL.DefaultMenu     - createMenuBodyGameMenu()
09:06:33.891 [FXGL Background Thread 1 ] DEBUG FXGL.DefaultMenu     - createOptionsMenu()
09:06:33.908 [FXGL Background Thread 1 ] DEBUG FXGLAssetLoaderServi - Loading from file system: jar:file:/C:/Users/JOSELYN%20KATO/.m2/repository/com/github/almasb/fxgl/17.3/fxgl-17.3.jar!/fxglassets/textures/particles/smoke.png
09:06:34.051 [FXGL Background Thread 1 ] DEBUG FXGLAssetLoaderServi - Loading from file system: jar:file:/C:/Users/JOSELYN%20KATO/.m2/repository/com/github/almasb/fxgl/17.3/fxgl-17.3.jar!/fxglassets/textures/particles/trace_horizontal.png
09:06:34.093 [FXGL Background Thread 1 ] DEBUG GameApplicationServi - Application scenes initialized
09:06:34.115 [FXGL Background Thread 1 ] DEBUG SystemBundleService  - Loading FXGL system data
09:06:34.118 [FXGL Background Thread 1 ] DEBUG FileSystemAccess     - Reading from: C:\Users\JOSELYN KATO\Simulador-Restaurant\system\fxgl.bundle
09:06:34.121 [FXGL Background Thread 1 ] DEBUG SystemBundleService  - Bundle FXGL: {}
09:06:34.121 [FXGL Background Thread 1 ] DEBUG UpdaterService       - Checking for updates
09:06:34.126 [FXGL Background Thread 4 ] DEBUG FXGLApplication      - Loading fonts
09:06:34.127 [FXGL Background Thread 4 ] DEBUG FXGLAssetLoaderServi - Loading from file system: jar:file:/C:/Users/JOSELYN%20KATO/.m2/repository/com/github/almasb/fxgl/17.3/fxgl-17.3.jar!/fxglassets/ui/fonts/VarelaRound-Regular.ttf
09:06:34.127 [FXGL Background Thread 1 ] DEBUG FXGLApplication      - Loading default localization
09:06:34.127 [FXGL Background Thread 1 ] DEBUG FXGLAssetLoaderServi - Loading from file system: jar:file:/C:/Users/JOSELYN%20KATO/.m2/repository/com/github/almasb/fxgl/17.3/fxgl-17.3.jar!/fxglassets/languages/english.lang
09:06:34.156 [FXGL Background Thread 4 ] DEBUG FXGLAssetLoaderServi - Loading from file system: jar:file:/C:/Users/JOSELYN%20KATO/.m2/repository/com/github/almasb/fxgl/17.3/fxgl-17.3.jar!/fxglassets/ui/fonts/Abel-Regular.ttf
09:06:34.168 [FXGL Background Thread 1 ] INFO  FXGLApplication      - FXGL initialization took: 0.637 sec
09:06:34.170 [JavaFX Application Thread] DEBUG FXGLAssetLoaderServi - Loading from file system: jar:file:/C:/Users/JOSELYN%20KATO/.m2/repository/com/github/almasb/fxgl/17.3/fxgl-17.3.jar!/fxglassets/textures/fxgl_icon.png
09:06:34.172 [FXGL Background Thread 4 ] DEBUG FXGLAssetLoaderServi - Loading from file system: jar:file:/C:/Users/JOSELYN%20KATO/.m2/repository/com/github/almasb/fxgl/17.3/fxgl-17.3.jar!/fxglassets/ui/fonts/TerminalLandMono-Regular.otf
09:06:34.190 [FXGL Background Thread 4 ] DEBUG FXGLAssetLoaderServi - Loading from file system: jar:file:/C:/Users/JOSELYN%20KATO/.m2/repository/com/github/almasb/fxgl/17.3/fxgl-17.3.jar!/fxglassets/ui/fonts/Courier-Prime.ttf
09:06:34.205 [JavaFX Application Thread] DEBUG FXGLAssetLoaderServi - Loading from file system: jar:file:/C:/Users/JOSELYN%20KATO/.m2/repository/com/github/almasb/fxgl/17.3/fxgl-17.3.jar!/fxglassets/textures/fxgl_default_cursor.png
09:06:34.219 [JavaFX Application Thread] DEBUG Input                - Registered new binding: Screenshot - CTRL+8
09:06:34.220 [JavaFX Application Thread] DEBUG Input                - Registered new binding: System info dump - CTRL+9
09:06:34.221 [JavaFX Application Thread] DEBUG Input                - Registered new binding: Restart - CTRL+R
09:06:34.223 [JavaFX Application Thread] DEBUG Input                - Registered new binding: Toggle Debug Camera - CTRL+7
09:06:34.228 [JavaFX Application Thread] DEBUG LoopRunner           - Starting loop
09:06:34.229 [JavaFX Application Thread] DEBUG LoopRunner           - Initializing JavaFX AnimationTimerLoop
09:06:34.232 [JavaFX Application Thread] DEBUG GameApplicationServi - Starting new game
09:06:34.232 [JavaFX Application Thread] DEBUG Input                - Clearing active input actions
09:06:34.254 [JavaFX Application Thread] DEBUG GameApplicationServi - Removing overlay from FXGLStartupScene and adding to FXGLLoadingScene
09:06:34.254 [JavaFX Application Thread] DEBUG PrimaryStageWindow   - FXGLStartupScene -> FXGLLoadingScene
09:06:34.254 [JavaFX Application Thread] DEBUG GameApplicationServi - Clearing previous game
09:06:34.254 [JavaFX Application Thread] DEBUG GameScene            - Clearing game scene
09:06:34.255 [JavaFX Application Thread] DEBUG GameWorld            - Clearing game world
09:06:34.255 [JavaFX Application Thread] DEBUG PhysicsWorld         - Clearing physics world
09:06:34.256 [JavaFX Application Thread] DEBUG FXGLApplication      - Registering font factories with UI factory
09:06:34.256 [FXGL Background Thread 4 ] DEBUG FXGLApplication      - Initializing game
09:06:34.385 [FXGL Background Thread 4 ] INFO  FXGLApplication      - Game initialization took: 0.129 sec
09:06:34.486 [JavaFX Application Thread] DEBUG Input                - Clearing active input actions
09:06:34.513 [JavaFX Application Thread] DEBUG GameApplicationServi - Removing overlay from FXGLLoadingScene and adding to GameScene
09:06:34.513 [JavaFX Application Thread] DEBUG PrimaryStageWindow   - FXGLLoadingScene -> GameScene
09:06:35.886 [FXGL Background Thread 2 ] INFO  UpdaterService       - Your current version:  17.3
09:06:35.886 [FXGL Background Thread 2 ] INFO  UpdaterService       - Latest stable version: 21.1
09:06:37.126 [FXGL Background Thread 3 ] DEBUG Engine               - Logging environment variables
09:06:37.127 [FXGL Background Thread 3 ] DEBUG Engine               - achievements: []
09:06:37.127 [FXGL Background Thread 3 ] DEBUG Engine               - actualHeight: 520.0
09:06:37.127 [FXGL Background Thread 3 ] DEBUG Engine               - actualHeightProperty: ReadOnlyDoubleProperty [value: 520.0]
09:06:37.127 [FXGL Background Thread 3 ] DEBUG Engine               - actualWidth: 1280.0
09:06:37.127 [FXGL Background Thread 3 ] DEBUG Engine               - actualWidthProperty: ReadOnlyDoubleProperty [value: 1280.0]
09:06:37.127 [FXGL Background Thread 3 ] DEBUG Engine               - appIcon: fxgl_icon.png
09:06:37.127 [FXGL Background Thread 3 ] DEBUG Engine               - applicationMode: DEVELOPER
09:06:37.128 [FXGL Background Thread 3 ] DEBUG Engine               - cSSList: [fxgl_dark.css]
09:06:37.128 [FXGL Background Thread 3 ] DEBUG Engine               - collisionDetectionStrategy: BRUTE_FORCE
09:06:37.128 [FXGL Background Thread 3 ] DEBUG Engine               - configClass: Optional.empty
09:06:37.128 [FXGL Background Thread 3 ] DEBUG Engine               - credits: []
09:06:37.128 [FXGL Background Thread 3 ] DEBUG Engine               - defaultCursor: CursorInfo(imageName=fxgl_default_cursor.png, hotspotX=7.0, hotspotY=6.0)
09:06:37.128 [FXGL Background Thread 3 ] DEBUG Engine               - devBBoxColorProperty: ObjectProperty [value: 0xff0000ff]
09:06:37.128 [FXGL Background Thread 3 ] DEBUG Engine               - devEnableDebugCameraProperty: BooleanProperty [value: false]
09:06:37.129 [FXGL Background Thread 3 ] DEBUG Engine               - devSensorColorProperty: ObjectProperty [value: 0xffff00ff]
09:06:37.129 [FXGL Background Thread 3 ] DEBUG Engine               - devShowBBoxProperty: BooleanProperty [value: false]
09:06:37.129 [FXGL Background Thread 3 ] DEBUG Engine               - devShowPositionProperty: BooleanProperty [value: false]
09:06:37.129 [FXGL Background Thread 3 ] DEBUG Engine               - enabledMenuItems: []
09:06:37.129 [FXGL Background Thread 3 ] DEBUG Engine               - engineServices: [class com.almasb.fxgl.app.services.FXGLAssetLoaderService, class com.almasb.fxgl.app.FXGLApplication$GameApplicationService, class com.almasb.fxgl.app.services.FXGLDialogService, class com.almasb.fxgl.app.services.IOTaskExecutorService, class com.almasb.fxgl.io.FileSystemService, class com.almasb.fxgl.localization.LocalizationService, class com.almasb.fxgl.app.services.SystemBundleService, class com.almasb.fxgl.profile.SaveLoadService, class com.almasb.fxgl.ui.FXGLUIFactoryServiceProvider, class com.almasb.fxgl.ui.FXGLDialogFactoryServiceProvider, class com.almasb.fxgl.audio.AudioPlayer, class com.almasb.fxgl.notification.impl.NotificationServiceProvider, class com.almasb.fxgl.achievement.AchievementService, class com.almasb.fxgl.cutscene.CutsceneService, class com.almasb.fxgl.minigames.MiniGameService, class com.almasb.fxgl.net.NetService, class com.almasb.fxgl.app.services.UpdaterService, class com.almasb.fxgl.dev.DevService]
09:06:37.129 [FXGL Background Thread 3 ] DEBUG Engine               - fontGame: Abel-Regular.ttf
09:06:37.129 [FXGL Background Thread 3 ] DEBUG Engine               - fontMono: TerminalLandMono-Regular.otf
09:06:37.129 [FXGL Background Thread 3 ] DEBUG Engine               - fontSizeScaleUI: 1.0
09:06:37.129 [FXGL Background Thread 3 ] DEBUG Engine               - fontText: Courier-Prime.ttf
09:06:37.129 [FXGL Background Thread 3 ] DEBUG Engine               - fontUI: VarelaRound-Regular.ttf
09:06:37.129 [FXGL Background Thread 3 ] DEBUG Engine               - fullScreen: BooleanProperty [value: false]
09:06:37.129 [FXGL Background Thread 3 ] DEBUG Engine               - gameDifficulty: MEDIUM
09:06:37.129 [FXGL Background Thread 3 ] DEBUG Engine               - gameDifficultyProperty: ObjectProperty [value: MEDIUM]
09:06:37.129 [FXGL Background Thread 3 ] DEBUG Engine               - globalMusicVolume: 0.5
09:06:37.129 [FXGL Background Thread 3 ] DEBUG Engine               - globalMusicVolumeProperty: DoubleProperty [value: 0.5]
09:06:37.130 [FXGL Background Thread 3 ] DEBUG Engine               - globalSoundVolume: 0.5
09:06:37.130 [FXGL Background Thread 3 ] DEBUG Engine               - globalSoundVolumeProperty: DoubleProperty [value: 0.5]
09:06:37.130 [FXGL Background Thread 3 ] DEBUG Engine               - height: 520
09:06:37.130 [FXGL Background Thread 3 ] DEBUG Engine               - is3D: false
09:06:37.130 [FXGL Background Thread 3 ] DEBUG Engine               - isAndroid: false
09:06:37.130 [FXGL Background Thread 3 ] DEBUG Engine               - isBrowser: false
09:06:37.130 [FXGL Background Thread 3 ] DEBUG Engine               - isClickFeedbackEnabled: false
09:06:37.130 [FXGL Background Thread 3 ] DEBUG Engine               - isCloseConfirmation: false
09:06:37.130 [FXGL Background Thread 3 ] DEBUG Engine               - isDesktop: true
09:06:37.130 [FXGL Background Thread 3 ] DEBUG Engine               - isDeveloperMenuEnabled: false
09:06:37.130 [FXGL Background Thread 3 ] DEBUG Engine               - isEmbedded: false
09:06:37.130 [FXGL Background Thread 3 ] DEBUG Engine               - isEntityPreloadEnabled: true
09:06:37.130 [FXGL Background Thread 3 ] DEBUG Engine               - isExperimentalTiledLargeMap: false
09:06:37.130 [FXGL Background Thread 3 ] DEBUG Engine               - isFileSystemWriteAllowed: true
09:06:37.130 [FXGL Background Thread 3 ] DEBUG Engine               - isFullScreenAllowed: false
09:06:37.130 [FXGL Background Thread 3 ] DEBUG Engine               - isFullScreenFromStart: false
09:06:37.130 [FXGL Background Thread 3 ] DEBUG Engine               - isGameMenuEnabled: true
09:06:37.130 [FXGL Background Thread 3 ] DEBUG Engine               - isIOS: false
09:06:37.130 [FXGL Background Thread 3 ] DEBUG Engine               - isIntroEnabled: false
09:06:37.131 [FXGL Background Thread 3 ] DEBUG Engine               - isLinux: false
09:06:37.131 [FXGL Background Thread 3 ] DEBUG Engine               - isMac: false
09:06:37.131 [FXGL Background Thread 3 ] DEBUG Engine               - isMainMenuEnabled: false
09:06:37.131 [FXGL Background Thread 3 ] DEBUG Engine               - isManualResizeEnabled: false
09:06:37.131 [FXGL Background Thread 3 ] DEBUG Engine               - isMobile: false
09:06:37.131 [FXGL Background Thread 3 ] DEBUG Engine               - isNative: false
09:06:37.131 [FXGL Background Thread 3 ] DEBUG Engine               - isPauseMusicWhenMinimized: true
09:06:37.131 [FXGL Background Thread 3 ] DEBUG Engine               - isPreserveResizeRatio: false
09:06:37.131 [FXGL Background Thread 3 ] DEBUG Engine               - isProfilingEnabled: false
09:06:37.131 [FXGL Background Thread 3 ] DEBUG Engine               - isScaleAffectedOnResize: true
09:06:37.131 [FXGL Background Thread 3 ] DEBUG Engine               - isSingleStep: false
09:06:37.131 [FXGL Background Thread 3 ] DEBUG Engine               - isUserProfileEnabled: false
09:06:37.131 [FXGL Background Thread 3 ] DEBUG Engine               - isWindows: true
09:06:37.131 [FXGL Background Thread 3 ] DEBUG Engine               - language: ObjectProperty [value: ENGLISH]
09:06:37.131 [FXGL Background Thread 3 ] DEBUG Engine               - menuKey: ESCAPE
09:06:37.131 [FXGL Background Thread 3 ] DEBUG Engine               - mouseSensitivity: 0.2
09:06:37.132 [FXGL Background Thread 3 ] DEBUG Engine               - notificationViewClass: class com.almasb.fxgl.notification.view.XboxNotificationView
09:06:37.132 [FXGL Background Thread 3 ] DEBUG Engine               - pixelsPerMeter: 50.0
09:06:37.132 [FXGL Background Thread 3 ] DEBUG Engine               - platform: WINDOWS
09:06:37.132 [FXGL Background Thread 3 ] DEBUG Engine               - prefHeightProperty: ReadOnlyDoubleProperty [value: 520.0]
09:06:37.132 [FXGL Background Thread 3 ] DEBUG Engine               - prefWidthProperty: ReadOnlyDoubleProperty [value: 1280.0]
09:06:37.132 [FXGL Background Thread 3 ] DEBUG Engine               - profileDir: profiles/
09:06:37.132 [FXGL Background Thread 3 ] DEBUG Engine               - profileName: StringProperty [value: DEFAULT]
09:06:37.132 [FXGL Background Thread 3 ] DEBUG Engine               - randomSeed: -1
09:06:37.133 [FXGL Background Thread 3 ] DEBUG Engine               - runtimeInfo: RuntimeInfo(platform=WINDOWS, version=17.3, build=30.03.2023 11.49)
09:06:37.133 [FXGL Background Thread 3 ] DEBUG Engine               - saveFileExt: sav
09:06:37.133 [FXGL Background Thread 3 ] DEBUG Engine               - scaledHeightProp$fxgl: DoubleProperty [bound, value: 520.0]
09:06:37.133 [FXGL Background Thread 3 ] DEBUG Engine               - scaledWidthProp$fxgl: DoubleProperty [bound, value: 1280.0]
09:06:37.133 [FXGL Background Thread 3 ] DEBUG Engine               - sceneFactory: com.almasb.fxgl.app.scene.SceneFactory@5ca2be10
09:06:37.133 [FXGL Background Thread 3 ] DEBUG Engine               - secondsIn24h: 60
09:06:37.133 [FXGL Background Thread 3 ] DEBUG Engine               - soundMenuBack: menu/back.wav
09:06:37.133 [FXGL Background Thread 3 ] DEBUG Engine               - soundMenuPress: menu/press.wav
09:06:37.133 [FXGL Background Thread 3 ] DEBUG Engine               - soundMenuSelect: menu/select.wav
09:06:37.133 [FXGL Background Thread 3 ] DEBUG Engine               - soundNotification: core/notification.wav
09:06:37.133 [FXGL Background Thread 3 ] DEBUG Engine               - stageStyle: DECORATED
09:06:37.134 [FXGL Background Thread 3 ] DEBUG Engine               - supportedLanguages: [ENGLISH, FRENCH, GERMAN, HUNGARIAN, RUSSIAN]
09:06:37.134 [FXGL Background Thread 3 ] DEBUG Engine               - ticksPerSecond: -1
09:06:37.134 [FXGL Background Thread 3 ] DEBUG Engine               - title: Restaurant Simulator
09:06:37.134 [FXGL Background Thread 3 ] DEBUG Engine               - urlGithub: https://github.com/AlmasB/FXGL
09:06:37.134 [FXGL Background Thread 3 ] DEBUG Engine               - urlLeaderboard: http://fxgl-top.herokuapp.com/
09:06:37.134 [FXGL Background Thread 3 ] DEBUG Engine               - urlPOM: https://raw.githubusercontent.com/AlmasB/FXGL/release/README.md
09:06:37.134 [FXGL Background Thread 3 ] DEBUG Engine               - userAppClass: class com.restaurant.application.GameApp
09:06:37.134 [FXGL Background Thread 3 ] DEBUG Engine               - version: 1.0
09:06:37.134 [FXGL Background Thread 3 ] DEBUG Engine               - versionCheckDays: 7
09:06:37.134 [FXGL Background Thread 3 ] DEBUG Engine               - width: 1280
09:06:37.134 [FXGL Background Thread 3 ] DEBUG Engine               - Logging services
09:06:37.134 [FXGL Background Thread 3 ] DEBUG Engine               - class com.almasb.fxgl.app.services.FXGLAssetLoaderService
09:06:37.134 [FXGL Background Thread 3 ] DEBUG Engine               - class com.almasb.fxgl.app.FXGLApplication$GameApplicationService
09:06:37.134 [FXGL Background Thread 3 ] DEBUG Engine               - class com.almasb.fxgl.app.services.FXGLDialogService
09:06:37.134 [FXGL Background Thread 3 ] DEBUG Engine               - class com.almasb.fxgl.app.services.IOTaskExecutorService
09:06:37.134 [FXGL Background Thread 3 ] DEBUG Engine               - class com.almasb.fxgl.io.FileSystemService
09:06:37.135 [FXGL Background Thread 3 ] DEBUG Engine               - class com.almasb.fxgl.localization.LocalizationService
09:06:37.135 [FXGL Background Thread 3 ] DEBUG Engine               - class com.almasb.fxgl.app.services.SystemBundleService
09:06:37.135 [FXGL Background Thread 3 ] DEBUG Engine               - class com.almasb.fxgl.profile.SaveLoadService
09:06:37.135 [FXGL Background Thread 3 ] DEBUG Engine               - class com.almasb.fxgl.ui.FXGLUIFactoryServiceProvider
09:06:37.135 [FXGL Background Thread 3 ] DEBUG Engine               - class com.almasb.fxgl.ui.FXGLDialogFactoryServiceProvider
09:06:37.135 [FXGL Background Thread 3 ] DEBUG Engine               - class com.almasb.fxgl.audio.AudioPlayer
09:06:37.135 [FXGL Background Thread 3 ] DEBUG Engine               - class com.almasb.fxgl.notification.impl.NotificationServiceProvider
09:06:37.135 [FXGL Background Thread 3 ] DEBUG Engine               - class com.almasb.fxgl.achievement.AchievementService
09:06:37.135 [FXGL Background Thread 3 ] DEBUG Engine               - class com.almasb.fxgl.cutscene.CutsceneService
09:06:37.135 [FXGL Background Thread 3 ] DEBUG Engine               - class com.almasb.fxgl.minigames.MiniGameService
09:06:37.135 [FXGL Background Thread 3 ] DEBUG Engine               - class com.almasb.fxgl.net.NetService
09:06:37.135 [FXGL Background Thread 3 ] DEBUG Engine               - class com.almasb.fxgl.app.services.UpdaterService
09:06:37.135 [FXGL Background Thread 3 ] DEBUG Engine               - class com.almasb.fxgl.dev.DevService
09:07:03.075 [Thread-5                 ] DEBUG LoopRunner           - Stopping loop
09:07:03.078 [Thread-5                 ] FATAL FXGLApplication      - Uncaught Exception:
java.lang.IllegalStateException: Not on FX application thread; currentThread = Thread-5
	at com.sun.javafx.tk.Toolkit.checkFxUserThread(Toolkit.java:294)
	at com.sun.javafx.tk.quantum.QuantumToolkit.checkFxUserThread(QuantumToolkit.java:475)
	at javafx.scene.Parent$3.onProposedChange(Parent.java:475)
	at com.sun.javafx.collections.VetoableListDecorator.setAll(VetoableListDecorator.java:116)
	at com.sun.javafx.collections.VetoableListDecorator.setAll(VetoableListDecorator.java:110)
	at javafx.scene.control.skin.LabeledSkinBase.updateChildren(LabeledSkinBase.java:282)
	at javafx.scene.control.skin.LabeledSkinBase.lambda$new$11(LabeledSkinBase.java:219)
	at com.sun.javafx.scene.control.LambdaMultiplePropertyChangeListenerHandler.lambda$new$1(LambdaMultiplePropertyChangeListenerHandler.java:88)
	at javafx.beans.value.WeakChangeListener.changed(WeakChangeListener.java:86)
	at com.sun.javafx.binding.ExpressionHelper$SingleChange.fireValueChangedEvent(ExpressionHelper.java:192)
	at com.sun.javafx.binding.ExpressionHelper.fireValueChangedEvent(ExpressionHelper.java:91)
	at javafx.beans.property.StringPropertyBase.fireValueChangedEvent(StringPropertyBase.java:104)
	at javafx.beans.property.StringPropertyBase.markInvalid(StringPropertyBase.java:111)
	at javafx.beans.property.StringPropertyBase$Listener.invalidated(StringPropertyBase.java:231)
	at com.sun.javafx.binding.ExpressionHelper$SingleInvalidation.fireValueChangedEvent(ExpressionHelper.java:147)
	at com.sun.javafx.binding.ExpressionHelper.fireValueChangedEvent(ExpressionHelper.java:91)
	at javafx.beans.binding.StringBinding.invalidate(StringBinding.java:181)
	at com.sun.javafx.binding.BindingHelperObserver.invalidated(BindingHelperObserver.java:52)
	at com.sun.javafx.binding.ExpressionHelper$SingleInvalidation.fireValueChangedEvent(ExpressionHelper.java:147)
	at com.sun.javafx.binding.ExpressionHelper.fireValueChangedEvent(ExpressionHelper.java:91)
	at javafx.beans.property.IntegerPropertyBase.fireValueChangedEvent(IntegerPropertyBase.java:107)
	at javafx.beans.property.IntegerPropertyBase.markInvalid(IntegerPropertyBase.java:114)
	at javafx.beans.property.IntegerPropertyBase.set(IntegerPropertyBase.java:148)
	at com.restaurant.domain.models.CustomerStats.incrementWaitingForTable(CustomerStats.java:19)
	at com.restaurant.domain.entities.Receptionist.handleCustomer(Receptionist.java:85)
	at com.restaurant.domain.entities.Receptionist.lambda$startReceptionistBehavior$0(Receptionist.java:40)
	at java.base/java.lang.Thread.run(Thread.java:1583)

09:07:03.078 [Thread-5                 ] FATAL FXGLApplication      - Application will now exit
09:07:03.101 [Thread-5                 ] DEBUG PrimaryStageWindow   - Push state: ErrorSubScene
09:07:03.102 [Thread-5                 ] DEBUG Input                - Clearing active input actions
09:07:09.425 [JavaFX Application Thread] DEBUG FXGLApplication      - Exiting FXGL
09:07:09.427 [JavaFX Application Thread] DEBUG Async                - Shutting down background threads
09:07:09.427 [JavaFX Application Thread] DEBUG PrimaryStageWindow   - Closing main window
09:07:09.444 [JavaFX Application Thread] DEBUG Logger               - Closing Logger
