04:13:35.314 [main                     ] DEBUG Logger               - Configured Logger
04:13:35.327 [main                     ] DEBUG GameApplication      - Logging settings
Title: Restaurant Simulator
Version: 1.0
Width: 1280
Height: 520
Fullscreen: false
Intro: false
Profiling: false
Single step:false
App Mode: DEVELOPER
Menu Key: ESCAPE
Stage Style: DECORATED
Scene Factory: class com.almasb.fxgl.app.scene.SceneFactory

04:13:35.686 [JavaFX Application Thread] DEBUG FXGLApplication      - Initializing FXGL
04:13:35.689 [JavaFX Application Thread] INFO  Engine               - FXGL-17.3 (30.03.2023 11.49) on WINDOWS (J:21.0.5 FX:21)
04:13:35.690 [JavaFX Application Thread] DEBUG Engine               - JRE Vendor Name: Amazon.com Inc.
04:13:35.690 [JavaFX Application Thread] DEBUG Engine               - Running on OS: Windows 11 version 10.0
04:13:35.690 [JavaFX Application Thread] DEBUG Engine               - Architecture: amd64
04:13:35.690 [JavaFX Application Thread] INFO  Engine               - Source code and latest versions at: https://github.com/AlmasB/FXGL
04:13:35.690 [JavaFX Application Thread] INFO  Engine               -       Ask questions and discuss at: https://github.com/AlmasB/FXGL/discussions
04:13:35.690 [JavaFX Application Thread] INFO  Engine               -              Join the FXGL chat at: https://gitter.im/AlmasB/FXGL
04:13:35.789 [JavaFX Application Thread] DEBUG PrimaryStageWindow   - Creating a JavaFX scene
04:13:35.834 [JavaFX Application Thread] DEBUG PrimaryStageWindow   - Target settings size: 1280.0 x 520.0
04:13:35.834 [JavaFX Application Thread] DEBUG PrimaryStageWindow   - Scaled scene size:    1280.0 x 520.0
04:13:35.834 [JavaFX Application Thread] DEBUG PrimaryStageWindow   - Scaled ratio: (1.0, 1.0)
04:13:35.835 [JavaFX Application Thread] DEBUG PrimaryStageWindow   - Set initial scene to FXGLStartupScene
04:13:35.838 [JavaFX Application Thread] DEBUG PrimaryStageWindow   - Opening main window
04:13:35.930 [JavaFX Application Thread] DEBUG PrimaryStageWindow   - Window border size: (14.4000244140625, 37.5999755859375)
04:13:35.930 [JavaFX Application Thread] DEBUG PrimaryStageWindow   - Scaled size: 1280.0 x 520.0
04:13:35.930 [JavaFX Application Thread] DEBUG PrimaryStageWindow   - Scaled ratio: (1.0, 1.0)
04:13:35.931 [JavaFX Application Thread] DEBUG PrimaryStageWindow   - Scene size: 1280.0 x 520.0
04:13:35.931 [JavaFX Application Thread] DEBUG PrimaryStageWindow   - Stage size: 1294.4000244140625 x 557.5999755859375
04:13:35.936 [FXGL Background Thread 1 ] DEBUG Engine               - Initializing environment variables
04:13:35.978 [FXGL Background Thread 1 ] DEBUG FXGLAssetLoaderServi - User app class for loading assets: class com.restaurant.application.GameApp
04:13:35.978 [FXGL Background Thread 1 ] DEBUG GameApplicationServi - Applying CSS: fxgl_dark.css
04:13:35.979 [FXGL Background Thread 1 ] DEBUG FXGLAssetLoaderServi - Loading from file system: jar:file:/C:/Users/JOSELYN%20KATO/.m2/repository/com/github/almasb/fxgl/17.3/fxgl-17.3.jar!/fxglassets/ui/css/fxgl_dark.css
04:13:36.020 [FXGL Background Thread 1 ] DEBUG GameApplicationServi - Initializing application scenes
04:13:36.067 [FXGL Background Thread 1 ] DEBUG GameWorld            - Game world initialized
04:13:36.138 [FXGL Background Thread 1 ] DEBUG PhysicsWorld         - Physics world initialized: appHeight=520, physics.ppm=50.0
04:13:36.138 [FXGL Background Thread 1 ] DEBUG PhysicsWorld         - Using strategy: BRUTE_FORCE
04:13:36.143 [FXGL Background Thread 1 ] DEBUG GameScene            - Game scene initialized: 1280x520
04:13:36.159 [FXGL Background Thread 1 ] WARN  FXGL.DefaultMenu     - FXGLDefaultMenu is not designed for resolutions < 800x600
04:13:36.159 [FXGL Background Thread 1 ] DEBUG FXGL.DefaultMenu     - createMenuBodyGameMenu()
04:13:36.178 [FXGL Background Thread 1 ] DEBUG FXGL.DefaultMenu     - createOptionsMenu()
04:13:36.187 [FXGL Background Thread 1 ] DEBUG FXGLAssetLoaderServi - Loading from file system: jar:file:/C:/Users/JOSELYN%20KATO/.m2/repository/com/github/almasb/fxgl/17.3/fxgl-17.3.jar!/fxglassets/textures/particles/smoke.png
04:13:36.281 [FXGL Background Thread 1 ] DEBUG FXGLAssetLoaderServi - Loading from file system: jar:file:/C:/Users/JOSELYN%20KATO/.m2/repository/com/github/almasb/fxgl/17.3/fxgl-17.3.jar!/fxglassets/textures/particles/trace_horizontal.png
04:13:36.302 [FXGL Background Thread 1 ] DEBUG GameApplicationServi - Application scenes initialized
04:13:36.314 [FXGL Background Thread 1 ] DEBUG SystemBundleService  - Loading FXGL system data
04:13:36.315 [FXGL Background Thread 1 ] DEBUG FileSystemAccess     - Reading from: C:\Users\JOSELYN KATO\Simulador-Restaurant\system\fxgl.bundle
04:13:36.318 [FXGL Background Thread 1 ] DEBUG SystemBundleService  - Bundle FXGL: {}
04:13:36.318 [FXGL Background Thread 1 ] DEBUG UpdaterService       - Checking for updates
04:13:36.321 [FXGL Background Thread 4 ] DEBUG FXGLApplication      - Loading fonts
04:13:36.322 [FXGL Background Thread 4 ] DEBUG FXGLAssetLoaderServi - Loading from file system: jar:file:/C:/Users/JOSELYN%20KATO/.m2/repository/com/github/almasb/fxgl/17.3/fxgl-17.3.jar!/fxglassets/ui/fonts/VarelaRound-Regular.ttf
04:13:36.322 [FXGL Background Thread 1 ] DEBUG FXGLApplication      - Loading default localization
04:13:36.322 [FXGL Background Thread 1 ] DEBUG FXGLAssetLoaderServi - Loading from file system: jar:file:/C:/Users/JOSELYN%20KATO/.m2/repository/com/github/almasb/fxgl/17.3/fxgl-17.3.jar!/fxglassets/languages/english.lang
04:13:36.349 [FXGL Background Thread 4 ] DEBUG FXGLAssetLoaderServi - Loading from file system: jar:file:/C:/Users/JOSELYN%20KATO/.m2/repository/com/github/almasb/fxgl/17.3/fxgl-17.3.jar!/fxglassets/ui/fonts/Abel-Regular.ttf
04:13:36.350 [FXGL Background Thread 1 ] INFO  FXGLApplication      - FXGL initialization took: 0.414 sec
04:13:36.351 [JavaFX Application Thread] DEBUG FXGLAssetLoaderServi - Loading from file system: jar:file:/C:/Users/JOSELYN%20KATO/.m2/repository/com/github/almasb/fxgl/17.3/fxgl-17.3.jar!/fxglassets/textures/fxgl_icon.png
04:13:36.364 [FXGL Background Thread 4 ] DEBUG FXGLAssetLoaderServi - Loading from file system: jar:file:/C:/Users/JOSELYN%20KATO/.m2/repository/com/github/almasb/fxgl/17.3/fxgl-17.3.jar!/fxglassets/ui/fonts/TerminalLandMono-Regular.otf
04:13:36.370 [JavaFX Application Thread] DEBUG FXGLAssetLoaderServi - Loading from file system: jar:file:/C:/Users/JOSELYN%20KATO/.m2/repository/com/github/almasb/fxgl/17.3/fxgl-17.3.jar!/fxglassets/textures/fxgl_default_cursor.png
04:13:36.380 [JavaFX Application Thread] DEBUG Input                - Registered new binding: Screenshot - CTRL+8
04:13:36.380 [JavaFX Application Thread] DEBUG Input                - Registered new binding: System info dump - CTRL+9
04:13:36.380 [JavaFX Application Thread] DEBUG Input                - Registered new binding: Restart - CTRL+R
04:13:36.381 [JavaFX Application Thread] DEBUG Input                - Registered new binding: Toggle Debug Camera - CTRL+7
04:13:36.383 [JavaFX Application Thread] DEBUG LoopRunner           - Starting loop
04:13:36.383 [JavaFX Application Thread] DEBUG LoopRunner           - Initializing JavaFX AnimationTimerLoop
04:13:36.385 [JavaFX Application Thread] DEBUG GameApplicationServi - Starting new game
04:13:36.385 [JavaFX Application Thread] DEBUG Input                - Clearing active input actions
04:13:36.386 [FXGL Background Thread 4 ] DEBUG FXGLAssetLoaderServi - Loading from file system: jar:file:/C:/Users/JOSELYN%20KATO/.m2/repository/com/github/almasb/fxgl/17.3/fxgl-17.3.jar!/fxglassets/ui/fonts/Courier-Prime.ttf
04:13:36.393 [JavaFX Application Thread] DEBUG GameApplicationServi - Removing overlay from FXGLStartupScene and adding to FXGLLoadingScene
04:13:36.394 [JavaFX Application Thread] DEBUG PrimaryStageWindow   - FXGLStartupScene -> FXGLLoadingScene
04:13:36.394 [JavaFX Application Thread] DEBUG GameApplicationServi - Clearing previous game
04:13:36.394 [JavaFX Application Thread] DEBUG GameScene            - Clearing game scene
04:13:36.394 [JavaFX Application Thread] DEBUG GameWorld            - Clearing game world
04:13:36.394 [JavaFX Application Thread] DEBUG PhysicsWorld         - Clearing physics world
04:13:36.396 [FXGL Background Thread 1 ] DEBUG FXGLApplication      - Initializing game
04:13:36.435 [JavaFX Application Thread] DEBUG FXGLApplication      - Registering font factories with UI factory
04:13:36.926 [FXGL Background Thread 2 ] INFO  UpdaterService       - Your current version:  17.3
04:13:36.926 [FXGL Background Thread 2 ] INFO  UpdaterService       - Latest stable version: 21.1
04:13:38.242 [FXGL Background Thread 1 ] INFO  FXGLApplication      - Game initialization took: 1.845 sec
04:13:38.242 [JavaFX Application Thread] DEBUG Input                - Clearing active input actions
04:13:38.256 [JavaFX Application Thread] DEBUG GameApplicationServi - Removing overlay from FXGLLoadingScene and adding to GameScene
04:13:38.256 [JavaFX Application Thread] DEBUG PrimaryStageWindow   - FXGLLoadingScene -> GameScene
04:13:39.329 [FXGL Background Thread 3 ] DEBUG Engine               - Logging environment variables
04:13:39.351 [FXGL Background Thread 3 ] DEBUG Engine               - achievements: []
04:13:39.352 [FXGL Background Thread 3 ] DEBUG Engine               - actualHeight: 520.0
04:13:39.353 [FXGL Background Thread 3 ] DEBUG Engine               - actualHeightProperty: ReadOnlyDoubleProperty [value: 520.0]
04:13:39.353 [FXGL Background Thread 3 ] DEBUG Engine               - actualWidth: 1280.0
04:13:39.353 [FXGL Background Thread 3 ] DEBUG Engine               - actualWidthProperty: ReadOnlyDoubleProperty [value: 1280.0]
04:13:39.353 [FXGL Background Thread 3 ] DEBUG Engine               - appIcon: fxgl_icon.png
04:13:39.353 [FXGL Background Thread 3 ] DEBUG Engine               - applicationMode: DEVELOPER
04:13:39.354 [FXGL Background Thread 3 ] DEBUG Engine               - cSSList: [fxgl_dark.css]
04:13:39.354 [FXGL Background Thread 3 ] DEBUG Engine               - collisionDetectionStrategy: BRUTE_FORCE
04:13:39.355 [FXGL Background Thread 3 ] DEBUG Engine               - configClass: Optional.empty
04:13:39.356 [FXGL Background Thread 3 ] DEBUG Engine               - credits: []
04:13:39.363 [FXGL Background Thread 3 ] DEBUG Engine               - defaultCursor: CursorInfo(imageName=fxgl_default_cursor.png, hotspotX=7.0, hotspotY=6.0)
04:13:39.364 [FXGL Background Thread 3 ] DEBUG Engine               - devBBoxColorProperty: ObjectProperty [value: 0xff0000ff]
04:13:39.364 [FXGL Background Thread 3 ] DEBUG Engine               - devEnableDebugCameraProperty: BooleanProperty [value: false]
04:13:39.364 [FXGL Background Thread 3 ] DEBUG Engine               - devSensorColorProperty: ObjectProperty [value: 0xffff00ff]
04:13:39.364 [FXGL Background Thread 3 ] DEBUG Engine               - devShowBBoxProperty: BooleanProperty [value: false]
04:13:39.364 [FXGL Background Thread 3 ] DEBUG Engine               - devShowPositionProperty: BooleanProperty [value: false]
04:13:39.364 [FXGL Background Thread 3 ] DEBUG Engine               - enabledMenuItems: []
04:13:39.365 [FXGL Background Thread 3 ] DEBUG Engine               - engineServices: [class com.almasb.fxgl.app.services.FXGLAssetLoaderService, class com.almasb.fxgl.app.FXGLApplication$GameApplicationService, class com.almasb.fxgl.app.services.FXGLDialogService, class com.almasb.fxgl.app.services.IOTaskExecutorService, class com.almasb.fxgl.io.FileSystemService, class com.almasb.fxgl.localization.LocalizationService, class com.almasb.fxgl.app.services.SystemBundleService, class com.almasb.fxgl.profile.SaveLoadService, class com.almasb.fxgl.ui.FXGLUIFactoryServiceProvider, class com.almasb.fxgl.ui.FXGLDialogFactoryServiceProvider, class com.almasb.fxgl.audio.AudioPlayer, class com.almasb.fxgl.notification.impl.NotificationServiceProvider, class com.almasb.fxgl.achievement.AchievementService, class com.almasb.fxgl.cutscene.CutsceneService, class com.almasb.fxgl.minigames.MiniGameService, class com.almasb.fxgl.net.NetService, class com.almasb.fxgl.app.services.UpdaterService, class com.almasb.fxgl.dev.DevService]
04:13:39.365 [FXGL Background Thread 3 ] DEBUG Engine               - fontGame: Abel-Regular.ttf
04:13:39.365 [FXGL Background Thread 3 ] DEBUG Engine               - fontMono: TerminalLandMono-Regular.otf
04:13:39.365 [FXGL Background Thread 3 ] DEBUG Engine               - fontSizeScaleUI: 1.0
04:13:39.365 [FXGL Background Thread 3 ] DEBUG Engine               - fontText: Courier-Prime.ttf
04:13:39.365 [FXGL Background Thread 3 ] DEBUG Engine               - fontUI: VarelaRound-Regular.ttf
04:13:39.366 [FXGL Background Thread 3 ] DEBUG Engine               - fullScreen: BooleanProperty [value: false]
04:13:39.366 [FXGL Background Thread 3 ] DEBUG Engine               - gameDifficulty: MEDIUM
04:13:39.366 [FXGL Background Thread 3 ] DEBUG Engine               - gameDifficultyProperty: ObjectProperty [value: MEDIUM]
04:13:39.366 [FXGL Background Thread 3 ] DEBUG Engine               - globalMusicVolume: 0.5
04:13:39.366 [FXGL Background Thread 3 ] DEBUG Engine               - globalMusicVolumeProperty: DoubleProperty [value: 0.5]
04:13:39.366 [FXGL Background Thread 3 ] DEBUG Engine               - globalSoundVolume: 0.5
04:13:39.366 [FXGL Background Thread 3 ] DEBUG Engine               - globalSoundVolumeProperty: DoubleProperty [value: 0.5]
04:13:39.366 [FXGL Background Thread 3 ] DEBUG Engine               - height: 520
04:13:39.366 [FXGL Background Thread 3 ] DEBUG Engine               - is3D: false
04:13:39.366 [FXGL Background Thread 3 ] DEBUG Engine               - isAndroid: false
04:13:39.366 [FXGL Background Thread 3 ] DEBUG Engine               - isBrowser: false
04:13:39.366 [FXGL Background Thread 3 ] DEBUG Engine               - isClickFeedbackEnabled: false
04:13:39.366 [FXGL Background Thread 3 ] DEBUG Engine               - isCloseConfirmation: false
04:13:39.366 [FXGL Background Thread 3 ] DEBUG Engine               - isDesktop: true
04:13:39.366 [FXGL Background Thread 3 ] DEBUG Engine               - isDeveloperMenuEnabled: false
04:13:39.366 [FXGL Background Thread 3 ] DEBUG Engine               - isEmbedded: false
04:13:39.366 [FXGL Background Thread 3 ] DEBUG Engine               - isEntityPreloadEnabled: true
04:13:39.367 [FXGL Background Thread 3 ] DEBUG Engine               - isExperimentalTiledLargeMap: false
04:13:39.367 [FXGL Background Thread 3 ] DEBUG Engine               - isFileSystemWriteAllowed: true
04:13:39.367 [FXGL Background Thread 3 ] DEBUG Engine               - isFullScreenAllowed: false
04:13:39.367 [FXGL Background Thread 3 ] DEBUG Engine               - isFullScreenFromStart: false
04:13:39.367 [FXGL Background Thread 3 ] DEBUG Engine               - isGameMenuEnabled: true
04:13:39.367 [FXGL Background Thread 3 ] DEBUG Engine               - isIOS: false
04:13:39.367 [FXGL Background Thread 3 ] DEBUG Engine               - isIntroEnabled: false
04:13:39.367 [FXGL Background Thread 3 ] DEBUG Engine               - isLinux: false
04:13:39.367 [FXGL Background Thread 3 ] DEBUG Engine               - isMac: false
04:13:39.367 [FXGL Background Thread 3 ] DEBUG Engine               - isMainMenuEnabled: false
04:13:39.367 [FXGL Background Thread 3 ] DEBUG Engine               - isManualResizeEnabled: false
04:13:39.367 [FXGL Background Thread 3 ] DEBUG Engine               - isMobile: false
04:13:39.367 [FXGL Background Thread 3 ] DEBUG Engine               - isNative: false
04:13:39.367 [FXGL Background Thread 3 ] DEBUG Engine               - isPauseMusicWhenMinimized: true
04:13:39.367 [FXGL Background Thread 3 ] DEBUG Engine               - isPreserveResizeRatio: false
04:13:39.367 [FXGL Background Thread 3 ] DEBUG Engine               - isProfilingEnabled: false
04:13:39.367 [FXGL Background Thread 3 ] DEBUG Engine               - isScaleAffectedOnResize: true
04:13:39.367 [FXGL Background Thread 3 ] DEBUG Engine               - isSingleStep: false
04:13:39.367 [FXGL Background Thread 3 ] DEBUG Engine               - isUserProfileEnabled: false
04:13:39.367 [FXGL Background Thread 3 ] DEBUG Engine               - isWindows: true
04:13:39.368 [FXGL Background Thread 3 ] DEBUG Engine               - language: ObjectProperty [value: ENGLISH]
04:13:39.368 [FXGL Background Thread 3 ] DEBUG Engine               - menuKey: ESCAPE
04:13:39.368 [FXGL Background Thread 3 ] DEBUG Engine               - mouseSensitivity: 0.2
04:13:39.368 [FXGL Background Thread 3 ] DEBUG Engine               - notificationViewClass: class com.almasb.fxgl.notification.view.XboxNotificationView
04:13:39.368 [FXGL Background Thread 3 ] DEBUG Engine               - pixelsPerMeter: 50.0
04:13:39.368 [FXGL Background Thread 3 ] DEBUG Engine               - platform: WINDOWS
04:13:39.368 [FXGL Background Thread 3 ] DEBUG Engine               - prefHeightProperty: ReadOnlyDoubleProperty [value: 520.0]
04:13:39.368 [FXGL Background Thread 3 ] DEBUG Engine               - prefWidthProperty: ReadOnlyDoubleProperty [value: 1280.0]
04:13:39.368 [FXGL Background Thread 3 ] DEBUG Engine               - profileDir: profiles/
04:13:39.369 [FXGL Background Thread 3 ] DEBUG Engine               - profileName: StringProperty [value: DEFAULT]
04:13:39.369 [FXGL Background Thread 3 ] DEBUG Engine               - randomSeed: -1
04:13:39.370 [FXGL Background Thread 3 ] DEBUG Engine               - runtimeInfo: RuntimeInfo(platform=WINDOWS, version=17.3, build=30.03.2023 11.49)
04:13:39.370 [FXGL Background Thread 3 ] DEBUG Engine               - saveFileExt: sav
04:13:39.371 [FXGL Background Thread 3 ] DEBUG Engine               - scaledHeightProp$fxgl: DoubleProperty [bound, value: 520.0]
04:13:39.371 [FXGL Background Thread 3 ] DEBUG Engine               - scaledWidthProp$fxgl: DoubleProperty [bound, value: 1280.0]
04:13:39.371 [FXGL Background Thread 3 ] DEBUG Engine               - sceneFactory: com.almasb.fxgl.app.scene.SceneFactory@692681be
04:13:39.372 [FXGL Background Thread 3 ] DEBUG Engine               - secondsIn24h: 60
04:13:39.372 [FXGL Background Thread 3 ] DEBUG Engine               - soundMenuBack: menu/back.wav
04:13:39.372 [FXGL Background Thread 3 ] DEBUG Engine               - soundMenuPress: menu/press.wav
04:13:39.372 [FXGL Background Thread 3 ] DEBUG Engine               - soundMenuSelect: menu/select.wav
04:13:39.372 [FXGL Background Thread 3 ] DEBUG Engine               - soundNotification: core/notification.wav
04:13:39.372 [FXGL Background Thread 3 ] DEBUG Engine               - stageStyle: DECORATED
04:13:39.372 [FXGL Background Thread 3 ] DEBUG Engine               - supportedLanguages: [ENGLISH, FRENCH, GERMAN, HUNGARIAN, RUSSIAN]
04:13:39.372 [FXGL Background Thread 3 ] DEBUG Engine               - ticksPerSecond: -1
04:13:39.373 [FXGL Background Thread 3 ] DEBUG Engine               - title: Restaurant Simulator
04:13:39.373 [FXGL Background Thread 3 ] DEBUG Engine               - urlGithub: https://github.com/AlmasB/FXGL
04:13:39.373 [FXGL Background Thread 3 ] DEBUG Engine               - urlLeaderboard: http://fxgl-top.herokuapp.com/
04:13:39.373 [FXGL Background Thread 3 ] DEBUG Engine               - urlPOM: https://raw.githubusercontent.com/AlmasB/FXGL/release/README.md
04:13:39.373 [FXGL Background Thread 3 ] DEBUG Engine               - userAppClass: class com.restaurant.application.GameApp
04:13:39.373 [FXGL Background Thread 3 ] DEBUG Engine               - version: 1.0
04:13:39.373 [FXGL Background Thread 3 ] DEBUG Engine               - versionCheckDays: 7
04:13:39.373 [FXGL Background Thread 3 ] DEBUG Engine               - width: 1280
04:13:39.374 [FXGL Background Thread 3 ] DEBUG Engine               - Logging services
04:13:39.374 [FXGL Background Thread 3 ] DEBUG Engine               - class com.almasb.fxgl.app.services.FXGLAssetLoaderService
04:13:39.374 [FXGL Background Thread 3 ] DEBUG Engine               - class com.almasb.fxgl.app.FXGLApplication$GameApplicationService
04:13:39.374 [FXGL Background Thread 3 ] DEBUG Engine               - class com.almasb.fxgl.app.services.FXGLDialogService
04:13:39.374 [FXGL Background Thread 3 ] DEBUG Engine               - class com.almasb.fxgl.app.services.IOTaskExecutorService
04:13:39.375 [FXGL Background Thread 3 ] DEBUG Engine               - class com.almasb.fxgl.io.FileSystemService
04:13:39.375 [FXGL Background Thread 3 ] DEBUG Engine               - class com.almasb.fxgl.localization.LocalizationService
04:13:39.375 [FXGL Background Thread 3 ] DEBUG Engine               - class com.almasb.fxgl.app.services.SystemBundleService
04:13:39.375 [FXGL Background Thread 3 ] DEBUG Engine               - class com.almasb.fxgl.profile.SaveLoadService
04:13:39.375 [FXGL Background Thread 3 ] DEBUG Engine               - class com.almasb.fxgl.ui.FXGLUIFactoryServiceProvider
04:13:39.375 [FXGL Background Thread 3 ] DEBUG Engine               - class com.almasb.fxgl.ui.FXGLDialogFactoryServiceProvider
04:13:39.375 [FXGL Background Thread 3 ] DEBUG Engine               - class com.almasb.fxgl.audio.AudioPlayer
04:13:39.375 [FXGL Background Thread 3 ] DEBUG Engine               - class com.almasb.fxgl.notification.impl.NotificationServiceProvider
04:13:39.375 [FXGL Background Thread 3 ] DEBUG Engine               - class com.almasb.fxgl.achievement.AchievementService
04:13:39.375 [FXGL Background Thread 3 ] DEBUG Engine               - class com.almasb.fxgl.cutscene.CutsceneService
04:13:39.375 [FXGL Background Thread 3 ] DEBUG Engine               - class com.almasb.fxgl.minigames.MiniGameService
04:13:39.375 [FXGL Background Thread 3 ] DEBUG Engine               - class com.almasb.fxgl.net.NetService
04:13:39.375 [FXGL Background Thread 3 ] DEBUG Engine               - class com.almasb.fxgl.app.services.UpdaterService
04:13:39.375 [FXGL Background Thread 3 ] DEBUG Engine               - class com.almasb.fxgl.dev.DevService
04:13:44.993 [JavaFX Application Thread] DEBUG FXGLApplication      - Exiting FXGL
04:13:44.994 [JavaFX Application Thread] DEBUG LoopRunner           - Stopping loop
04:13:44.995 [JavaFX Application Thread] DEBUG SystemBundleService  - Saving FXGL system data
04:13:44.999 [JavaFX Application Thread] DEBUG FileSystemAccess     - Writing to: C:\Users\JOSELYN KATO\Simulador-Restaurant\system\fxgl.bundle
04:13:45.001 [JavaFX Application Thread] DEBUG Async                - Shutting down background threads
04:13:45.001 [JavaFX Application Thread] DEBUG PrimaryStageWindow   - Closing main window
04:13:45.088 [JavaFX Application Thread] DEBUG Logger               - Closing Logger
