15:35:26.585 [main                     ] DEBUG Logger               - Configured Logger
15:35:26.618 [main                     ] DEBUG GameApplication      - Logging settings
Title: Restaurant Simulator
Version: 1.0
Width: 1280
Height: 520
Fullscreen: false
Intro: false
Profiling: false
Single step:false
App Mode: DEVELOPER
Menu Key: ESCAPE
Stage Style: DECORATED
Scene Factory: class com.almasb.fxgl.app.scene.SceneFactory

15:35:27.086 [JavaFX Application Thread] DEBUG FXGLApplication      - Initializing FXGL
15:35:27.091 [JavaFX Application Thread] INFO  Engine               - FXGL-17.3 (30.03.2023 11.49) on LINUX (J:21.0.5 FX:21)
15:35:27.092 [JavaFX Application Thread] DEBUG Engine               - JRE Vendor Name: Amazon.com Inc.
15:35:27.092 [JavaFX Application Thread] DEBUG Engine               - Running on OS: Linux version 6.8.0-49-generic
15:35:27.092 [JavaFX Application Thread] DEBUG Engine               - Architecture: amd64
15:35:27.092 [JavaFX Application Thread] INFO  Engine               - Source code and latest versions at: https://github.com/AlmasB/FXGL
15:35:27.092 [JavaFX Application Thread] INFO  Engine               -       Ask questions and discuss at: https://github.com/AlmasB/FXGL/discussions
15:35:27.092 [JavaFX Application Thread] INFO  Engine               -              Join the FXGL chat at: https://gitter.im/AlmasB/FXGL
15:35:27.199 [JavaFX Application Thread] DEBUG PrimaryStageWindow   - Creating a JavaFX scene
15:35:27.297 [JavaFX Application Thread] DEBUG PrimaryStageWindow   - Target settings size: 1280.0 x 520.0
15:35:27.298 [JavaFX Application Thread] DEBUG PrimaryStageWindow   - Scaled scene size:    1280.0 x 520.0
15:35:27.298 [JavaFX Application Thread] DEBUG PrimaryStageWindow   - Scaled ratio: (1.0, 1.0)
15:35:27.300 [JavaFX Application Thread] DEBUG PrimaryStageWindow   - Set initial scene to FXGLStartupScene
15:35:27.303 [JavaFX Application Thread] DEBUG PrimaryStageWindow   - Opening main window
15:35:27.377 [JavaFX Application Thread] DEBUG PrimaryStageWindow   - Window border size: (0.0, 35.0)
15:35:27.377 [JavaFX Application Thread] DEBUG PrimaryStageWindow   - Scaled size: 1280.0 x 485.0
15:35:27.378 [JavaFX Application Thread] DEBUG PrimaryStageWindow   - Scaled ratio: (1.0, 0.9326923076923077)
15:35:27.378 [JavaFX Application Thread] DEBUG PrimaryStageWindow   - Scene size: 1280.0 x 520.0
15:35:27.378 [JavaFX Application Thread] DEBUG PrimaryStageWindow   - Stage size: 1280.0 x 520.0
15:35:27.383 [FXGL Background Thread 1 ] DEBUG Engine               - Initializing environment variables
15:35:27.419 [FXGL Background Thread 1 ] DEBUG FXGLAssetLoaderServi - User app class for loading assets: class com.restaurant.application.GameApp
15:35:27.419 [FXGL Background Thread 1 ] DEBUG GameApplicationServi - Applying CSS: fxgl_dark.css
15:35:27.420 [FXGL Background Thread 1 ] DEBUG FXGLAssetLoaderServi - Loading from file system: jar:file:/home/khars/.m2/repository/com/github/almasb/fxgl/17.3/fxgl-17.3.jar!/fxglassets/ui/css/fxgl_dark.css
15:35:27.467 [FXGL Background Thread 1 ] DEBUG GameApplicationServi - Initializing application scenes
15:35:27.507 [FXGL Background Thread 1 ] DEBUG GameWorld            - Game world initialized
15:35:27.560 [FXGL Background Thread 1 ] DEBUG PhysicsWorld         - Physics world initialized: appHeight=520, physics.ppm=50,0
15:35:27.560 [FXGL Background Thread 1 ] DEBUG PhysicsWorld         - Using strategy: BRUTE_FORCE
15:35:27.564 [FXGL Background Thread 1 ] DEBUG GameScene            - Game scene initialized: 1280x520
15:35:27.575 [FXGL Background Thread 1 ] WARN  FXGL.DefaultMenu     - FXGLDefaultMenu is not designed for resolutions < 800x600
15:35:27.575 [FXGL Background Thread 1 ] DEBUG FXGL.DefaultMenu     - createMenuBodyGameMenu()
15:35:27.589 [FXGL Background Thread 1 ] DEBUG FXGL.DefaultMenu     - createOptionsMenu()
15:35:27.598 [FXGL Background Thread 1 ] DEBUG FXGLAssetLoaderServi - Loading from file system: jar:file:/home/khars/.m2/repository/com/github/almasb/fxgl/17.3/fxgl-17.3.jar!/fxglassets/textures/particles/smoke.png
15:35:27.679 [FXGL Background Thread 1 ] DEBUG FXGLAssetLoaderServi - Loading from file system: jar:file:/home/khars/.m2/repository/com/github/almasb/fxgl/17.3/fxgl-17.3.jar!/fxglassets/textures/particles/trace_horizontal.png
15:35:27.706 [FXGL Background Thread 1 ] DEBUG GameApplicationServi - Application scenes initialized
15:35:27.717 [FXGL Background Thread 1 ] DEBUG SystemBundleService  - Loading FXGL system data
15:35:27.718 [FXGL Background Thread 1 ] DEBUG FileSystemAccess     - Reading from: /home/khars/IdeaProjects/Simulador-Restaurant/system/fxgl.bundle
15:35:27.720 [FXGL Background Thread 1 ] DEBUG SystemBundleService  - Bundle FXGL: {}
15:35:27.721 [FXGL Background Thread 1 ] DEBUG UpdaterService       - Checking for updates
15:35:27.725 [FXGL Background Thread 4 ] DEBUG FXGLApplication      - Loading fonts
15:35:27.725 [FXGL Background Thread 4 ] DEBUG FXGLAssetLoaderServi - Loading from file system: jar:file:/home/khars/.m2/repository/com/github/almasb/fxgl/17.3/fxgl-17.3.jar!/fxglassets/ui/fonts/VarelaRound-Regular.ttf
15:35:27.726 [FXGL Background Thread 1 ] DEBUG FXGLApplication      - Loading default localization
15:35:27.726 [FXGL Background Thread 1 ] DEBUG FXGLAssetLoaderServi - Loading from file system: jar:file:/home/khars/.m2/repository/com/github/almasb/fxgl/17.3/fxgl-17.3.jar!/fxglassets/languages/english.lang
15:35:27.730 [FXGL Background Thread 4 ] DEBUG FXGLAssetLoaderServi - Loading from file system: jar:file:/home/khars/.m2/repository/com/github/almasb/fxgl/17.3/fxgl-17.3.jar!/fxglassets/ui/fonts/Abel-Regular.ttf
15:35:27.740 [FXGL Background Thread 4 ] DEBUG FXGLAssetLoaderServi - Loading from file system: jar:file:/home/khars/.m2/repository/com/github/almasb/fxgl/17.3/fxgl-17.3.jar!/fxglassets/ui/fonts/TerminalLandMono-Regular.otf
15:35:27.742 [FXGL Background Thread 4 ] DEBUG FXGLAssetLoaderServi - Loading from file system: jar:file:/home/khars/.m2/repository/com/github/almasb/fxgl/17.3/fxgl-17.3.jar!/fxglassets/ui/fonts/Courier-Prime.ttf
15:35:27.747 [JavaFX Application Thread] DEBUG FXGLApplication      - Registering font factories with UI factory
15:35:27.754 [FXGL Background Thread 1 ] INFO  FXGLApplication      - FXGL initialization took: 0,371 sec
15:35:27.755 [JavaFX Application Thread] DEBUG FXGLAssetLoaderServi - Loading from file system: jar:file:/home/khars/.m2/repository/com/github/almasb/fxgl/17.3/fxgl-17.3.jar!/fxglassets/textures/fxgl_icon.png
15:35:27.783 [JavaFX Application Thread] DEBUG FXGLAssetLoaderServi - Loading from file system: jar:file:/home/khars/.m2/repository/com/github/almasb/fxgl/17.3/fxgl-17.3.jar!/fxglassets/textures/fxgl_default_cursor.png
15:35:27.796 [JavaFX Application Thread] DEBUG Input                - Registered new binding: Screenshot - CTRL+8
15:35:27.797 [JavaFX Application Thread] DEBUG Input                - Registered new binding: System info dump - CTRL+9
15:35:27.798 [JavaFX Application Thread] DEBUG Input                - Registered new binding: Restart - CTRL+R
15:35:27.798 [JavaFX Application Thread] DEBUG Input                - Registered new binding: Toggle Debug Camera - CTRL+7
15:35:27.801 [JavaFX Application Thread] DEBUG LoopRunner           - Starting loop
15:35:27.801 [JavaFX Application Thread] DEBUG LoopRunner           - Initializing JavaFX AnimationTimerLoop
15:35:27.803 [JavaFX Application Thread] DEBUG GameApplicationServi - Starting new game
15:35:27.803 [JavaFX Application Thread] DEBUG Input                - Clearing active input actions
15:35:27.815 [JavaFX Application Thread] DEBUG GameApplicationServi - Removing overlay from FXGLStartupScene and adding to FXGLLoadingScene
15:35:27.815 [JavaFX Application Thread] DEBUG PrimaryStageWindow   - FXGLStartupScene -> FXGLLoadingScene
15:35:27.815 [JavaFX Application Thread] DEBUG GameApplicationServi - Clearing previous game
15:35:27.815 [JavaFX Application Thread] DEBUG GameScene            - Clearing game scene
15:35:27.815 [JavaFX Application Thread] DEBUG GameWorld            - Clearing game world
15:35:27.815 [JavaFX Application Thread] DEBUG PhysicsWorld         - Clearing physics world
15:35:27.817 [FXGL Background Thread 1 ] DEBUG FXGLApplication      - Initializing game
15:35:27.906 [FXGL Background Thread 1 ] INFO  FXGLApplication      - Game initialization took: 0,089 sec
15:35:27.931 [JavaFX Application Thread] DEBUG Input                - Clearing active input actions
15:35:27.986 [JavaFX Application Thread] DEBUG GameApplicationServi - Removing overlay from FXGLLoadingScene and adding to GameScene
15:35:27.986 [JavaFX Application Thread] DEBUG PrimaryStageWindow   - FXGLLoadingScene -> GameScene
15:35:28.349 [FXGL Background Thread 2 ] INFO  UpdaterService       - Your current version:  17.3
15:35:28.349 [FXGL Background Thread 2 ] INFO  UpdaterService       - Latest stable version: 21.1
15:35:30.723 [FXGL Background Thread 3 ] DEBUG Engine               - Logging environment variables
15:35:30.723 [FXGL Background Thread 3 ] DEBUG Engine               - achievements: []
15:35:30.724 [FXGL Background Thread 3 ] DEBUG Engine               - actualHeight: 485.0
15:35:30.724 [FXGL Background Thread 3 ] DEBUG Engine               - actualHeightProperty: ReadOnlyDoubleProperty [value: 515.0]
15:35:30.724 [FXGL Background Thread 3 ] DEBUG Engine               - actualWidth: 1280.0
15:35:30.724 [FXGL Background Thread 3 ] DEBUG Engine               - actualWidthProperty: ReadOnlyDoubleProperty [value: 1280.0]
15:35:30.724 [FXGL Background Thread 3 ] DEBUG Engine               - appIcon: fxgl_icon.png
15:35:30.724 [FXGL Background Thread 3 ] DEBUG Engine               - applicationMode: DEVELOPER
15:35:30.724 [FXGL Background Thread 3 ] DEBUG Engine               - cSSList: [fxgl_dark.css]
15:35:30.724 [FXGL Background Thread 3 ] DEBUG Engine               - collisionDetectionStrategy: BRUTE_FORCE
15:35:30.724 [FXGL Background Thread 3 ] DEBUG Engine               - configClass: Optional.empty
15:35:30.724 [FXGL Background Thread 3 ] DEBUG Engine               - credits: []
15:35:30.724 [FXGL Background Thread 3 ] DEBUG Engine               - defaultCursor: CursorInfo(imageName=fxgl_default_cursor.png, hotspotX=7.0, hotspotY=6.0)
15:35:30.724 [FXGL Background Thread 3 ] DEBUG Engine               - devBBoxColorProperty: ObjectProperty [value: 0xff0000ff]
15:35:30.725 [FXGL Background Thread 3 ] DEBUG Engine               - devEnableDebugCameraProperty: BooleanProperty [value: false]
15:35:30.725 [FXGL Background Thread 3 ] DEBUG Engine               - devSensorColorProperty: ObjectProperty [value: 0xffff00ff]
15:35:30.725 [FXGL Background Thread 3 ] DEBUG Engine               - devShowBBoxProperty: BooleanProperty [value: false]
15:35:30.725 [FXGL Background Thread 3 ] DEBUG Engine               - devShowPositionProperty: BooleanProperty [value: false]
15:35:30.725 [FXGL Background Thread 3 ] DEBUG Engine               - enabledMenuItems: []
15:35:30.725 [FXGL Background Thread 3 ] DEBUG Engine               - engineServices: [class com.almasb.fxgl.app.services.FXGLAssetLoaderService, class com.almasb.fxgl.app.FXGLApplication$GameApplicationService, class com.almasb.fxgl.app.services.FXGLDialogService, class com.almasb.fxgl.app.services.IOTaskExecutorService, class com.almasb.fxgl.io.FileSystemService, class com.almasb.fxgl.localization.LocalizationService, class com.almasb.fxgl.app.services.SystemBundleService, class com.almasb.fxgl.profile.SaveLoadService, class com.almasb.fxgl.ui.FXGLUIFactoryServiceProvider, class com.almasb.fxgl.ui.FXGLDialogFactoryServiceProvider, class com.almasb.fxgl.audio.AudioPlayer, class com.almasb.fxgl.notification.impl.NotificationServiceProvider, class com.almasb.fxgl.achievement.AchievementService, class com.almasb.fxgl.cutscene.CutsceneService, class com.almasb.fxgl.minigames.MiniGameService, class com.almasb.fxgl.net.NetService, class com.almasb.fxgl.app.services.UpdaterService, class com.almasb.fxgl.dev.DevService]
15:35:30.725 [FXGL Background Thread 3 ] DEBUG Engine               - fontGame: Abel-Regular.ttf
15:35:30.725 [FXGL Background Thread 3 ] DEBUG Engine               - fontMono: TerminalLandMono-Regular.otf
15:35:30.725 [FXGL Background Thread 3 ] DEBUG Engine               - fontSizeScaleUI: 1.0
15:35:30.725 [FXGL Background Thread 3 ] DEBUG Engine               - fontText: Courier-Prime.ttf
15:35:30.725 [FXGL Background Thread 3 ] DEBUG Engine               - fontUI: VarelaRound-Regular.ttf
15:35:30.725 [FXGL Background Thread 3 ] DEBUG Engine               - fullScreen: BooleanProperty [value: false]
15:35:30.725 [FXGL Background Thread 3 ] DEBUG Engine               - gameDifficulty: MEDIUM
15:35:30.725 [FXGL Background Thread 3 ] DEBUG Engine               - gameDifficultyProperty: ObjectProperty [value: MEDIUM]
15:35:30.725 [FXGL Background Thread 3 ] DEBUG Engine               - globalMusicVolume: 0.5
15:35:30.725 [FXGL Background Thread 3 ] DEBUG Engine               - globalMusicVolumeProperty: DoubleProperty [value: 0.5]
15:35:30.725 [FXGL Background Thread 3 ] DEBUG Engine               - globalSoundVolume: 0.5
15:35:30.726 [FXGL Background Thread 3 ] DEBUG Engine               - globalSoundVolumeProperty: DoubleProperty [value: 0.5]
15:35:30.726 [FXGL Background Thread 3 ] DEBUG Engine               - height: 520
15:35:30.726 [FXGL Background Thread 3 ] DEBUG Engine               - is3D: false
15:35:30.726 [FXGL Background Thread 3 ] DEBUG Engine               - isAndroid: false
15:35:30.726 [FXGL Background Thread 3 ] DEBUG Engine               - isBrowser: false
15:35:30.726 [FXGL Background Thread 3 ] DEBUG Engine               - isClickFeedbackEnabled: false
15:35:30.726 [FXGL Background Thread 3 ] DEBUG Engine               - isCloseConfirmation: false
15:35:30.726 [FXGL Background Thread 3 ] DEBUG Engine               - isDesktop: true
15:35:30.726 [FXGL Background Thread 3 ] DEBUG Engine               - isDeveloperMenuEnabled: false
15:35:30.726 [FXGL Background Thread 3 ] DEBUG Engine               - isEmbedded: false
15:35:30.726 [FXGL Background Thread 3 ] DEBUG Engine               - isEntityPreloadEnabled: true
15:35:30.726 [FXGL Background Thread 3 ] DEBUG Engine               - isExperimentalTiledLargeMap: false
15:35:30.726 [FXGL Background Thread 3 ] DEBUG Engine               - isFileSystemWriteAllowed: true
15:35:30.726 [FXGL Background Thread 3 ] DEBUG Engine               - isFullScreenAllowed: false
15:35:30.726 [FXGL Background Thread 3 ] DEBUG Engine               - isFullScreenFromStart: false
15:35:30.726 [FXGL Background Thread 3 ] DEBUG Engine               - isGameMenuEnabled: true
15:35:30.726 [FXGL Background Thread 3 ] DEBUG Engine               - isIOS: false
15:35:30.726 [FXGL Background Thread 3 ] DEBUG Engine               - isIntroEnabled: false
15:35:30.727 [FXGL Background Thread 3 ] DEBUG Engine               - isLinux: true
15:35:30.727 [FXGL Background Thread 3 ] DEBUG Engine               - isMac: false
15:35:30.727 [FXGL Background Thread 3 ] DEBUG Engine               - isMainMenuEnabled: false
15:35:30.727 [FXGL Background Thread 3 ] DEBUG Engine               - isManualResizeEnabled: false
15:35:30.727 [FXGL Background Thread 3 ] DEBUG Engine               - isMobile: false
15:35:30.727 [FXGL Background Thread 3 ] DEBUG Engine               - isNative: false
15:35:30.727 [FXGL Background Thread 3 ] DEBUG Engine               - isPauseMusicWhenMinimized: true
15:35:30.727 [FXGL Background Thread 3 ] DEBUG Engine               - isPreserveResizeRatio: false
15:35:30.727 [FXGL Background Thread 3 ] DEBUG Engine               - isProfilingEnabled: false
15:35:30.727 [FXGL Background Thread 3 ] DEBUG Engine               - isScaleAffectedOnResize: true
15:35:30.727 [FXGL Background Thread 3 ] DEBUG Engine               - isSingleStep: false
15:35:30.727 [FXGL Background Thread 3 ] DEBUG Engine               - isUserProfileEnabled: false
15:35:30.727 [FXGL Background Thread 3 ] DEBUG Engine               - isWindows: false
15:35:30.728 [FXGL Background Thread 3 ] DEBUG Engine               - language: ObjectProperty [value: ENGLISH]
15:35:30.728 [FXGL Background Thread 3 ] DEBUG Engine               - menuKey: ESCAPE
15:35:30.728 [FXGL Background Thread 3 ] DEBUG Engine               - mouseSensitivity: 0.2
15:35:30.728 [FXGL Background Thread 3 ] DEBUG Engine               - notificationViewClass: class com.almasb.fxgl.notification.view.XboxNotificationView
15:35:30.728 [FXGL Background Thread 3 ] DEBUG Engine               - pixelsPerMeter: 50.0
15:35:30.728 [FXGL Background Thread 3 ] DEBUG Engine               - platform: LINUX
15:35:30.728 [FXGL Background Thread 3 ] DEBUG Engine               - prefHeightProperty: ReadOnlyDoubleProperty [value: 520.0]
15:35:30.728 [FXGL Background Thread 3 ] DEBUG Engine               - prefWidthProperty: ReadOnlyDoubleProperty [value: 1280.0]
15:35:30.728 [FXGL Background Thread 3 ] DEBUG Engine               - profileDir: profiles/
15:35:30.728 [FXGL Background Thread 3 ] DEBUG Engine               - profileName: StringProperty [value: DEFAULT]
15:35:30.728 [FXGL Background Thread 3 ] DEBUG Engine               - randomSeed: -1
15:35:30.728 [FXGL Background Thread 3 ] DEBUG Engine               - runtimeInfo: RuntimeInfo(platform=LINUX, version=17.3, build=30.03.2023 11.49)
15:35:30.728 [FXGL Background Thread 3 ] DEBUG Engine               - saveFileExt: sav
15:35:30.728 [FXGL Background Thread 3 ] DEBUG Engine               - scaledHeightProp$fxgl: DoubleProperty [bound, value: 515.0]
15:35:30.729 [FXGL Background Thread 3 ] DEBUG Engine               - scaledWidthProp$fxgl: DoubleProperty [bound, value: 1280.0]
15:35:30.729 [FXGL Background Thread 3 ] DEBUG Engine               - sceneFactory: com.almasb.fxgl.app.scene.SceneFactory@45590ac
15:35:30.729 [FXGL Background Thread 3 ] DEBUG Engine               - secondsIn24h: 60
15:35:30.729 [FXGL Background Thread 3 ] DEBUG Engine               - soundMenuBack: menu/back.wav
15:35:30.729 [FXGL Background Thread 3 ] DEBUG Engine               - soundMenuPress: menu/press.wav
15:35:30.729 [FXGL Background Thread 3 ] DEBUG Engine               - soundMenuSelect: menu/select.wav
15:35:30.729 [FXGL Background Thread 3 ] DEBUG Engine               - soundNotification: core/notification.wav
15:35:30.729 [FXGL Background Thread 3 ] DEBUG Engine               - stageStyle: DECORATED
15:35:30.729 [FXGL Background Thread 3 ] DEBUG Engine               - supportedLanguages: [ENGLISH, FRENCH, GERMAN, HUNGARIAN, RUSSIAN]
15:35:30.729 [FXGL Background Thread 3 ] DEBUG Engine               - ticksPerSecond: -1
15:35:30.729 [FXGL Background Thread 3 ] DEBUG Engine               - title: Restaurant Simulator
15:35:30.729 [FXGL Background Thread 3 ] DEBUG Engine               - urlGithub: https://github.com/AlmasB/FXGL
15:35:30.729 [FXGL Background Thread 3 ] DEBUG Engine               - urlLeaderboard: http://fxgl-top.herokuapp.com/
15:35:30.729 [FXGL Background Thread 3 ] DEBUG Engine               - urlPOM: https://raw.githubusercontent.com/AlmasB/FXGL/release/README.md
15:35:30.729 [FXGL Background Thread 3 ] DEBUG Engine               - userAppClass: class com.restaurant.application.GameApp
15:35:30.729 [FXGL Background Thread 3 ] DEBUG Engine               - version: 1.0
15:35:30.729 [FXGL Background Thread 3 ] DEBUG Engine               - versionCheckDays: 7
15:35:30.729 [FXGL Background Thread 3 ] DEBUG Engine               - width: 1280
15:35:30.729 [FXGL Background Thread 3 ] DEBUG Engine               - Logging services
15:35:30.730 [FXGL Background Thread 3 ] DEBUG Engine               - class com.almasb.fxgl.app.services.FXGLAssetLoaderService
15:35:30.730 [FXGL Background Thread 3 ] DEBUG Engine               - class com.almasb.fxgl.app.FXGLApplication$GameApplicationService
15:35:30.730 [FXGL Background Thread 3 ] DEBUG Engine               - class com.almasb.fxgl.app.services.FXGLDialogService
15:35:30.730 [FXGL Background Thread 3 ] DEBUG Engine               - class com.almasb.fxgl.app.services.IOTaskExecutorService
15:35:30.730 [FXGL Background Thread 3 ] DEBUG Engine               - class com.almasb.fxgl.io.FileSystemService
15:35:30.730 [FXGL Background Thread 3 ] DEBUG Engine               - class com.almasb.fxgl.localization.LocalizationService
15:35:30.730 [FXGL Background Thread 3 ] DEBUG Engine               - class com.almasb.fxgl.app.services.SystemBundleService
15:35:30.730 [FXGL Background Thread 3 ] DEBUG Engine               - class com.almasb.fxgl.profile.SaveLoadService
15:35:30.730 [FXGL Background Thread 3 ] DEBUG Engine               - class com.almasb.fxgl.ui.FXGLUIFactoryServiceProvider
15:35:30.730 [FXGL Background Thread 3 ] DEBUG Engine               - class com.almasb.fxgl.ui.FXGLDialogFactoryServiceProvider
15:35:30.730 [FXGL Background Thread 3 ] DEBUG Engine               - class com.almasb.fxgl.audio.AudioPlayer
15:35:30.730 [FXGL Background Thread 3 ] DEBUG Engine               - class com.almasb.fxgl.notification.impl.NotificationServiceProvider
15:35:30.730 [FXGL Background Thread 3 ] DEBUG Engine               - class com.almasb.fxgl.achievement.AchievementService
15:35:30.730 [FXGL Background Thread 3 ] DEBUG Engine               - class com.almasb.fxgl.cutscene.CutsceneService
15:35:30.730 [FXGL Background Thread 3 ] DEBUG Engine               - class com.almasb.fxgl.minigames.MiniGameService
15:35:30.730 [FXGL Background Thread 3 ] DEBUG Engine               - class com.almasb.fxgl.net.NetService
15:35:30.730 [FXGL Background Thread 3 ] DEBUG Engine               - class com.almasb.fxgl.app.services.UpdaterService
15:35:30.730 [FXGL Background Thread 3 ] DEBUG Engine               - class com.almasb.fxgl.dev.DevService
15:35:56.895 [Thread-4                 ] DEBUG LoopRunner           - Stopping loop
15:35:56.896 [Thread-4                 ] FATAL FXGLApplication      - Uncaught Exception:
java.lang.IllegalStateException: Not on FX application thread; currentThread = Thread-4
	at com.sun.javafx.tk.Toolkit.checkFxUserThread(Toolkit.java:294)
	at com.sun.javafx.tk.quantum.QuantumToolkit.checkFxUserThread(QuantumToolkit.java:475)
	at javafx.scene.Parent$3.onProposedChange(Parent.java:475)
	at com.sun.javafx.collections.VetoableListDecorator.setAll(VetoableListDecorator.java:116)
	at com.sun.javafx.collections.VetoableListDecorator.setAll(VetoableListDecorator.java:110)
	at javafx.scene.control.skin.LabeledSkinBase.updateChildren(LabeledSkinBase.java:282)
	at javafx.scene.control.skin.LabeledSkinBase.lambda$new$11(LabeledSkinBase.java:219)
	at com.sun.javafx.scene.control.LambdaMultiplePropertyChangeListenerHandler.lambda$new$1(LambdaMultiplePropertyChangeListenerHandler.java:88)
	at javafx.beans.value.WeakChangeListener.changed(WeakChangeListener.java:86)
	at com.sun.javafx.binding.ExpressionHelper$SingleChange.fireValueChangedEvent(ExpressionHelper.java:192)
	at com.sun.javafx.binding.ExpressionHelper.fireValueChangedEvent(ExpressionHelper.java:91)
	at javafx.beans.property.StringPropertyBase.fireValueChangedEvent(StringPropertyBase.java:104)
	at javafx.beans.property.StringPropertyBase.markInvalid(StringPropertyBase.java:111)
	at javafx.beans.property.StringPropertyBase$Listener.invalidated(StringPropertyBase.java:231)
	at com.sun.javafx.binding.ExpressionHelper$SingleInvalidation.fireValueChangedEvent(ExpressionHelper.java:147)
	at com.sun.javafx.binding.ExpressionHelper.fireValueChangedEvent(ExpressionHelper.java:91)
	at javafx.beans.binding.StringBinding.invalidate(StringBinding.java:181)
	at com.sun.javafx.binding.BindingHelperObserver.invalidated(BindingHelperObserver.java:52)
	at com.sun.javafx.binding.ExpressionHelper$SingleInvalidation.fireValueChangedEvent(ExpressionHelper.java:147)
	at com.sun.javafx.binding.ExpressionHelper.fireValueChangedEvent(ExpressionHelper.java:91)
	at javafx.beans.property.IntegerPropertyBase.fireValueChangedEvent(IntegerPropertyBase.java:107)
	at javafx.beans.property.IntegerPropertyBase.markInvalid(IntegerPropertyBase.java:114)
	at javafx.beans.property.IntegerPropertyBase.set(IntegerPropertyBase.java:148)
	at com.restaurant.domain.models.CustomerStats.decrementWaitingForTable(CustomerStats.java:23)
	at com.restaurant.domain.entities.Receptionist.processNextCustomer(Receptionist.java:74)
	at com.restaurant.domain.entities.Receptionist.lambda$startReceptionistBehavior$0(Receptionist.java:38)
	at java.base/java.lang.Thread.run(Thread.java:1583)

15:35:56.897 [Thread-4                 ] FATAL FXGLApplication      - Application will now exit
15:35:56.913 [Thread-4                 ] DEBUG PrimaryStageWindow   - Push state: ErrorSubScene
15:35:56.913 [Thread-4                 ] DEBUG Input                - Clearing active input actions
15:36:13.533 [JavaFX Application Thread] DEBUG FXGLApplication      - Exiting FXGL
15:36:13.533 [JavaFX Application Thread] DEBUG Async                - Shutting down background threads
15:36:13.534 [JavaFX Application Thread] DEBUG PrimaryStageWindow   - Closing main window
15:36:13.535 [JavaFX Application Thread] DEBUG Logger               - Closing Logger
