17:53:55.636 [main                     ] DEBUG Logger               - Configured Logger
17:53:55.664 [main                     ] DEBUG GameApplication      - Logging settings
Title: Restaurant Simulator
Version: 1.0
Width: 1280
Height: 720
Fullscreen: false
Intro: false
Profiling: false
Single step:false
App Mode: DEVELOPER
Menu Key: ESCAPE
Stage Style: DECORATED
Scene Factory: class com.almasb.fxgl.app.scene.SceneFactory

17:53:56.160 [JavaFX Application Thread] DEBUG FXGLApplication      - Initializing FXGL
17:53:56.164 [JavaFX Application Thread] INFO  Engine               - FXGL-17.3 (30.03.2023 11.49) on LINUX (J:21.0.5 FX:21)
17:53:56.164 [JavaFX Application Thread] DEBUG Engine               - JRE Vendor Name: Amazon.com Inc.
17:53:56.164 [JavaFX Application Thread] DEBUG Engine               - Running on OS: Linux version 6.8.0-49-generic
17:53:56.164 [JavaFX Application Thread] DEBUG Engine               - Architecture: amd64
17:53:56.164 [JavaFX Application Thread] INFO  Engine               - Source code and latest versions at: https://github.com/AlmasB/FXGL
17:53:56.165 [JavaFX Application Thread] INFO  Engine               -       Ask questions and discuss at: https://github.com/AlmasB/FXGL/discussions
17:53:56.165 [JavaFX Application Thread] INFO  Engine               -              Join the FXGL chat at: https://gitter.im/AlmasB/FXGL
17:53:56.281 [JavaFX Application Thread] DEBUG PrimaryStageWindow   - Creating a JavaFX scene
17:53:56.384 [JavaFX Application Thread] DEBUG PrimaryStageWindow   - Target settings size: 1280.0 x 720.0
17:53:56.384 [JavaFX Application Thread] DEBUG PrimaryStageWindow   - Scaled scene size:    1280.0 x 720.0
17:53:56.385 [JavaFX Application Thread] DEBUG PrimaryStageWindow   - Scaled ratio: (1.0, 1.0)
17:53:56.387 [JavaFX Application Thread] DEBUG PrimaryStageWindow   - Set initial scene to FXGLStartupScene
17:53:56.391 [JavaFX Application Thread] DEBUG PrimaryStageWindow   - Opening main window
17:53:56.436 [JavaFX Application Thread] DEBUG PrimaryStageWindow   - Window border size: (0.0, 35.0)
17:53:56.436 [JavaFX Application Thread] DEBUG PrimaryStageWindow   - Scaled size: 1280.0 x 685.0
17:53:56.436 [JavaFX Application Thread] DEBUG PrimaryStageWindow   - Scaled ratio: (1.0, 0.9513888888888888)
17:53:56.437 [JavaFX Application Thread] DEBUG PrimaryStageWindow   - Scene size: 1280.0 x 720.0
17:53:56.437 [JavaFX Application Thread] DEBUG PrimaryStageWindow   - Stage size: 1280.0 x 720.0
17:53:56.442 [FXGL Background Thread 1 ] DEBUG Engine               - Initializing environment variables
17:53:56.477 [FXGL Background Thread 1 ] DEBUG FXGLAssetLoaderServi - User app class for loading assets: class com.restaurant.application.GameApp
17:53:56.477 [FXGL Background Thread 1 ] DEBUG GameApplicationServi - Applying CSS: fxgl_dark.css
17:53:56.478 [FXGL Background Thread 1 ] DEBUG FXGLAssetLoaderServi - Loading from file system: jar:file:/home/khars/.m2/repository/com/github/almasb/fxgl/17.3/fxgl-17.3.jar!/fxglassets/ui/css/fxgl_dark.css
17:53:56.538 [FXGL Background Thread 1 ] DEBUG GameApplicationServi - Initializing application scenes
17:53:56.584 [FXGL Background Thread 1 ] DEBUG GameWorld            - Game world initialized
17:53:56.657 [FXGL Background Thread 1 ] DEBUG PhysicsWorld         - Physics world initialized: appHeight=720, physics.ppm=50,0
17:53:56.658 [FXGL Background Thread 1 ] DEBUG PhysicsWorld         - Using strategy: BRUTE_FORCE
17:53:56.662 [FXGL Background Thread 1 ] DEBUG GameScene            - Game scene initialized: 1280x720
17:53:56.676 [FXGL Background Thread 1 ] DEBUG FXGL.DefaultMenu     - createMenuBodyGameMenu()
17:53:56.697 [FXGL Background Thread 1 ] DEBUG FXGL.DefaultMenu     - createOptionsMenu()
17:53:56.712 [FXGL Background Thread 1 ] DEBUG FXGLAssetLoaderServi - Loading from file system: jar:file:/home/khars/.m2/repository/com/github/almasb/fxgl/17.3/fxgl-17.3.jar!/fxglassets/textures/particles/smoke.png
17:53:56.835 [FXGL Background Thread 1 ] DEBUG FXGLAssetLoaderServi - Loading from file system: jar:file:/home/khars/.m2/repository/com/github/almasb/fxgl/17.3/fxgl-17.3.jar!/fxglassets/textures/particles/trace_horizontal.png
17:53:56.892 [FXGL Background Thread 1 ] DEBUG GameApplicationServi - Application scenes initialized
17:53:56.906 [FXGL Background Thread 1 ] DEBUG SystemBundleService  - Loading FXGL system data
17:53:56.907 [FXGL Background Thread 1 ] DEBUG FileSystemAccess     - Reading from: /home/khars/IdeaProjects/SImulador-2/system/fxgl.bundle
17:53:56.910 [FXGL Background Thread 1 ] DEBUG SystemBundleService  - Bundle FXGL: {}
17:53:56.910 [FXGL Background Thread 1 ] DEBUG UpdaterService       - Checking for updates
17:53:56.914 [FXGL Background Thread 4 ] DEBUG FXGLApplication      - Loading fonts
17:53:56.914 [FXGL Background Thread 4 ] DEBUG FXGLAssetLoaderServi - Loading from file system: jar:file:/home/khars/.m2/repository/com/github/almasb/fxgl/17.3/fxgl-17.3.jar!/fxglassets/ui/fonts/VarelaRound-Regular.ttf
17:53:56.915 [FXGL Background Thread 1 ] DEBUG FXGLApplication      - Loading default localization
17:53:56.915 [FXGL Background Thread 1 ] DEBUG FXGLAssetLoaderServi - Loading from file system: jar:file:/home/khars/.m2/repository/com/github/almasb/fxgl/17.3/fxgl-17.3.jar!/fxglassets/languages/english.lang
17:53:56.929 [FXGL Background Thread 4 ] DEBUG FXGLAssetLoaderServi - Loading from file system: jar:file:/home/khars/.m2/repository/com/github/almasb/fxgl/17.3/fxgl-17.3.jar!/fxglassets/ui/fonts/Abel-Regular.ttf
17:53:56.931 [FXGL Background Thread 4 ] DEBUG FXGLAssetLoaderServi - Loading from file system: jar:file:/home/khars/.m2/repository/com/github/almasb/fxgl/17.3/fxgl-17.3.jar!/fxglassets/ui/fonts/TerminalLandMono-Regular.otf
17:53:56.934 [FXGL Background Thread 4 ] DEBUG FXGLAssetLoaderServi - Loading from file system: jar:file:/home/khars/.m2/repository/com/github/almasb/fxgl/17.3/fxgl-17.3.jar!/fxglassets/ui/fonts/Courier-Prime.ttf
17:53:56.941 [JavaFX Application Thread] DEBUG FXGLApplication      - Registering font factories with UI factory
17:53:56.944 [FXGL Background Thread 1 ] INFO  FXGLApplication      - FXGL initialization took: 0,501 sec
17:53:56.945 [JavaFX Application Thread] DEBUG FXGLAssetLoaderServi - Loading from file system: jar:file:/home/khars/.m2/repository/com/github/almasb/fxgl/17.3/fxgl-17.3.jar!/fxglassets/textures/fxgl_icon.png
17:53:56.977 [JavaFX Application Thread] DEBUG FXGLAssetLoaderServi - Loading from file system: jar:file:/home/khars/.m2/repository/com/github/almasb/fxgl/17.3/fxgl-17.3.jar!/fxglassets/textures/fxgl_default_cursor.png
17:53:56.989 [JavaFX Application Thread] DEBUG Input                - Registered new binding: Screenshot - CTRL+8
17:53:56.989 [JavaFX Application Thread] DEBUG Input                - Registered new binding: System info dump - CTRL+9
17:53:56.990 [JavaFX Application Thread] DEBUG Input                - Registered new binding: Restart - CTRL+R
17:53:56.991 [JavaFX Application Thread] DEBUG Input                - Registered new binding: Toggle Debug Camera - CTRL+7
17:53:56.994 [JavaFX Application Thread] DEBUG LoopRunner           - Starting loop
17:53:56.994 [JavaFX Application Thread] DEBUG LoopRunner           - Initializing JavaFX AnimationTimerLoop
17:53:56.995 [JavaFX Application Thread] DEBUG GameApplicationServi - Starting new game
17:53:56.996 [JavaFX Application Thread] DEBUG Input                - Clearing active input actions
17:53:57.011 [JavaFX Application Thread] DEBUG GameApplicationServi - Removing overlay from FXGLStartupScene and adding to FXGLLoadingScene
17:53:57.011 [JavaFX Application Thread] DEBUG PrimaryStageWindow   - FXGLStartupScene -> FXGLLoadingScene
17:53:57.011 [JavaFX Application Thread] DEBUG GameApplicationServi - Clearing previous game
17:53:57.011 [JavaFX Application Thread] DEBUG GameScene            - Clearing game scene
17:53:57.012 [JavaFX Application Thread] DEBUG GameWorld            - Clearing game world
17:53:57.012 [JavaFX Application Thread] DEBUG PhysicsWorld         - Clearing physics world
17:53:57.016 [FXGL Background Thread 1 ] DEBUG FXGLApplication      - Initializing game
17:53:57.078 [FXGL Background Thread 1 ] INFO  FXGLApplication      - Game initialization took: 0,062 sec
17:53:57.118 [JavaFX Application Thread] DEBUG Input                - Clearing active input actions
17:53:57.131 [JavaFX Application Thread] DEBUG GameApplicationServi - Removing overlay from FXGLLoadingScene and adding to GameScene
17:53:57.132 [JavaFX Application Thread] DEBUG PrimaryStageWindow   - FXGLLoadingScene -> GameScene
17:53:57.560 [FXGL Background Thread 2 ] INFO  UpdaterService       - Your current version:  17.3
17:53:57.560 [FXGL Background Thread 2 ] INFO  UpdaterService       - Latest stable version: 21.1
17:53:59.697 [JavaFX Application Thread] DEBUG LoopRunner           - Pausing loop
17:53:59.912 [FXGL Background Thread 3 ] DEBUG Engine               - Logging environment variables
17:53:59.913 [FXGL Background Thread 3 ] DEBUG Engine               - achievements: []
17:53:59.913 [FXGL Background Thread 3 ] DEBUG Engine               - actualHeight: 685.0
17:53:59.913 [FXGL Background Thread 3 ] DEBUG Engine               - actualHeightProperty: ReadOnlyDoubleProperty [value: 715.0]
17:53:59.913 [FXGL Background Thread 3 ] DEBUG Engine               - actualWidth: 1280.0
17:53:59.913 [FXGL Background Thread 3 ] DEBUG Engine               - actualWidthProperty: ReadOnlyDoubleProperty [value: 1280.0]
17:53:59.913 [FXGL Background Thread 3 ] DEBUG Engine               - appIcon: fxgl_icon.png
17:53:59.914 [FXGL Background Thread 3 ] DEBUG Engine               - applicationMode: DEVELOPER
17:53:59.914 [FXGL Background Thread 3 ] DEBUG Engine               - cSSList: [fxgl_dark.css]
17:53:59.914 [FXGL Background Thread 3 ] DEBUG Engine               - collisionDetectionStrategy: BRUTE_FORCE
17:53:59.914 [FXGL Background Thread 3 ] DEBUG Engine               - configClass: Optional.empty
17:53:59.914 [FXGL Background Thread 3 ] DEBUG Engine               - credits: []
17:53:59.914 [FXGL Background Thread 3 ] DEBUG Engine               - defaultCursor: CursorInfo(imageName=fxgl_default_cursor.png, hotspotX=7.0, hotspotY=6.0)
17:53:59.914 [FXGL Background Thread 3 ] DEBUG Engine               - devBBoxColorProperty: ObjectProperty [value: 0xff0000ff]
17:53:59.915 [FXGL Background Thread 3 ] DEBUG Engine               - devEnableDebugCameraProperty: BooleanProperty [value: false]
17:53:59.915 [FXGL Background Thread 3 ] DEBUG Engine               - devSensorColorProperty: ObjectProperty [value: 0xffff00ff]
17:53:59.915 [FXGL Background Thread 3 ] DEBUG Engine               - devShowBBoxProperty: BooleanProperty [value: false]
17:53:59.915 [FXGL Background Thread 3 ] DEBUG Engine               - devShowPositionProperty: BooleanProperty [value: false]
17:53:59.915 [FXGL Background Thread 3 ] DEBUG Engine               - enabledMenuItems: []
17:53:59.915 [FXGL Background Thread 3 ] DEBUG Engine               - engineServices: [class com.almasb.fxgl.app.services.FXGLAssetLoaderService, class com.almasb.fxgl.app.FXGLApplication$GameApplicationService, class com.almasb.fxgl.app.services.FXGLDialogService, class com.almasb.fxgl.app.services.IOTaskExecutorService, class com.almasb.fxgl.io.FileSystemService, class com.almasb.fxgl.localization.LocalizationService, class com.almasb.fxgl.app.services.SystemBundleService, class com.almasb.fxgl.profile.SaveLoadService, class com.almasb.fxgl.ui.FXGLUIFactoryServiceProvider, class com.almasb.fxgl.ui.FXGLDialogFactoryServiceProvider, class com.almasb.fxgl.audio.AudioPlayer, class com.almasb.fxgl.notification.impl.NotificationServiceProvider, class com.almasb.fxgl.achievement.AchievementService, class com.almasb.fxgl.cutscene.CutsceneService, class com.almasb.fxgl.minigames.MiniGameService, class com.almasb.fxgl.net.NetService, class com.almasb.fxgl.app.services.UpdaterService, class com.almasb.fxgl.dev.DevService]
17:53:59.915 [FXGL Background Thread 3 ] DEBUG Engine               - fontGame: Abel-Regular.ttf
17:53:59.915 [FXGL Background Thread 3 ] DEBUG Engine               - fontMono: TerminalLandMono-Regular.otf
17:53:59.915 [FXGL Background Thread 3 ] DEBUG Engine               - fontSizeScaleUI: 1.0
17:53:59.915 [FXGL Background Thread 3 ] DEBUG Engine               - fontText: Courier-Prime.ttf
17:53:59.915 [FXGL Background Thread 3 ] DEBUG Engine               - fontUI: VarelaRound-Regular.ttf
17:53:59.915 [FXGL Background Thread 3 ] DEBUG Engine               - fullScreen: BooleanProperty [value: false]
17:53:59.916 [FXGL Background Thread 3 ] DEBUG Engine               - gameDifficulty: MEDIUM
17:53:59.916 [FXGL Background Thread 3 ] DEBUG Engine               - gameDifficultyProperty: ObjectProperty [value: MEDIUM]
17:53:59.916 [FXGL Background Thread 3 ] DEBUG Engine               - globalMusicVolume: 0.5
17:53:59.916 [FXGL Background Thread 3 ] DEBUG Engine               - globalMusicVolumeProperty: DoubleProperty [value: 0.5]
17:53:59.916 [FXGL Background Thread 3 ] DEBUG Engine               - globalSoundVolume: 0.5
17:53:59.916 [FXGL Background Thread 3 ] DEBUG Engine               - globalSoundVolumeProperty: DoubleProperty [value: 0.5]
17:53:59.916 [FXGL Background Thread 3 ] DEBUG Engine               - height: 720
17:53:59.916 [FXGL Background Thread 3 ] DEBUG Engine               - is3D: false
17:53:59.916 [FXGL Background Thread 3 ] DEBUG Engine               - isAndroid: false
17:53:59.916 [FXGL Background Thread 3 ] DEBUG Engine               - isBrowser: false
17:53:59.916 [FXGL Background Thread 3 ] DEBUG Engine               - isClickFeedbackEnabled: false
17:53:59.916 [FXGL Background Thread 3 ] DEBUG Engine               - isCloseConfirmation: false
17:53:59.916 [FXGL Background Thread 3 ] DEBUG Engine               - isDesktop: true
17:53:59.917 [FXGL Background Thread 3 ] DEBUG Engine               - isDeveloperMenuEnabled: false
17:53:59.917 [FXGL Background Thread 3 ] DEBUG Engine               - isEmbedded: false
17:53:59.917 [FXGL Background Thread 3 ] DEBUG Engine               - isEntityPreloadEnabled: true
17:53:59.917 [FXGL Background Thread 3 ] DEBUG Engine               - isExperimentalTiledLargeMap: false
17:53:59.917 [FXGL Background Thread 3 ] DEBUG Engine               - isFileSystemWriteAllowed: true
17:53:59.917 [FXGL Background Thread 3 ] DEBUG Engine               - isFullScreenAllowed: false
17:53:59.917 [FXGL Background Thread 3 ] DEBUG Engine               - isFullScreenFromStart: false
17:53:59.917 [FXGL Background Thread 3 ] DEBUG Engine               - isGameMenuEnabled: true
17:53:59.917 [FXGL Background Thread 3 ] DEBUG Engine               - isIOS: false
17:53:59.917 [FXGL Background Thread 3 ] DEBUG Engine               - isIntroEnabled: false
17:53:59.917 [FXGL Background Thread 3 ] DEBUG Engine               - isLinux: true
17:53:59.917 [FXGL Background Thread 3 ] DEBUG Engine               - isMac: false
17:53:59.917 [FXGL Background Thread 3 ] DEBUG Engine               - isMainMenuEnabled: false
17:53:59.917 [FXGL Background Thread 3 ] DEBUG Engine               - isManualResizeEnabled: false
17:53:59.917 [FXGL Background Thread 3 ] DEBUG Engine               - isMobile: false
17:53:59.918 [FXGL Background Thread 3 ] DEBUG Engine               - isNative: false
17:53:59.918 [FXGL Background Thread 3 ] DEBUG Engine               - isPauseMusicWhenMinimized: true
17:53:59.918 [FXGL Background Thread 3 ] DEBUG Engine               - isPreserveResizeRatio: false
17:53:59.918 [FXGL Background Thread 3 ] DEBUG Engine               - isProfilingEnabled: false
17:53:59.918 [FXGL Background Thread 3 ] DEBUG Engine               - isScaleAffectedOnResize: true
17:53:59.918 [FXGL Background Thread 3 ] DEBUG Engine               - isSingleStep: false
17:53:59.918 [FXGL Background Thread 3 ] DEBUG Engine               - isUserProfileEnabled: false
17:53:59.918 [FXGL Background Thread 3 ] DEBUG Engine               - isWindows: false
17:53:59.918 [FXGL Background Thread 3 ] DEBUG Engine               - language: ObjectProperty [value: ENGLISH]
17:53:59.918 [FXGL Background Thread 3 ] DEBUG Engine               - menuKey: ESCAPE
17:53:59.918 [FXGL Background Thread 3 ] DEBUG Engine               - mouseSensitivity: 0.2
17:53:59.918 [FXGL Background Thread 3 ] DEBUG Engine               - notificationViewClass: class com.almasb.fxgl.notification.view.XboxNotificationView
17:53:59.918 [FXGL Background Thread 3 ] DEBUG Engine               - pixelsPerMeter: 50.0
17:53:59.919 [FXGL Background Thread 3 ] DEBUG Engine               - platform: LINUX
17:53:59.919 [FXGL Background Thread 3 ] DEBUG Engine               - prefHeightProperty: ReadOnlyDoubleProperty [value: 720.0]
17:53:59.919 [FXGL Background Thread 3 ] DEBUG Engine               - prefWidthProperty: ReadOnlyDoubleProperty [value: 1280.0]
17:53:59.919 [FXGL Background Thread 3 ] DEBUG Engine               - profileDir: profiles/
17:53:59.919 [FXGL Background Thread 3 ] DEBUG Engine               - profileName: StringProperty [value: DEFAULT]
17:53:59.919 [FXGL Background Thread 3 ] DEBUG Engine               - randomSeed: -1
17:53:59.919 [FXGL Background Thread 3 ] DEBUG Engine               - runtimeInfo: RuntimeInfo(platform=LINUX, version=17.3, build=30.03.2023 11.49)
17:53:59.920 [FXGL Background Thread 3 ] DEBUG Engine               - saveFileExt: sav
17:53:59.920 [FXGL Background Thread 3 ] DEBUG Engine               - scaledHeightProp$fxgl: DoubleProperty [bound, value: 715.0]
17:53:59.920 [FXGL Background Thread 3 ] DEBUG Engine               - scaledWidthProp$fxgl: DoubleProperty [bound, value: 1280.0]
17:53:59.920 [FXGL Background Thread 3 ] DEBUG Engine               - sceneFactory: com.almasb.fxgl.app.scene.SceneFactory@301b03e5
17:53:59.920 [FXGL Background Thread 3 ] DEBUG Engine               - secondsIn24h: 60
17:53:59.920 [FXGL Background Thread 3 ] DEBUG Engine               - soundMenuBack: menu/back.wav
17:53:59.920 [FXGL Background Thread 3 ] DEBUG Engine               - soundMenuPress: menu/press.wav
17:53:59.920 [FXGL Background Thread 3 ] DEBUG Engine               - soundMenuSelect: menu/select.wav
17:53:59.920 [FXGL Background Thread 3 ] DEBUG Engine               - soundNotification: core/notification.wav
17:53:59.920 [FXGL Background Thread 3 ] DEBUG Engine               - stageStyle: DECORATED
17:53:59.921 [FXGL Background Thread 3 ] DEBUG Engine               - supportedLanguages: [ENGLISH, FRENCH, GERMAN, HUNGARIAN, RUSSIAN]
17:53:59.921 [FXGL Background Thread 3 ] DEBUG Engine               - ticksPerSecond: -1
17:53:59.921 [FXGL Background Thread 3 ] DEBUG Engine               - title: Restaurant Simulator
17:53:59.921 [FXGL Background Thread 3 ] DEBUG Engine               - urlGithub: https://github.com/AlmasB/FXGL
17:53:59.921 [FXGL Background Thread 3 ] DEBUG Engine               - urlLeaderboard: http://fxgl-top.herokuapp.com/
17:53:59.921 [FXGL Background Thread 3 ] DEBUG Engine               - urlPOM: https://raw.githubusercontent.com/AlmasB/FXGL/release/README.md
17:53:59.921 [FXGL Background Thread 3 ] DEBUG Engine               - userAppClass: class com.restaurant.application.GameApp
17:53:59.921 [FXGL Background Thread 3 ] DEBUG Engine               - version: 1.0
17:53:59.921 [FXGL Background Thread 3 ] DEBUG Engine               - versionCheckDays: 7
17:53:59.921 [FXGL Background Thread 3 ] DEBUG Engine               - width: 1280
17:53:59.922 [FXGL Background Thread 3 ] DEBUG Engine               - Logging services
17:53:59.922 [FXGL Background Thread 3 ] DEBUG Engine               - class com.almasb.fxgl.app.services.FXGLAssetLoaderService
17:53:59.922 [FXGL Background Thread 3 ] DEBUG Engine               - class com.almasb.fxgl.app.FXGLApplication$GameApplicationService
17:53:59.922 [FXGL Background Thread 3 ] DEBUG Engine               - class com.almasb.fxgl.app.services.FXGLDialogService
17:53:59.922 [FXGL Background Thread 3 ] DEBUG Engine               - class com.almasb.fxgl.app.services.IOTaskExecutorService
17:53:59.922 [FXGL Background Thread 3 ] DEBUG Engine               - class com.almasb.fxgl.io.FileSystemService
17:53:59.922 [FXGL Background Thread 3 ] DEBUG Engine               - class com.almasb.fxgl.localization.LocalizationService
17:53:59.922 [FXGL Background Thread 3 ] DEBUG Engine               - class com.almasb.fxgl.app.services.SystemBundleService
17:53:59.922 [FXGL Background Thread 3 ] DEBUG Engine               - class com.almasb.fxgl.profile.SaveLoadService
17:53:59.922 [FXGL Background Thread 3 ] DEBUG Engine               - class com.almasb.fxgl.ui.FXGLUIFactoryServiceProvider
17:53:59.922 [FXGL Background Thread 3 ] DEBUG Engine               - class com.almasb.fxgl.ui.FXGLDialogFactoryServiceProvider
17:53:59.922 [FXGL Background Thread 3 ] DEBUG Engine               - class com.almasb.fxgl.audio.AudioPlayer
17:53:59.922 [FXGL Background Thread 3 ] DEBUG Engine               - class com.almasb.fxgl.notification.impl.NotificationServiceProvider
17:53:59.922 [FXGL Background Thread 3 ] DEBUG Engine               - class com.almasb.fxgl.achievement.AchievementService
17:53:59.922 [FXGL Background Thread 3 ] DEBUG Engine               - class com.almasb.fxgl.cutscene.CutsceneService
17:53:59.922 [FXGL Background Thread 3 ] DEBUG Engine               - class com.almasb.fxgl.minigames.MiniGameService
17:53:59.922 [FXGL Background Thread 3 ] DEBUG Engine               - class com.almasb.fxgl.net.NetService
17:53:59.922 [FXGL Background Thread 3 ] DEBUG Engine               - class com.almasb.fxgl.app.services.UpdaterService
17:53:59.923 [FXGL Background Thread 3 ] DEBUG Engine               - class com.almasb.fxgl.dev.DevService
17:54:40.958 [JavaFX Application Thread] DEBUG LoopRunner           - Resuming loop
17:56:00.828 [JavaFX Application Thread] DEBUG FXGLApplication      - Exiting FXGL
17:56:00.828 [JavaFX Application Thread] DEBUG LoopRunner           - Stopping loop
17:56:00.828 [JavaFX Application Thread] DEBUG SystemBundleService  - Saving FXGL system data
17:56:00.829 [JavaFX Application Thread] DEBUG FileSystemAccess     - Writing to: /home/khars/IdeaProjects/SImulador-2/system/fxgl.bundle
17:56:00.830 [JavaFX Application Thread] DEBUG Async                - Shutting down background threads
17:56:00.830 [JavaFX Application Thread] DEBUG PrimaryStageWindow   - Closing main window
17:56:00.832 [JavaFX Application Thread] DEBUG Logger               - Closing Logger
