12:39:39.603 [main                     ] DEBUG Logger               - Configured Logger
12:39:39.620 [main                     ] DEBUG GameApplication      - Logging settings
Title: Restaurant Simulator
Version: 1.0
Width: 1280
Height: 520
Fullscreen: false
Intro: false
Profiling: false
Single step:false
App Mode: DEVELOPER
Menu Key: ESCAPE
Stage Style: DECORATED
Scene Factory: class com.almasb.fxgl.app.scene.SceneFactory

12:39:40.121 [JavaFX Application Thread] DEBUG FXGLApplication      - Initializing FXGL
12:39:40.123 [JavaFX Application Thread] INFO  Engine               - FXGL-17.3 (30.03.2023 11.49) on WINDOWS (J:21.0.5 FX:21)
12:39:40.124 [JavaFX Application Thread] DEBUG Engine               - JRE Vendor Name: Amazon.com Inc.
12:39:40.124 [JavaFX Application Thread] DEBUG Engine               - Running on OS: Windows 11 version 10.0
12:39:40.124 [JavaFX Application Thread] DEBUG Engine               - Architecture: amd64
12:39:40.124 [JavaFX Application Thread] INFO  Engine               - Source code and latest versions at: https://github.com/AlmasB/FXGL
12:39:40.124 [JavaFX Application Thread] INFO  Engine               -       Ask questions and discuss at: https://github.com/AlmasB/FXGL/discussions
12:39:40.124 [JavaFX Application Thread] INFO  Engine               -              Join the FXGL chat at: https://gitter.im/AlmasB/FXGL
12:39:40.237 [JavaFX Application Thread] DEBUG PrimaryStageWindow   - Creating a JavaFX scene
12:39:40.287 [JavaFX Application Thread] DEBUG PrimaryStageWindow   - Target settings size: 1280.0 x 520.0
12:39:40.287 [JavaFX Application Thread] DEBUG PrimaryStageWindow   - Scaled scene size:    1280.0 x 520.0
12:39:40.288 [JavaFX Application Thread] DEBUG PrimaryStageWindow   - Scaled ratio: (1.0, 1.0)
12:39:40.289 [JavaFX Application Thread] DEBUG PrimaryStageWindow   - Set initial scene to FXGLStartupScene
12:39:40.291 [JavaFX Application Thread] DEBUG PrimaryStageWindow   - Opening main window
12:39:40.382 [JavaFX Application Thread] DEBUG PrimaryStageWindow   - Window border size: (14.4000244140625, 37.5999755859375)
12:39:40.382 [JavaFX Application Thread] DEBUG PrimaryStageWindow   - Scaled size: 1280.0 x 520.0
12:39:40.382 [JavaFX Application Thread] DEBUG PrimaryStageWindow   - Scaled ratio: (1.0, 1.0)
12:39:40.383 [JavaFX Application Thread] DEBUG PrimaryStageWindow   - Scene size: 1280.0 x 520.0
12:39:40.383 [JavaFX Application Thread] DEBUG PrimaryStageWindow   - Stage size: 1294.4000244140625 x 557.5999755859375
12:39:40.389 [FXGL Background Thread 1 ] DEBUG Engine               - Initializing environment variables
12:39:40.425 [FXGL Background Thread 1 ] DEBUG FXGLAssetLoaderServi - User app class for loading assets: class com.restaurant.application.GameApp
12:39:40.426 [FXGL Background Thread 1 ] DEBUG GameApplicationServi - Applying CSS: fxgl_dark.css
12:39:40.427 [FXGL Background Thread 1 ] DEBUG FXGLAssetLoaderServi - Loading from file system: jar:file:/C:/Users/JOSELYN%20KATO/.m2/repository/com/github/almasb/fxgl/17.3/fxgl-17.3.jar!/fxglassets/ui/css/fxgl_dark.css
12:39:40.467 [FXGL Background Thread 1 ] DEBUG GameApplicationServi - Initializing application scenes
12:39:40.520 [FXGL Background Thread 1 ] DEBUG GameWorld            - Game world initialized
12:39:40.583 [FXGL Background Thread 1 ] DEBUG PhysicsWorld         - Physics world initialized: appHeight=520, physics.ppm=50.0
12:39:40.583 [FXGL Background Thread 1 ] DEBUG PhysicsWorld         - Using strategy: BRUTE_FORCE
12:39:40.587 [FXGL Background Thread 1 ] DEBUG GameScene            - Game scene initialized: 1280x520
12:39:40.598 [FXGL Background Thread 1 ] WARN  FXGL.DefaultMenu     - FXGLDefaultMenu is not designed for resolutions < 800x600
12:39:40.599 [FXGL Background Thread 1 ] DEBUG FXGL.DefaultMenu     - createMenuBodyGameMenu()
12:39:40.615 [FXGL Background Thread 1 ] DEBUG FXGL.DefaultMenu     - createOptionsMenu()
12:39:40.627 [FXGL Background Thread 1 ] DEBUG FXGLAssetLoaderServi - Loading from file system: jar:file:/C:/Users/JOSELYN%20KATO/.m2/repository/com/github/almasb/fxgl/17.3/fxgl-17.3.jar!/fxglassets/textures/particles/smoke.png
12:39:40.721 [FXGL Background Thread 1 ] DEBUG FXGLAssetLoaderServi - Loading from file system: jar:file:/C:/Users/JOSELYN%20KATO/.m2/repository/com/github/almasb/fxgl/17.3/fxgl-17.3.jar!/fxglassets/textures/particles/trace_horizontal.png
12:39:40.744 [FXGL Background Thread 1 ] DEBUG GameApplicationServi - Application scenes initialized
12:39:40.756 [FXGL Background Thread 1 ] DEBUG SystemBundleService  - Loading FXGL system data
12:39:40.757 [FXGL Background Thread 1 ] DEBUG FileSystemAccess     - Reading from: C:\Users\JOSELYN KATO\Simulador-Restaurant\system\fxgl.bundle
12:39:40.760 [FXGL Background Thread 1 ] DEBUG SystemBundleService  - Bundle FXGL: {}
12:39:40.761 [FXGL Background Thread 1 ] DEBUG UpdaterService       - Checking for updates
12:39:40.764 [FXGL Background Thread 4 ] DEBUG FXGLApplication      - Loading fonts
12:39:40.764 [FXGL Background Thread 4 ] DEBUG FXGLAssetLoaderServi - Loading from file system: jar:file:/C:/Users/JOSELYN%20KATO/.m2/repository/com/github/almasb/fxgl/17.3/fxgl-17.3.jar!/fxglassets/ui/fonts/VarelaRound-Regular.ttf
12:39:40.765 [FXGL Background Thread 1 ] DEBUG FXGLApplication      - Loading default localization
12:39:40.766 [FXGL Background Thread 1 ] DEBUG FXGLAssetLoaderServi - Loading from file system: jar:file:/C:/Users/JOSELYN%20KATO/.m2/repository/com/github/almasb/fxgl/17.3/fxgl-17.3.jar!/fxglassets/languages/english.lang
12:39:40.790 [FXGL Background Thread 1 ] INFO  FXGLApplication      - FXGL initialization took: 0.401 sec
12:39:40.791 [JavaFX Application Thread] DEBUG FXGLAssetLoaderServi - Loading from file system: jar:file:/C:/Users/JOSELYN%20KATO/.m2/repository/com/github/almasb/fxgl/17.3/fxgl-17.3.jar!/fxglassets/textures/fxgl_icon.png
12:39:40.794 [FXGL Background Thread 4 ] DEBUG FXGLAssetLoaderServi - Loading from file system: jar:file:/C:/Users/JOSELYN%20KATO/.m2/repository/com/github/almasb/fxgl/17.3/fxgl-17.3.jar!/fxglassets/ui/fonts/Abel-Regular.ttf
12:39:40.805 [JavaFX Application Thread] DEBUG FXGLAssetLoaderServi - Loading from file system: jar:file:/C:/Users/JOSELYN%20KATO/.m2/repository/com/github/almasb/fxgl/17.3/fxgl-17.3.jar!/fxglassets/textures/fxgl_default_cursor.png
12:39:40.806 [FXGL Background Thread 4 ] DEBUG FXGLAssetLoaderServi - Loading from file system: jar:file:/C:/Users/JOSELYN%20KATO/.m2/repository/com/github/almasb/fxgl/17.3/fxgl-17.3.jar!/fxglassets/ui/fonts/TerminalLandMono-Regular.otf
12:39:40.815 [JavaFX Application Thread] DEBUG Input                - Registered new binding: Screenshot - CTRL+8
12:39:40.815 [JavaFX Application Thread] DEBUG Input                - Registered new binding: System info dump - CTRL+9
12:39:40.815 [JavaFX Application Thread] DEBUG Input                - Registered new binding: Restart - CTRL+R
12:39:40.816 [JavaFX Application Thread] DEBUG Input                - Registered new binding: Toggle Debug Camera - CTRL+7
12:39:40.818 [JavaFX Application Thread] DEBUG LoopRunner           - Starting loop
12:39:40.818 [JavaFX Application Thread] DEBUG LoopRunner           - Initializing JavaFX AnimationTimerLoop
12:39:40.819 [JavaFX Application Thread] DEBUG GameApplicationServi - Starting new game
12:39:40.820 [JavaFX Application Thread] DEBUG Input                - Clearing active input actions
12:39:40.824 [FXGL Background Thread 4 ] DEBUG FXGLAssetLoaderServi - Loading from file system: jar:file:/C:/Users/JOSELYN%20KATO/.m2/repository/com/github/almasb/fxgl/17.3/fxgl-17.3.jar!/fxglassets/ui/fonts/Courier-Prime.ttf
12:39:40.831 [JavaFX Application Thread] DEBUG GameApplicationServi - Removing overlay from FXGLStartupScene and adding to FXGLLoadingScene
12:39:40.832 [JavaFX Application Thread] DEBUG PrimaryStageWindow   - FXGLStartupScene -> FXGLLoadingScene
12:39:40.832 [JavaFX Application Thread] DEBUG GameApplicationServi - Clearing previous game
12:39:40.832 [JavaFX Application Thread] DEBUG GameScene            - Clearing game scene
12:39:40.832 [JavaFX Application Thread] DEBUG GameWorld            - Clearing game world
12:39:40.832 [JavaFX Application Thread] DEBUG PhysicsWorld         - Clearing physics world
12:39:40.833 [FXGL Background Thread 1 ] DEBUG FXGLApplication      - Initializing game
12:39:40.873 [JavaFX Application Thread] DEBUG FXGLApplication      - Registering font factories with UI factory
12:39:40.904 [FXGL Background Thread 1 ] INFO  FXGLApplication      - Game initialization took: 0.071 sec
12:39:40.982 [JavaFX Application Thread] DEBUG Input                - Clearing active input actions
12:39:40.997 [JavaFX Application Thread] DEBUG GameApplicationServi - Removing overlay from FXGLLoadingScene and adding to GameScene
12:39:40.998 [JavaFX Application Thread] DEBUG PrimaryStageWindow   - FXGLLoadingScene -> GameScene
12:39:43.298 [FXGL Background Thread 2 ] INFO  UpdaterService       - Your current version:  17.3
12:39:43.298 [FXGL Background Thread 2 ] INFO  UpdaterService       - Latest stable version: 21.1
12:39:43.763 [FXGL Background Thread 3 ] DEBUG Engine               - Logging environment variables
12:39:43.763 [FXGL Background Thread 3 ] DEBUG Engine               - achievements: []
12:39:43.763 [FXGL Background Thread 3 ] DEBUG Engine               - actualHeight: 520.0
12:39:43.763 [FXGL Background Thread 3 ] DEBUG Engine               - actualHeightProperty: ReadOnlyDoubleProperty [value: 520.0]
12:39:43.763 [FXGL Background Thread 3 ] DEBUG Engine               - actualWidth: 1280.0
12:39:43.763 [FXGL Background Thread 3 ] DEBUG Engine               - actualWidthProperty: ReadOnlyDoubleProperty [value: 1280.0]
12:39:43.763 [FXGL Background Thread 3 ] DEBUG Engine               - appIcon: fxgl_icon.png
12:39:43.764 [FXGL Background Thread 3 ] DEBUG Engine               - applicationMode: DEVELOPER
12:39:43.764 [FXGL Background Thread 3 ] DEBUG Engine               - cSSList: [fxgl_dark.css]
12:39:43.764 [FXGL Background Thread 3 ] DEBUG Engine               - collisionDetectionStrategy: BRUTE_FORCE
12:39:43.764 [FXGL Background Thread 3 ] DEBUG Engine               - configClass: Optional.empty
12:39:43.764 [FXGL Background Thread 3 ] DEBUG Engine               - credits: []
12:39:43.764 [FXGL Background Thread 3 ] DEBUG Engine               - defaultCursor: CursorInfo(imageName=fxgl_default_cursor.png, hotspotX=7.0, hotspotY=6.0)
12:39:43.764 [FXGL Background Thread 3 ] DEBUG Engine               - devBBoxColorProperty: ObjectProperty [value: 0xff0000ff]
12:39:43.764 [FXGL Background Thread 3 ] DEBUG Engine               - devEnableDebugCameraProperty: BooleanProperty [value: false]
12:39:43.764 [FXGL Background Thread 3 ] DEBUG Engine               - devSensorColorProperty: ObjectProperty [value: 0xffff00ff]
12:39:43.764 [FXGL Background Thread 3 ] DEBUG Engine               - devShowBBoxProperty: BooleanProperty [value: false]
12:39:43.764 [FXGL Background Thread 3 ] DEBUG Engine               - devShowPositionProperty: BooleanProperty [value: false]
12:39:43.764 [FXGL Background Thread 3 ] DEBUG Engine               - enabledMenuItems: []
12:39:43.764 [FXGL Background Thread 3 ] DEBUG Engine               - engineServices: [class com.almasb.fxgl.app.services.FXGLAssetLoaderService, class com.almasb.fxgl.app.FXGLApplication$GameApplicationService, class com.almasb.fxgl.app.services.FXGLDialogService, class com.almasb.fxgl.app.services.IOTaskExecutorService, class com.almasb.fxgl.io.FileSystemService, class com.almasb.fxgl.localization.LocalizationService, class com.almasb.fxgl.app.services.SystemBundleService, class com.almasb.fxgl.profile.SaveLoadService, class com.almasb.fxgl.ui.FXGLUIFactoryServiceProvider, class com.almasb.fxgl.ui.FXGLDialogFactoryServiceProvider, class com.almasb.fxgl.audio.AudioPlayer, class com.almasb.fxgl.notification.impl.NotificationServiceProvider, class com.almasb.fxgl.achievement.AchievementService, class com.almasb.fxgl.cutscene.CutsceneService, class com.almasb.fxgl.minigames.MiniGameService, class com.almasb.fxgl.net.NetService, class com.almasb.fxgl.app.services.UpdaterService, class com.almasb.fxgl.dev.DevService]
12:39:43.764 [FXGL Background Thread 3 ] DEBUG Engine               - fontGame: Abel-Regular.ttf
12:39:43.764 [FXGL Background Thread 3 ] DEBUG Engine               - fontMono: TerminalLandMono-Regular.otf
12:39:43.765 [FXGL Background Thread 3 ] DEBUG Engine               - fontSizeScaleUI: 1.0
12:39:43.765 [FXGL Background Thread 3 ] DEBUG Engine               - fontText: Courier-Prime.ttf
12:39:43.765 [FXGL Background Thread 3 ] DEBUG Engine               - fontUI: VarelaRound-Regular.ttf
12:39:43.765 [FXGL Background Thread 3 ] DEBUG Engine               - fullScreen: BooleanProperty [value: false]
12:39:43.765 [FXGL Background Thread 3 ] DEBUG Engine               - gameDifficulty: MEDIUM
12:39:43.765 [FXGL Background Thread 3 ] DEBUG Engine               - gameDifficultyProperty: ObjectProperty [value: MEDIUM]
12:39:43.765 [FXGL Background Thread 3 ] DEBUG Engine               - globalMusicVolume: 0.5
12:39:43.765 [FXGL Background Thread 3 ] DEBUG Engine               - globalMusicVolumeProperty: DoubleProperty [value: 0.5]
12:39:43.765 [FXGL Background Thread 3 ] DEBUG Engine               - globalSoundVolume: 0.5
12:39:43.765 [FXGL Background Thread 3 ] DEBUG Engine               - globalSoundVolumeProperty: DoubleProperty [value: 0.5]
12:39:43.765 [FXGL Background Thread 3 ] DEBUG Engine               - height: 520
12:39:43.765 [FXGL Background Thread 3 ] DEBUG Engine               - is3D: false
12:39:43.765 [FXGL Background Thread 3 ] DEBUG Engine               - isAndroid: false
12:39:43.765 [FXGL Background Thread 3 ] DEBUG Engine               - isBrowser: false
12:39:43.765 [FXGL Background Thread 3 ] DEBUG Engine               - isClickFeedbackEnabled: false
12:39:43.765 [FXGL Background Thread 3 ] DEBUG Engine               - isCloseConfirmation: false
12:39:43.765 [FXGL Background Thread 3 ] DEBUG Engine               - isDesktop: true
12:39:43.765 [FXGL Background Thread 3 ] DEBUG Engine               - isDeveloperMenuEnabled: false
12:39:43.765 [FXGL Background Thread 3 ] DEBUG Engine               - isEmbedded: false
12:39:43.765 [FXGL Background Thread 3 ] DEBUG Engine               - isEntityPreloadEnabled: true
12:39:43.765 [FXGL Background Thread 3 ] DEBUG Engine               - isExperimentalTiledLargeMap: false
12:39:43.765 [FXGL Background Thread 3 ] DEBUG Engine               - isFileSystemWriteAllowed: true
12:39:43.766 [FXGL Background Thread 3 ] DEBUG Engine               - isFullScreenAllowed: false
12:39:43.766 [FXGL Background Thread 3 ] DEBUG Engine               - isFullScreenFromStart: false
12:39:43.766 [FXGL Background Thread 3 ] DEBUG Engine               - isGameMenuEnabled: true
12:39:43.766 [FXGL Background Thread 3 ] DEBUG Engine               - isIOS: false
12:39:43.766 [FXGL Background Thread 3 ] DEBUG Engine               - isIntroEnabled: false
12:39:43.766 [FXGL Background Thread 3 ] DEBUG Engine               - isLinux: false
12:39:43.766 [FXGL Background Thread 3 ] DEBUG Engine               - isMac: false
12:39:43.766 [FXGL Background Thread 3 ] DEBUG Engine               - isMainMenuEnabled: false
12:39:43.766 [FXGL Background Thread 3 ] DEBUG Engine               - isManualResizeEnabled: false
12:39:43.766 [FXGL Background Thread 3 ] DEBUG Engine               - isMobile: false
12:39:43.766 [FXGL Background Thread 3 ] DEBUG Engine               - isNative: false
12:39:43.766 [FXGL Background Thread 3 ] DEBUG Engine               - isPauseMusicWhenMinimized: true
12:39:43.766 [FXGL Background Thread 3 ] DEBUG Engine               - isPreserveResizeRatio: false
12:39:43.766 [FXGL Background Thread 3 ] DEBUG Engine               - isProfilingEnabled: false
12:39:43.766 [FXGL Background Thread 3 ] DEBUG Engine               - isScaleAffectedOnResize: true
12:39:43.766 [FXGL Background Thread 3 ] DEBUG Engine               - isSingleStep: false
12:39:43.766 [FXGL Background Thread 3 ] DEBUG Engine               - isUserProfileEnabled: false
12:39:43.766 [FXGL Background Thread 3 ] DEBUG Engine               - isWindows: true
12:39:43.766 [FXGL Background Thread 3 ] DEBUG Engine               - language: ObjectProperty [value: ENGLISH]
12:39:43.766 [FXGL Background Thread 3 ] DEBUG Engine               - menuKey: ESCAPE
12:39:43.766 [FXGL Background Thread 3 ] DEBUG Engine               - mouseSensitivity: 0.2
12:39:43.767 [FXGL Background Thread 3 ] DEBUG Engine               - notificationViewClass: class com.almasb.fxgl.notification.view.XboxNotificationView
12:39:43.767 [FXGL Background Thread 3 ] DEBUG Engine               - pixelsPerMeter: 50.0
12:39:43.767 [FXGL Background Thread 3 ] DEBUG Engine               - platform: WINDOWS
12:39:43.767 [FXGL Background Thread 3 ] DEBUG Engine               - prefHeightProperty: ReadOnlyDoubleProperty [value: 520.0]
12:39:43.767 [FXGL Background Thread 3 ] DEBUG Engine               - prefWidthProperty: ReadOnlyDoubleProperty [value: 1280.0]
12:39:43.767 [FXGL Background Thread 3 ] DEBUG Engine               - profileDir: profiles/
12:39:43.767 [FXGL Background Thread 3 ] DEBUG Engine               - profileName: StringProperty [value: DEFAULT]
12:39:43.767 [FXGL Background Thread 3 ] DEBUG Engine               - randomSeed: -1
12:39:43.767 [FXGL Background Thread 3 ] DEBUG Engine               - runtimeInfo: RuntimeInfo(platform=WINDOWS, version=17.3, build=30.03.2023 11.49)
12:39:43.768 [FXGL Background Thread 3 ] DEBUG Engine               - saveFileExt: sav
12:39:43.768 [FXGL Background Thread 3 ] DEBUG Engine               - scaledHeightProp$fxgl: DoubleProperty [bound, value: 520.0]
12:39:43.768 [FXGL Background Thread 3 ] DEBUG Engine               - scaledWidthProp$fxgl: DoubleProperty [bound, value: 1280.0]
12:39:43.768 [FXGL Background Thread 3 ] DEBUG Engine               - sceneFactory: com.almasb.fxgl.app.scene.SceneFactory@7150b70a
12:39:43.768 [FXGL Background Thread 3 ] DEBUG Engine               - secondsIn24h: 60
12:39:43.768 [FXGL Background Thread 3 ] DEBUG Engine               - soundMenuBack: menu/back.wav
12:39:43.768 [FXGL Background Thread 3 ] DEBUG Engine               - soundMenuPress: menu/press.wav
12:39:43.768 [FXGL Background Thread 3 ] DEBUG Engine               - soundMenuSelect: menu/select.wav
12:39:43.768 [FXGL Background Thread 3 ] DEBUG Engine               - soundNotification: core/notification.wav
12:39:43.768 [FXGL Background Thread 3 ] DEBUG Engine               - stageStyle: DECORATED
12:39:43.768 [FXGL Background Thread 3 ] DEBUG Engine               - supportedLanguages: [ENGLISH, FRENCH, GERMAN, HUNGARIAN, RUSSIAN]
12:39:43.768 [FXGL Background Thread 3 ] DEBUG Engine               - ticksPerSecond: -1
12:39:43.768 [FXGL Background Thread 3 ] DEBUG Engine               - title: Restaurant Simulator
12:39:43.768 [FXGL Background Thread 3 ] DEBUG Engine               - urlGithub: https://github.com/AlmasB/FXGL
12:39:43.768 [FXGL Background Thread 3 ] DEBUG Engine               - urlLeaderboard: http://fxgl-top.herokuapp.com/
12:39:43.768 [FXGL Background Thread 3 ] DEBUG Engine               - urlPOM: https://raw.githubusercontent.com/AlmasB/FXGL/release/README.md
12:39:43.768 [FXGL Background Thread 3 ] DEBUG Engine               - userAppClass: class com.restaurant.application.GameApp
12:39:43.768 [FXGL Background Thread 3 ] DEBUG Engine               - version: 1.0
12:39:43.768 [FXGL Background Thread 3 ] DEBUG Engine               - versionCheckDays: 7
12:39:43.768 [FXGL Background Thread 3 ] DEBUG Engine               - width: 1280
12:39:43.768 [FXGL Background Thread 3 ] DEBUG Engine               - Logging services
12:39:43.768 [FXGL Background Thread 3 ] DEBUG Engine               - class com.almasb.fxgl.app.services.FXGLAssetLoaderService
12:39:43.768 [FXGL Background Thread 3 ] DEBUG Engine               - class com.almasb.fxgl.app.FXGLApplication$GameApplicationService
12:39:43.768 [FXGL Background Thread 3 ] DEBUG Engine               - class com.almasb.fxgl.app.services.FXGLDialogService
12:39:43.768 [FXGL Background Thread 3 ] DEBUG Engine               - class com.almasb.fxgl.app.services.IOTaskExecutorService
12:39:43.768 [FXGL Background Thread 3 ] DEBUG Engine               - class com.almasb.fxgl.io.FileSystemService
12:39:43.768 [FXGL Background Thread 3 ] DEBUG Engine               - class com.almasb.fxgl.localization.LocalizationService
12:39:43.768 [FXGL Background Thread 3 ] DEBUG Engine               - class com.almasb.fxgl.app.services.SystemBundleService
12:39:43.768 [FXGL Background Thread 3 ] DEBUG Engine               - class com.almasb.fxgl.profile.SaveLoadService
12:39:43.768 [FXGL Background Thread 3 ] DEBUG Engine               - class com.almasb.fxgl.ui.FXGLUIFactoryServiceProvider
12:39:43.768 [FXGL Background Thread 3 ] DEBUG Engine               - class com.almasb.fxgl.ui.FXGLDialogFactoryServiceProvider
12:39:43.769 [FXGL Background Thread 3 ] DEBUG Engine               - class com.almasb.fxgl.audio.AudioPlayer
12:39:43.769 [FXGL Background Thread 3 ] DEBUG Engine               - class com.almasb.fxgl.notification.impl.NotificationServiceProvider
12:39:43.769 [FXGL Background Thread 3 ] DEBUG Engine               - class com.almasb.fxgl.achievement.AchievementService
12:39:43.769 [FXGL Background Thread 3 ] DEBUG Engine               - class com.almasb.fxgl.cutscene.CutsceneService
12:39:43.769 [FXGL Background Thread 3 ] DEBUG Engine               - class com.almasb.fxgl.minigames.MiniGameService
12:39:43.769 [FXGL Background Thread 3 ] DEBUG Engine               - class com.almasb.fxgl.net.NetService
12:39:43.769 [FXGL Background Thread 3 ] DEBUG Engine               - class com.almasb.fxgl.app.services.UpdaterService
12:39:43.769 [FXGL Background Thread 3 ] DEBUG Engine               - class com.almasb.fxgl.dev.DevService
12:43:17.643 [Thread-5                 ] DEBUG LoopRunner           - Stopping loop
12:43:17.647 [Thread-5                 ] FATAL FXGLApplication      - Uncaught Exception:
java.lang.IllegalStateException: Not on FX application thread; currentThread = Thread-5
	at com.sun.javafx.tk.Toolkit.checkFxUserThread(Toolkit.java:294)
	at com.sun.javafx.tk.quantum.QuantumToolkit.checkFxUserThread(QuantumToolkit.java:475)
	at javafx.scene.Parent$3.onProposedChange(Parent.java:475)
	at com.sun.javafx.collections.VetoableListDecorator.setAll(VetoableListDecorator.java:116)
	at com.sun.javafx.collections.VetoableListDecorator.setAll(VetoableListDecorator.java:110)
	at javafx.scene.control.skin.LabeledSkinBase.updateChildren(LabeledSkinBase.java:282)
	at javafx.scene.control.skin.LabeledSkinBase.lambda$new$11(LabeledSkinBase.java:219)
	at com.sun.javafx.scene.control.LambdaMultiplePropertyChangeListenerHandler.lambda$new$1(LambdaMultiplePropertyChangeListenerHandler.java:88)
	at javafx.beans.value.WeakChangeListener.changed(WeakChangeListener.java:86)
	at com.sun.javafx.binding.ExpressionHelper$SingleChange.fireValueChangedEvent(ExpressionHelper.java:192)
	at com.sun.javafx.binding.ExpressionHelper.fireValueChangedEvent(ExpressionHelper.java:91)
	at javafx.beans.property.StringPropertyBase.fireValueChangedEvent(StringPropertyBase.java:104)
	at javafx.beans.property.StringPropertyBase.markInvalid(StringPropertyBase.java:111)
	at javafx.beans.property.StringPropertyBase$Listener.invalidated(StringPropertyBase.java:231)
	at com.sun.javafx.binding.ExpressionHelper$SingleInvalidation.fireValueChangedEvent(ExpressionHelper.java:147)
	at com.sun.javafx.binding.ExpressionHelper.fireValueChangedEvent(ExpressionHelper.java:91)
	at javafx.beans.binding.StringBinding.invalidate(StringBinding.java:181)
	at com.sun.javafx.binding.BindingHelperObserver.invalidated(BindingHelperObserver.java:52)
	at com.sun.javafx.binding.ExpressionHelper$SingleInvalidation.fireValueChangedEvent(ExpressionHelper.java:147)
	at com.sun.javafx.binding.ExpressionHelper.fireValueChangedEvent(ExpressionHelper.java:91)
	at javafx.beans.property.IntegerPropertyBase.fireValueChangedEvent(IntegerPropertyBase.java:107)
	at javafx.beans.property.IntegerPropertyBase.markInvalid(IntegerPropertyBase.java:114)
	at javafx.beans.property.IntegerPropertyBase.set(IntegerPropertyBase.java:148)
	at com.restaurant.domain.models.CustomerStats.incrementWaitingForTable(CustomerStats.java:19)
	at com.restaurant.domain.entities.Receptionist.handleCustomer(Receptionist.java:85)
	at com.restaurant.domain.entities.Receptionist.lambda$startReceptionistBehavior$0(Receptionist.java:40)
	at java.base/java.lang.Thread.run(Thread.java:1583)

12:43:17.647 [Thread-5                 ] FATAL FXGLApplication      - Application will now exit
12:43:17.669 [Thread-5                 ] DEBUG PrimaryStageWindow   - Push state: ErrorSubScene
12:43:17.669 [Thread-5                 ] DEBUG Input                - Clearing active input actions
12:43:30.182 [JavaFX Application Thread] DEBUG FXGLApplication      - Exiting FXGL
12:43:30.182 [JavaFX Application Thread] DEBUG Async                - Shutting down background threads
12:43:30.182 [JavaFX Application Thread] DEBUG PrimaryStageWindow   - Closing main window
12:43:30.191 [JavaFX Application Thread] DEBUG Logger               - Closing Logger
