17:14:51.080 [main                     ] DEBUG Logger               - Configured Logger
17:14:51.116 [main                     ] DEBUG GameApplication      - Logging settings
Title: Restaurant Simulator
Version: 1.0
Width: 1280
Height: 520
Fullscreen: false
Intro: false
Profiling: false
Single step:false
App Mode: DEVELOPER
Menu Key: ESCAPE
Stage Style: DECORATED
Scene Factory: class com.almasb.fxgl.app.scene.SceneFactory

17:14:51.644 [JavaFX Application Thread] DEBUG FXGLApplication      - Initializing FXGL
17:14:51.647 [JavaFX Application Thread] INFO  Engine               - FXGL-17.3 (30.03.2023 11.49) on LINUX (J:21.0.5 FX:21)
17:14:51.647 [JavaFX Application Thread] DEBUG Engine               - JRE Vendor Name: Amazon.com Inc.
17:14:51.647 [JavaFX Application Thread] DEBUG Engine               - Running on OS: Linux version 6.8.0-49-generic
17:14:51.647 [JavaFX Application Thread] DEBUG Engine               - Architecture: amd64
17:14:51.647 [JavaFX Application Thread] INFO  Engine               - Source code and latest versions at: https://github.com/AlmasB/FXGL
17:14:51.648 [JavaFX Application Thread] INFO  Engine               -       Ask questions and discuss at: https://github.com/AlmasB/FXGL/discussions
17:14:51.648 [JavaFX Application Thread] INFO  Engine               -              Join the FXGL chat at: https://gitter.im/AlmasB/FXGL
17:14:51.767 [JavaFX Application Thread] DEBUG PrimaryStageWindow   - Creating a JavaFX scene
17:14:51.861 [JavaFX Application Thread] DEBUG PrimaryStageWindow   - Target settings size: 1280.0 x 520.0
17:14:51.861 [JavaFX Application Thread] DEBUG PrimaryStageWindow   - Scaled scene size:    1280.0 x 520.0
17:14:51.862 [JavaFX Application Thread] DEBUG PrimaryStageWindow   - Scaled ratio: (1.0, 1.0)
17:14:51.863 [JavaFX Application Thread] DEBUG PrimaryStageWindow   - Set initial scene to FXGLStartupScene
17:14:51.866 [JavaFX Application Thread] DEBUG PrimaryStageWindow   - Opening main window
17:14:51.948 [JavaFX Application Thread] DEBUG PrimaryStageWindow   - Window border size: (0.0, 35.0)
17:14:51.949 [JavaFX Application Thread] DEBUG PrimaryStageWindow   - Scaled size: 1280.0 x 485.0
17:14:51.949 [JavaFX Application Thread] DEBUG PrimaryStageWindow   - Scaled ratio: (1.0, 0.9326923076923077)
17:14:51.949 [JavaFX Application Thread] DEBUG PrimaryStageWindow   - Scene size: 1280.0 x 520.0
17:14:51.949 [JavaFX Application Thread] DEBUG PrimaryStageWindow   - Stage size: 1280.0 x 520.0
17:14:51.953 [FXGL Background Thread 1 ] DEBUG Engine               - Initializing environment variables
17:14:51.990 [FXGL Background Thread 1 ] DEBUG FXGLAssetLoaderServi - User app class for loading assets: class com.restaurant.application.GameApp
17:14:51.990 [FXGL Background Thread 1 ] DEBUG GameApplicationServi - Applying CSS: fxgl_dark.css
17:14:51.991 [FXGL Background Thread 1 ] DEBUG FXGLAssetLoaderServi - Loading from file system: jar:file:/home/khars/.m2/repository/com/github/almasb/fxgl/17.3/fxgl-17.3.jar!/fxglassets/ui/css/fxgl_dark.css
17:14:52.038 [FXGL Background Thread 1 ] DEBUG GameApplicationServi - Initializing application scenes
17:14:52.084 [FXGL Background Thread 1 ] DEBUG GameWorld            - Game world initialized
17:14:52.151 [FXGL Background Thread 1 ] DEBUG PhysicsWorld         - Physics world initialized: appHeight=520, physics.ppm=50,0
17:14:52.151 [FXGL Background Thread 1 ] DEBUG PhysicsWorld         - Using strategy: BRUTE_FORCE
17:14:52.156 [FXGL Background Thread 1 ] DEBUG GameScene            - Game scene initialized: 1280x520
17:14:52.167 [FXGL Background Thread 1 ] WARN  FXGL.DefaultMenu     - FXGLDefaultMenu is not designed for resolutions < 800x600
17:14:52.168 [FXGL Background Thread 1 ] DEBUG FXGL.DefaultMenu     - createMenuBodyGameMenu()
17:14:52.182 [FXGL Background Thread 1 ] DEBUG FXGL.DefaultMenu     - createOptionsMenu()
17:14:52.191 [FXGL Background Thread 1 ] DEBUG FXGLAssetLoaderServi - Loading from file system: jar:file:/home/khars/.m2/repository/com/github/almasb/fxgl/17.3/fxgl-17.3.jar!/fxglassets/textures/particles/smoke.png
17:14:52.274 [FXGL Background Thread 1 ] DEBUG FXGLAssetLoaderServi - Loading from file system: jar:file:/home/khars/.m2/repository/com/github/almasb/fxgl/17.3/fxgl-17.3.jar!/fxglassets/textures/particles/trace_horizontal.png
17:14:52.297 [FXGL Background Thread 1 ] DEBUG GameApplicationServi - Application scenes initialized
17:14:52.309 [FXGL Background Thread 1 ] DEBUG SystemBundleService  - Loading FXGL system data
17:14:52.310 [FXGL Background Thread 1 ] DEBUG FileSystemAccess     - Reading from: /home/khars/IdeaProjects/Simulador-Restaurant/system/fxgl.bundle
17:14:52.312 [FXGL Background Thread 1 ] DEBUG SystemBundleService  - Bundle FXGL: {}
17:14:52.313 [FXGL Background Thread 1 ] DEBUG UpdaterService       - Checking for updates
17:14:52.316 [FXGL Background Thread 4 ] DEBUG FXGLApplication      - Loading fonts
17:14:52.317 [FXGL Background Thread 4 ] DEBUG FXGLAssetLoaderServi - Loading from file system: jar:file:/home/khars/.m2/repository/com/github/almasb/fxgl/17.3/fxgl-17.3.jar!/fxglassets/ui/fonts/VarelaRound-Regular.ttf
17:14:52.317 [FXGL Background Thread 1 ] DEBUG FXGLApplication      - Loading default localization
17:14:52.318 [FXGL Background Thread 1 ] DEBUG FXGLAssetLoaderServi - Loading from file system: jar:file:/home/khars/.m2/repository/com/github/almasb/fxgl/17.3/fxgl-17.3.jar!/fxglassets/languages/english.lang
17:14:52.334 [FXGL Background Thread 4 ] DEBUG FXGLAssetLoaderServi - Loading from file system: jar:file:/home/khars/.m2/repository/com/github/almasb/fxgl/17.3/fxgl-17.3.jar!/fxglassets/ui/fonts/Abel-Regular.ttf
17:14:52.337 [FXGL Background Thread 4 ] DEBUG FXGLAssetLoaderServi - Loading from file system: jar:file:/home/khars/.m2/repository/com/github/almasb/fxgl/17.3/fxgl-17.3.jar!/fxglassets/ui/fonts/TerminalLandMono-Regular.otf
17:14:52.341 [FXGL Background Thread 4 ] DEBUG FXGLAssetLoaderServi - Loading from file system: jar:file:/home/khars/.m2/repository/com/github/almasb/fxgl/17.3/fxgl-17.3.jar!/fxglassets/ui/fonts/Courier-Prime.ttf
17:14:52.346 [JavaFX Application Thread] DEBUG FXGLApplication      - Registering font factories with UI factory
17:14:52.349 [FXGL Background Thread 1 ] INFO  FXGLApplication      - FXGL initialization took: 0,396 sec
17:14:52.350 [JavaFX Application Thread] DEBUG FXGLAssetLoaderServi - Loading from file system: jar:file:/home/khars/.m2/repository/com/github/almasb/fxgl/17.3/fxgl-17.3.jar!/fxglassets/textures/fxgl_icon.png
17:14:52.384 [JavaFX Application Thread] DEBUG FXGLAssetLoaderServi - Loading from file system: jar:file:/home/khars/.m2/repository/com/github/almasb/fxgl/17.3/fxgl-17.3.jar!/fxglassets/textures/fxgl_default_cursor.png
17:14:52.394 [JavaFX Application Thread] DEBUG Input                - Registered new binding: Screenshot - CTRL+8
17:14:52.394 [JavaFX Application Thread] DEBUG Input                - Registered new binding: System info dump - CTRL+9
17:14:52.394 [JavaFX Application Thread] DEBUG Input                - Registered new binding: Restart - CTRL+R
17:14:52.395 [JavaFX Application Thread] DEBUG Input                - Registered new binding: Toggle Debug Camera - CTRL+7
17:14:52.397 [JavaFX Application Thread] DEBUG LoopRunner           - Starting loop
17:14:52.397 [JavaFX Application Thread] DEBUG LoopRunner           - Initializing JavaFX AnimationTimerLoop
17:14:52.398 [JavaFX Application Thread] DEBUG GameApplicationServi - Starting new game
17:14:52.399 [JavaFX Application Thread] DEBUG Input                - Clearing active input actions
17:14:52.408 [JavaFX Application Thread] DEBUG GameApplicationServi - Removing overlay from FXGLStartupScene and adding to FXGLLoadingScene
17:14:52.408 [JavaFX Application Thread] DEBUG PrimaryStageWindow   - FXGLStartupScene -> FXGLLoadingScene
17:14:52.408 [JavaFX Application Thread] DEBUG GameApplicationServi - Clearing previous game
17:14:52.408 [JavaFX Application Thread] DEBUG GameScene            - Clearing game scene
17:14:52.408 [JavaFX Application Thread] DEBUG GameWorld            - Clearing game world
17:14:52.408 [JavaFX Application Thread] DEBUG PhysicsWorld         - Clearing physics world
17:14:52.410 [FXGL Background Thread 1 ] DEBUG FXGLApplication      - Initializing game
17:14:52.510 [FXGL Background Thread 1 ] INFO  FXGLApplication      - Game initialization took: 0,100 sec
17:14:52.562 [JavaFX Application Thread] DEBUG Input                - Clearing active input actions
17:14:52.613 [JavaFX Application Thread] DEBUG GameApplicationServi - Removing overlay from FXGLLoadingScene and adding to GameScene
17:14:52.613 [JavaFX Application Thread] DEBUG PrimaryStageWindow   - FXGLLoadingScene -> GameScene
17:14:53.077 [FXGL Background Thread 2 ] INFO  UpdaterService       - Your current version:  17.3
17:14:53.077 [FXGL Background Thread 2 ] INFO  UpdaterService       - Latest stable version: 21.1
17:14:55.315 [FXGL Background Thread 3 ] DEBUG Engine               - Logging environment variables
17:14:55.315 [FXGL Background Thread 3 ] DEBUG Engine               - achievements: []
17:14:55.315 [FXGL Background Thread 3 ] DEBUG Engine               - actualHeight: 485.0
17:14:55.315 [FXGL Background Thread 3 ] DEBUG Engine               - actualHeightProperty: ReadOnlyDoubleProperty [value: 515.0]
17:14:55.315 [FXGL Background Thread 3 ] DEBUG Engine               - actualWidth: 1280.0
17:14:55.316 [FXGL Background Thread 3 ] DEBUG Engine               - actualWidthProperty: ReadOnlyDoubleProperty [value: 1280.0]
17:14:55.316 [FXGL Background Thread 3 ] DEBUG Engine               - appIcon: fxgl_icon.png
17:14:55.316 [FXGL Background Thread 3 ] DEBUG Engine               - applicationMode: DEVELOPER
17:14:55.316 [FXGL Background Thread 3 ] DEBUG Engine               - cSSList: [fxgl_dark.css]
17:14:55.316 [FXGL Background Thread 3 ] DEBUG Engine               - collisionDetectionStrategy: BRUTE_FORCE
17:14:55.316 [FXGL Background Thread 3 ] DEBUG Engine               - configClass: Optional.empty
17:14:55.316 [FXGL Background Thread 3 ] DEBUG Engine               - credits: []
17:14:55.316 [FXGL Background Thread 3 ] DEBUG Engine               - defaultCursor: CursorInfo(imageName=fxgl_default_cursor.png, hotspotX=7.0, hotspotY=6.0)
17:14:55.316 [FXGL Background Thread 3 ] DEBUG Engine               - devBBoxColorProperty: ObjectProperty [value: 0xff0000ff]
17:14:55.316 [FXGL Background Thread 3 ] DEBUG Engine               - devEnableDebugCameraProperty: BooleanProperty [value: false]
17:14:55.316 [FXGL Background Thread 3 ] DEBUG Engine               - devSensorColorProperty: ObjectProperty [value: 0xffff00ff]
17:14:55.316 [FXGL Background Thread 3 ] DEBUG Engine               - devShowBBoxProperty: BooleanProperty [value: false]
17:14:55.316 [FXGL Background Thread 3 ] DEBUG Engine               - devShowPositionProperty: BooleanProperty [value: false]
17:14:55.317 [FXGL Background Thread 3 ] DEBUG Engine               - enabledMenuItems: []
17:14:55.317 [FXGL Background Thread 3 ] DEBUG Engine               - engineServices: [class com.almasb.fxgl.app.services.FXGLAssetLoaderService, class com.almasb.fxgl.app.FXGLApplication$GameApplicationService, class com.almasb.fxgl.app.services.FXGLDialogService, class com.almasb.fxgl.app.services.IOTaskExecutorService, class com.almasb.fxgl.io.FileSystemService, class com.almasb.fxgl.localization.LocalizationService, class com.almasb.fxgl.app.services.SystemBundleService, class com.almasb.fxgl.profile.SaveLoadService, class com.almasb.fxgl.ui.FXGLUIFactoryServiceProvider, class com.almasb.fxgl.ui.FXGLDialogFactoryServiceProvider, class com.almasb.fxgl.audio.AudioPlayer, class com.almasb.fxgl.notification.impl.NotificationServiceProvider, class com.almasb.fxgl.achievement.AchievementService, class com.almasb.fxgl.cutscene.CutsceneService, class com.almasb.fxgl.minigames.MiniGameService, class com.almasb.fxgl.net.NetService, class com.almasb.fxgl.app.services.UpdaterService, class com.almasb.fxgl.dev.DevService]
17:14:55.317 [FXGL Background Thread 3 ] DEBUG Engine               - fontGame: Abel-Regular.ttf
17:14:55.317 [FXGL Background Thread 3 ] DEBUG Engine               - fontMono: TerminalLandMono-Regular.otf
17:14:55.317 [FXGL Background Thread 3 ] DEBUG Engine               - fontSizeScaleUI: 1.0
17:14:55.317 [FXGL Background Thread 3 ] DEBUG Engine               - fontText: Courier-Prime.ttf
17:14:55.317 [FXGL Background Thread 3 ] DEBUG Engine               - fontUI: VarelaRound-Regular.ttf
17:14:55.317 [FXGL Background Thread 3 ] DEBUG Engine               - fullScreen: BooleanProperty [value: false]
17:14:55.317 [FXGL Background Thread 3 ] DEBUG Engine               - gameDifficulty: MEDIUM
17:14:55.317 [FXGL Background Thread 3 ] DEBUG Engine               - gameDifficultyProperty: ObjectProperty [value: MEDIUM]
17:14:55.317 [FXGL Background Thread 3 ] DEBUG Engine               - globalMusicVolume: 0.5
17:14:55.317 [FXGL Background Thread 3 ] DEBUG Engine               - globalMusicVolumeProperty: DoubleProperty [value: 0.5]
17:14:55.317 [FXGL Background Thread 3 ] DEBUG Engine               - globalSoundVolume: 0.5
17:14:55.317 [FXGL Background Thread 3 ] DEBUG Engine               - globalSoundVolumeProperty: DoubleProperty [value: 0.5]
17:14:55.317 [FXGL Background Thread 3 ] DEBUG Engine               - height: 520
17:14:55.317 [FXGL Background Thread 3 ] DEBUG Engine               - is3D: false
17:14:55.318 [FXGL Background Thread 3 ] DEBUG Engine               - isAndroid: false
17:14:55.318 [FXGL Background Thread 3 ] DEBUG Engine               - isBrowser: false
17:14:55.318 [FXGL Background Thread 3 ] DEBUG Engine               - isClickFeedbackEnabled: false
17:14:55.318 [FXGL Background Thread 3 ] DEBUG Engine               - isCloseConfirmation: false
17:14:55.318 [FXGL Background Thread 3 ] DEBUG Engine               - isDesktop: true
17:14:55.318 [FXGL Background Thread 3 ] DEBUG Engine               - isDeveloperMenuEnabled: false
17:14:55.318 [FXGL Background Thread 3 ] DEBUG Engine               - isEmbedded: false
17:14:55.318 [FXGL Background Thread 3 ] DEBUG Engine               - isEntityPreloadEnabled: true
17:14:55.318 [FXGL Background Thread 3 ] DEBUG Engine               - isExperimentalTiledLargeMap: false
17:14:55.318 [FXGL Background Thread 3 ] DEBUG Engine               - isFileSystemWriteAllowed: true
17:14:55.318 [FXGL Background Thread 3 ] DEBUG Engine               - isFullScreenAllowed: false
17:14:55.318 [FXGL Background Thread 3 ] DEBUG Engine               - isFullScreenFromStart: false
17:14:55.318 [FXGL Background Thread 3 ] DEBUG Engine               - isGameMenuEnabled: true
17:14:55.318 [FXGL Background Thread 3 ] DEBUG Engine               - isIOS: false
17:14:55.318 [FXGL Background Thread 3 ] DEBUG Engine               - isIntroEnabled: false
17:14:55.318 [FXGL Background Thread 3 ] DEBUG Engine               - isLinux: true
17:14:55.318 [FXGL Background Thread 3 ] DEBUG Engine               - isMac: false
17:14:55.319 [FXGL Background Thread 3 ] DEBUG Engine               - isMainMenuEnabled: false
17:14:55.319 [FXGL Background Thread 3 ] DEBUG Engine               - isManualResizeEnabled: false
17:14:55.319 [FXGL Background Thread 3 ] DEBUG Engine               - isMobile: false
17:14:55.319 [FXGL Background Thread 3 ] DEBUG Engine               - isNative: false
17:14:55.319 [FXGL Background Thread 3 ] DEBUG Engine               - isPauseMusicWhenMinimized: true
17:14:55.319 [FXGL Background Thread 3 ] DEBUG Engine               - isPreserveResizeRatio: false
17:14:55.319 [FXGL Background Thread 3 ] DEBUG Engine               - isProfilingEnabled: false
17:14:55.319 [FXGL Background Thread 3 ] DEBUG Engine               - isScaleAffectedOnResize: true
17:14:55.319 [FXGL Background Thread 3 ] DEBUG Engine               - isSingleStep: false
17:14:55.319 [FXGL Background Thread 3 ] DEBUG Engine               - isUserProfileEnabled: false
17:14:55.319 [FXGL Background Thread 3 ] DEBUG Engine               - isWindows: false
17:14:55.319 [FXGL Background Thread 3 ] DEBUG Engine               - language: ObjectProperty [value: ENGLISH]
17:14:55.319 [FXGL Background Thread 3 ] DEBUG Engine               - menuKey: ESCAPE
17:14:55.319 [FXGL Background Thread 3 ] DEBUG Engine               - mouseSensitivity: 0.2
17:14:55.319 [FXGL Background Thread 3 ] DEBUG Engine               - notificationViewClass: class com.almasb.fxgl.notification.view.XboxNotificationView
17:14:55.319 [FXGL Background Thread 3 ] DEBUG Engine               - pixelsPerMeter: 50.0
17:14:55.319 [FXGL Background Thread 3 ] DEBUG Engine               - platform: LINUX
17:14:55.319 [FXGL Background Thread 3 ] DEBUG Engine               - prefHeightProperty: ReadOnlyDoubleProperty [value: 520.0]
17:14:55.319 [FXGL Background Thread 3 ] DEBUG Engine               - prefWidthProperty: ReadOnlyDoubleProperty [value: 1280.0]
17:14:55.320 [FXGL Background Thread 3 ] DEBUG Engine               - profileDir: profiles/
17:14:55.320 [FXGL Background Thread 3 ] DEBUG Engine               - profileName: StringProperty [value: DEFAULT]
17:14:55.320 [FXGL Background Thread 3 ] DEBUG Engine               - randomSeed: -1
17:14:55.320 [FXGL Background Thread 3 ] DEBUG Engine               - runtimeInfo: RuntimeInfo(platform=LINUX, version=17.3, build=30.03.2023 11.49)
17:14:55.320 [FXGL Background Thread 3 ] DEBUG Engine               - saveFileExt: sav
17:14:55.320 [FXGL Background Thread 3 ] DEBUG Engine               - scaledHeightProp$fxgl: DoubleProperty [bound, value: 515.0]
17:14:55.320 [FXGL Background Thread 3 ] DEBUG Engine               - scaledWidthProp$fxgl: DoubleProperty [bound, value: 1280.0]
17:14:55.320 [FXGL Background Thread 3 ] DEBUG Engine               - sceneFactory: com.almasb.fxgl.app.scene.SceneFactory@51b5f7cc
17:14:55.320 [FXGL Background Thread 3 ] DEBUG Engine               - secondsIn24h: 60
17:14:55.320 [FXGL Background Thread 3 ] DEBUG Engine               - soundMenuBack: menu/back.wav
17:14:55.320 [FXGL Background Thread 3 ] DEBUG Engine               - soundMenuPress: menu/press.wav
17:14:55.320 [FXGL Background Thread 3 ] DEBUG Engine               - soundMenuSelect: menu/select.wav
17:14:55.320 [FXGL Background Thread 3 ] DEBUG Engine               - soundNotification: core/notification.wav
17:14:55.320 [FXGL Background Thread 3 ] DEBUG Engine               - stageStyle: DECORATED
17:14:55.320 [FXGL Background Thread 3 ] DEBUG Engine               - supportedLanguages: [ENGLISH, FRENCH, GERMAN, HUNGARIAN, RUSSIAN]
17:14:55.321 [FXGL Background Thread 3 ] DEBUG Engine               - ticksPerSecond: -1
17:14:55.321 [FXGL Background Thread 3 ] DEBUG Engine               - title: Restaurant Simulator
17:14:55.321 [FXGL Background Thread 3 ] DEBUG Engine               - urlGithub: https://github.com/AlmasB/FXGL
17:14:55.321 [FXGL Background Thread 3 ] DEBUG Engine               - urlLeaderboard: http://fxgl-top.herokuapp.com/
17:14:55.321 [FXGL Background Thread 3 ] DEBUG Engine               - urlPOM: https://raw.githubusercontent.com/AlmasB/FXGL/release/README.md
17:14:55.321 [FXGL Background Thread 3 ] DEBUG Engine               - userAppClass: class com.restaurant.application.GameApp
17:14:55.321 [FXGL Background Thread 3 ] DEBUG Engine               - version: 1.0
17:14:55.321 [FXGL Background Thread 3 ] DEBUG Engine               - versionCheckDays: 7
17:14:55.321 [FXGL Background Thread 3 ] DEBUG Engine               - width: 1280
17:14:55.321 [FXGL Background Thread 3 ] DEBUG Engine               - Logging services
17:14:55.321 [FXGL Background Thread 3 ] DEBUG Engine               - class com.almasb.fxgl.app.services.FXGLAssetLoaderService
17:14:55.321 [FXGL Background Thread 3 ] DEBUG Engine               - class com.almasb.fxgl.app.FXGLApplication$GameApplicationService
17:14:55.321 [FXGL Background Thread 3 ] DEBUG Engine               - class com.almasb.fxgl.app.services.FXGLDialogService
17:14:55.321 [FXGL Background Thread 3 ] DEBUG Engine               - class com.almasb.fxgl.app.services.IOTaskExecutorService
17:14:55.321 [FXGL Background Thread 3 ] DEBUG Engine               - class com.almasb.fxgl.io.FileSystemService
17:14:55.321 [FXGL Background Thread 3 ] DEBUG Engine               - class com.almasb.fxgl.localization.LocalizationService
17:14:55.321 [FXGL Background Thread 3 ] DEBUG Engine               - class com.almasb.fxgl.app.services.SystemBundleService
17:14:55.321 [FXGL Background Thread 3 ] DEBUG Engine               - class com.almasb.fxgl.profile.SaveLoadService
17:14:55.321 [FXGL Background Thread 3 ] DEBUG Engine               - class com.almasb.fxgl.ui.FXGLUIFactoryServiceProvider
17:14:55.321 [FXGL Background Thread 3 ] DEBUG Engine               - class com.almasb.fxgl.ui.FXGLDialogFactoryServiceProvider
17:14:55.321 [FXGL Background Thread 3 ] DEBUG Engine               - class com.almasb.fxgl.audio.AudioPlayer
17:14:55.322 [FXGL Background Thread 3 ] DEBUG Engine               - class com.almasb.fxgl.notification.impl.NotificationServiceProvider
17:14:55.322 [FXGL Background Thread 3 ] DEBUG Engine               - class com.almasb.fxgl.achievement.AchievementService
17:14:55.322 [FXGL Background Thread 3 ] DEBUG Engine               - class com.almasb.fxgl.cutscene.CutsceneService
17:14:55.322 [FXGL Background Thread 3 ] DEBUG Engine               - class com.almasb.fxgl.minigames.MiniGameService
17:14:55.322 [FXGL Background Thread 3 ] DEBUG Engine               - class com.almasb.fxgl.net.NetService
17:14:55.322 [FXGL Background Thread 3 ] DEBUG Engine               - class com.almasb.fxgl.app.services.UpdaterService
17:14:55.322 [FXGL Background Thread 3 ] DEBUG Engine               - class com.almasb.fxgl.dev.DevService
17:15:07.599 [JavaFX Application Thread] DEBUG FXGLApplication      - Exiting FXGL
17:15:07.599 [JavaFX Application Thread] DEBUG LoopRunner           - Stopping loop
17:15:07.600 [JavaFX Application Thread] DEBUG SystemBundleService  - Saving FXGL system data
17:15:07.600 [JavaFX Application Thread] DEBUG FileSystemAccess     - Writing to: /home/khars/IdeaProjects/Simulador-Restaurant/system/fxgl.bundle
17:15:07.601 [JavaFX Application Thread] DEBUG Async                - Shutting down background threads
17:15:07.601 [JavaFX Application Thread] DEBUG PrimaryStageWindow   - Closing main window
17:15:07.602 [JavaFX Application Thread] DEBUG Logger               - Closing Logger
