16:48:41.655 [main                     ] DEBUG Logger               - Configured Logger
16:48:41.688 [main                     ] DEBUG GameApplication      - Logging settings
Title: Restaurant Simulator
Version: 1.0
Width: 1280
Height: 720
Fullscreen: false
Intro: false
Profiling: false
Single step:false
App Mode: DEVELOPER
Menu Key: ESCAPE
Stage Style: DECORATED
Scene Factory: class com.almasb.fxgl.app.scene.SceneFactory

16:48:42.179 [JavaFX Application Thread] DEBUG FXGLApplication      - Initializing FXGL
16:48:42.183 [JavaFX Application Thread] INFO  Engine               - FXGL-17.3 (30.03.2023 11.49) on LINUX (J:21.0.5 FX:21)
16:48:42.183 [JavaFX Application Thread] DEBUG Engine               - JRE Vendor Name: Amazon.com Inc.
16:48:42.183 [JavaFX Application Thread] DEBUG Engine               - Running on OS: Linux version 6.8.0-49-generic
16:48:42.184 [JavaFX Application Thread] DEBUG Engine               - Architecture: amd64
16:48:42.184 [JavaFX Application Thread] INFO  Engine               - Source code and latest versions at: https://github.com/AlmasB/FXGL
16:48:42.184 [JavaFX Application Thread] INFO  Engine               -       Ask questions and discuss at: https://github.com/AlmasB/FXGL/discussions
16:48:42.184 [JavaFX Application Thread] INFO  Engine               -              Join the FXGL chat at: https://gitter.im/AlmasB/FXGL
16:48:42.292 [JavaFX Application Thread] DEBUG PrimaryStageWindow   - Creating a JavaFX scene
16:48:42.392 [JavaFX Application Thread] DEBUG PrimaryStageWindow   - Target settings size: 1280.0 x 720.0
16:48:42.392 [JavaFX Application Thread] DEBUG PrimaryStageWindow   - Scaled scene size:    1280.0 x 720.0
16:48:42.393 [JavaFX Application Thread] DEBUG PrimaryStageWindow   - Scaled ratio: (1.0, 1.0)
16:48:42.394 [JavaFX Application Thread] DEBUG PrimaryStageWindow   - Set initial scene to FXGLStartupScene
16:48:42.397 [JavaFX Application Thread] DEBUG PrimaryStageWindow   - Opening main window
16:48:42.434 [JavaFX Application Thread] DEBUG PrimaryStageWindow   - Window border size: (0.0, 35.0)
16:48:42.434 [JavaFX Application Thread] DEBUG PrimaryStageWindow   - Scaled size: 1280.0 x 685.0
16:48:42.434 [JavaFX Application Thread] DEBUG PrimaryStageWindow   - Scaled ratio: (1.0, 0.9513888888888888)
16:48:42.435 [JavaFX Application Thread] DEBUG PrimaryStageWindow   - Scene size: 1280.0 x 720.0
16:48:42.435 [JavaFX Application Thread] DEBUG PrimaryStageWindow   - Stage size: 1280.0 x 720.0
16:48:42.440 [FXGL Background Thread 1 ] DEBUG Engine               - Initializing environment variables
16:48:42.483 [FXGL Background Thread 1 ] DEBUG FXGLAssetLoaderServi - User app class for loading assets: class com.restaurant.application.GameApp
16:48:42.483 [FXGL Background Thread 1 ] DEBUG GameApplicationServi - Applying CSS: fxgl_dark.css
16:48:42.483 [FXGL Background Thread 1 ] DEBUG FXGLAssetLoaderServi - Loading from file system: jar:file:/home/khars/.m2/repository/com/github/almasb/fxgl/17.3/fxgl-17.3.jar!/fxglassets/ui/css/fxgl_dark.css
16:48:42.532 [FXGL Background Thread 1 ] DEBUG GameApplicationServi - Initializing application scenes
16:48:42.571 [FXGL Background Thread 1 ] DEBUG GameWorld            - Game world initialized
16:48:42.621 [FXGL Background Thread 1 ] DEBUG PhysicsWorld         - Physics world initialized: appHeight=720, physics.ppm=50,0
16:48:42.621 [FXGL Background Thread 1 ] DEBUG PhysicsWorld         - Using strategy: BRUTE_FORCE
16:48:42.625 [FXGL Background Thread 1 ] DEBUG GameScene            - Game scene initialized: 1280x720
16:48:42.635 [FXGL Background Thread 1 ] DEBUG FXGL.DefaultMenu     - createMenuBodyGameMenu()
16:48:42.653 [FXGL Background Thread 1 ] DEBUG FXGL.DefaultMenu     - createOptionsMenu()
16:48:42.662 [FXGL Background Thread 1 ] DEBUG FXGLAssetLoaderServi - Loading from file system: jar:file:/home/khars/.m2/repository/com/github/almasb/fxgl/17.3/fxgl-17.3.jar!/fxglassets/textures/particles/smoke.png
16:48:42.747 [FXGL Background Thread 1 ] DEBUG FXGLAssetLoaderServi - Loading from file system: jar:file:/home/khars/.m2/repository/com/github/almasb/fxgl/17.3/fxgl-17.3.jar!/fxglassets/textures/particles/trace_horizontal.png
16:48:42.777 [FXGL Background Thread 1 ] DEBUG GameApplicationServi - Application scenes initialized
16:48:42.795 [FXGL Background Thread 1 ] DEBUG SystemBundleService  - Loading FXGL system data
16:48:42.796 [FXGL Background Thread 1 ] DEBUG FileSystemAccess     - Reading from: /home/khars/IdeaProjects/SImulador-2/system/fxgl.bundle
16:48:42.799 [FXGL Background Thread 1 ] DEBUG SystemBundleService  - Bundle FXGL: {}
16:48:42.799 [FXGL Background Thread 1 ] DEBUG UpdaterService       - Checking for updates
16:48:42.803 [FXGL Background Thread 4 ] DEBUG FXGLApplication      - Loading fonts
16:48:42.804 [FXGL Background Thread 1 ] DEBUG FXGLApplication      - Loading default localization
16:48:42.804 [FXGL Background Thread 4 ] DEBUG FXGLAssetLoaderServi - Loading from file system: jar:file:/home/khars/.m2/repository/com/github/almasb/fxgl/17.3/fxgl-17.3.jar!/fxglassets/ui/fonts/VarelaRound-Regular.ttf
16:48:42.804 [FXGL Background Thread 1 ] DEBUG FXGLAssetLoaderServi - Loading from file system: jar:file:/home/khars/.m2/repository/com/github/almasb/fxgl/17.3/fxgl-17.3.jar!/fxglassets/languages/english.lang
16:48:42.823 [FXGL Background Thread 4 ] DEBUG FXGLAssetLoaderServi - Loading from file system: jar:file:/home/khars/.m2/repository/com/github/almasb/fxgl/17.3/fxgl-17.3.jar!/fxglassets/ui/fonts/Abel-Regular.ttf
16:48:42.825 [FXGL Background Thread 4 ] DEBUG FXGLAssetLoaderServi - Loading from file system: jar:file:/home/khars/.m2/repository/com/github/almasb/fxgl/17.3/fxgl-17.3.jar!/fxglassets/ui/fonts/TerminalLandMono-Regular.otf
16:48:42.829 [FXGL Background Thread 4 ] DEBUG FXGLAssetLoaderServi - Loading from file system: jar:file:/home/khars/.m2/repository/com/github/almasb/fxgl/17.3/fxgl-17.3.jar!/fxglassets/ui/fonts/Courier-Prime.ttf
16:48:42.835 [JavaFX Application Thread] DEBUG FXGLApplication      - Registering font factories with UI factory
16:48:42.839 [FXGL Background Thread 1 ] INFO  FXGLApplication      - FXGL initialization took: 0,399 sec
16:48:42.840 [JavaFX Application Thread] DEBUG FXGLAssetLoaderServi - Loading from file system: jar:file:/home/khars/.m2/repository/com/github/almasb/fxgl/17.3/fxgl-17.3.jar!/fxglassets/textures/fxgl_icon.png
16:48:42.868 [JavaFX Application Thread] DEBUG FXGLAssetLoaderServi - Loading from file system: jar:file:/home/khars/.m2/repository/com/github/almasb/fxgl/17.3/fxgl-17.3.jar!/fxglassets/textures/fxgl_default_cursor.png
16:48:42.879 [JavaFX Application Thread] DEBUG Input                - Registered new binding: Screenshot - CTRL+8
16:48:42.879 [JavaFX Application Thread] DEBUG Input                - Registered new binding: System info dump - CTRL+9
16:48:42.880 [JavaFX Application Thread] DEBUG Input                - Registered new binding: Restart - CTRL+R
16:48:42.880 [JavaFX Application Thread] DEBUG Input                - Registered new binding: Toggle Debug Camera - CTRL+7
16:48:42.883 [JavaFX Application Thread] DEBUG LoopRunner           - Starting loop
16:48:42.883 [JavaFX Application Thread] DEBUG LoopRunner           - Initializing JavaFX AnimationTimerLoop
16:48:42.885 [JavaFX Application Thread] DEBUG GameApplicationServi - Starting new game
16:48:42.885 [JavaFX Application Thread] DEBUG Input                - Clearing active input actions
16:48:42.899 [JavaFX Application Thread] DEBUG GameApplicationServi - Removing overlay from FXGLStartupScene and adding to FXGLLoadingScene
16:48:42.899 [JavaFX Application Thread] DEBUG PrimaryStageWindow   - FXGLStartupScene -> FXGLLoadingScene
16:48:42.899 [JavaFX Application Thread] DEBUG GameApplicationServi - Clearing previous game
16:48:42.899 [JavaFX Application Thread] DEBUG GameScene            - Clearing game scene
16:48:42.900 [JavaFX Application Thread] DEBUG GameWorld            - Clearing game world
16:48:42.900 [JavaFX Application Thread] DEBUG PhysicsWorld         - Clearing physics world
16:48:42.901 [FXGL Background Thread 1 ] DEBUG FXGLApplication      - Initializing game
16:48:42.957 [FXGL Background Thread 1 ] INFO  FXGLApplication      - Game initialization took: 0,056 sec
16:48:43.006 [JavaFX Application Thread] DEBUG Input                - Clearing active input actions
16:48:43.021 [JavaFX Application Thread] DEBUG GameApplicationServi - Removing overlay from FXGLLoadingScene and adding to GameScene
16:48:43.021 [JavaFX Application Thread] DEBUG PrimaryStageWindow   - FXGLLoadingScene -> GameScene
16:48:43.353 [FXGL Background Thread 2 ] INFO  UpdaterService       - Your current version:  17.3
16:48:43.353 [FXGL Background Thread 2 ] INFO  UpdaterService       - Latest stable version: 21.1
16:48:45.802 [FXGL Background Thread 3 ] DEBUG Engine               - Logging environment variables
16:48:45.802 [FXGL Background Thread 3 ] DEBUG Engine               - achievements: []
16:48:45.802 [FXGL Background Thread 3 ] DEBUG Engine               - actualHeight: 685.0
16:48:45.802 [FXGL Background Thread 3 ] DEBUG Engine               - actualHeightProperty: ReadOnlyDoubleProperty [value: 715.0]
16:48:45.803 [FXGL Background Thread 3 ] DEBUG Engine               - actualWidth: 1280.0
16:48:45.803 [FXGL Background Thread 3 ] DEBUG Engine               - actualWidthProperty: ReadOnlyDoubleProperty [value: 1280.0]
16:48:45.803 [FXGL Background Thread 3 ] DEBUG Engine               - appIcon: fxgl_icon.png
16:48:45.803 [FXGL Background Thread 3 ] DEBUG Engine               - applicationMode: DEVELOPER
16:48:45.803 [FXGL Background Thread 3 ] DEBUG Engine               - cSSList: [fxgl_dark.css]
16:48:45.803 [FXGL Background Thread 3 ] DEBUG Engine               - collisionDetectionStrategy: BRUTE_FORCE
16:48:45.803 [FXGL Background Thread 3 ] DEBUG Engine               - configClass: Optional.empty
16:48:45.803 [FXGL Background Thread 3 ] DEBUG Engine               - credits: []
16:48:45.803 [FXGL Background Thread 3 ] DEBUG Engine               - defaultCursor: CursorInfo(imageName=fxgl_default_cursor.png, hotspotX=7.0, hotspotY=6.0)
16:48:45.804 [FXGL Background Thread 3 ] DEBUG Engine               - devBBoxColorProperty: ObjectProperty [value: 0xff0000ff]
16:48:45.804 [FXGL Background Thread 3 ] DEBUG Engine               - devEnableDebugCameraProperty: BooleanProperty [value: false]
16:48:45.804 [FXGL Background Thread 3 ] DEBUG Engine               - devSensorColorProperty: ObjectProperty [value: 0xffff00ff]
16:48:45.804 [FXGL Background Thread 3 ] DEBUG Engine               - devShowBBoxProperty: BooleanProperty [value: false]
16:48:45.804 [FXGL Background Thread 3 ] DEBUG Engine               - devShowPositionProperty: BooleanProperty [value: false]
16:48:45.804 [FXGL Background Thread 3 ] DEBUG Engine               - enabledMenuItems: []
16:48:45.804 [FXGL Background Thread 3 ] DEBUG Engine               - engineServices: [class com.almasb.fxgl.app.services.FXGLAssetLoaderService, class com.almasb.fxgl.app.FXGLApplication$GameApplicationService, class com.almasb.fxgl.app.services.FXGLDialogService, class com.almasb.fxgl.app.services.IOTaskExecutorService, class com.almasb.fxgl.io.FileSystemService, class com.almasb.fxgl.localization.LocalizationService, class com.almasb.fxgl.app.services.SystemBundleService, class com.almasb.fxgl.profile.SaveLoadService, class com.almasb.fxgl.ui.FXGLUIFactoryServiceProvider, class com.almasb.fxgl.ui.FXGLDialogFactoryServiceProvider, class com.almasb.fxgl.audio.AudioPlayer, class com.almasb.fxgl.notification.impl.NotificationServiceProvider, class com.almasb.fxgl.achievement.AchievementService, class com.almasb.fxgl.cutscene.CutsceneService, class com.almasb.fxgl.minigames.MiniGameService, class com.almasb.fxgl.net.NetService, class com.almasb.fxgl.app.services.UpdaterService, class com.almasb.fxgl.dev.DevService]
16:48:45.804 [FXGL Background Thread 3 ] DEBUG Engine               - fontGame: Abel-Regular.ttf
16:48:45.804 [FXGL Background Thread 3 ] DEBUG Engine               - fontMono: TerminalLandMono-Regular.otf
16:48:45.804 [FXGL Background Thread 3 ] DEBUG Engine               - fontSizeScaleUI: 1.0
16:48:45.804 [FXGL Background Thread 3 ] DEBUG Engine               - fontText: Courier-Prime.ttf
16:48:45.804 [FXGL Background Thread 3 ] DEBUG Engine               - fontUI: VarelaRound-Regular.ttf
16:48:45.804 [FXGL Background Thread 3 ] DEBUG Engine               - fullScreen: BooleanProperty [value: false]
16:48:45.804 [FXGL Background Thread 3 ] DEBUG Engine               - gameDifficulty: MEDIUM
16:48:45.804 [FXGL Background Thread 3 ] DEBUG Engine               - gameDifficultyProperty: ObjectProperty [value: MEDIUM]
16:48:45.805 [FXGL Background Thread 3 ] DEBUG Engine               - globalMusicVolume: 0.5
16:48:45.805 [FXGL Background Thread 3 ] DEBUG Engine               - globalMusicVolumeProperty: DoubleProperty [value: 0.5]
16:48:45.805 [FXGL Background Thread 3 ] DEBUG Engine               - globalSoundVolume: 0.5
16:48:45.805 [FXGL Background Thread 3 ] DEBUG Engine               - globalSoundVolumeProperty: DoubleProperty [value: 0.5]
16:48:45.805 [FXGL Background Thread 3 ] DEBUG Engine               - height: 720
16:48:45.805 [FXGL Background Thread 3 ] DEBUG Engine               - is3D: false
16:48:45.805 [FXGL Background Thread 3 ] DEBUG Engine               - isAndroid: false
16:48:45.805 [FXGL Background Thread 3 ] DEBUG Engine               - isBrowser: false
16:48:45.805 [FXGL Background Thread 3 ] DEBUG Engine               - isClickFeedbackEnabled: false
16:48:45.805 [FXGL Background Thread 3 ] DEBUG Engine               - isCloseConfirmation: false
16:48:45.805 [FXGL Background Thread 3 ] DEBUG Engine               - isDesktop: true
16:48:45.805 [FXGL Background Thread 3 ] DEBUG Engine               - isDeveloperMenuEnabled: false
16:48:45.805 [FXGL Background Thread 3 ] DEBUG Engine               - isEmbedded: false
16:48:45.805 [FXGL Background Thread 3 ] DEBUG Engine               - isEntityPreloadEnabled: true
16:48:45.805 [FXGL Background Thread 3 ] DEBUG Engine               - isExperimentalTiledLargeMap: false
16:48:45.805 [FXGL Background Thread 3 ] DEBUG Engine               - isFileSystemWriteAllowed: true
16:48:45.805 [FXGL Background Thread 3 ] DEBUG Engine               - isFullScreenAllowed: false
16:48:45.806 [FXGL Background Thread 3 ] DEBUG Engine               - isFullScreenFromStart: false
16:48:45.806 [FXGL Background Thread 3 ] DEBUG Engine               - isGameMenuEnabled: true
16:48:45.806 [FXGL Background Thread 3 ] DEBUG Engine               - isIOS: false
16:48:45.806 [FXGL Background Thread 3 ] DEBUG Engine               - isIntroEnabled: false
16:48:45.806 [FXGL Background Thread 3 ] DEBUG Engine               - isLinux: true
16:48:45.806 [FXGL Background Thread 3 ] DEBUG Engine               - isMac: false
16:48:45.806 [FXGL Background Thread 3 ] DEBUG Engine               - isMainMenuEnabled: false
16:48:45.806 [FXGL Background Thread 3 ] DEBUG Engine               - isManualResizeEnabled: false
16:48:45.806 [FXGL Background Thread 3 ] DEBUG Engine               - isMobile: false
16:48:45.806 [FXGL Background Thread 3 ] DEBUG Engine               - isNative: false
16:48:45.806 [FXGL Background Thread 3 ] DEBUG Engine               - isPauseMusicWhenMinimized: true
16:48:45.806 [FXGL Background Thread 3 ] DEBUG Engine               - isPreserveResizeRatio: false
16:48:45.806 [FXGL Background Thread 3 ] DEBUG Engine               - isProfilingEnabled: false
16:48:45.806 [FXGL Background Thread 3 ] DEBUG Engine               - isScaleAffectedOnResize: true
16:48:45.806 [FXGL Background Thread 3 ] DEBUG Engine               - isSingleStep: false
16:48:45.806 [FXGL Background Thread 3 ] DEBUG Engine               - isUserProfileEnabled: false
16:48:45.806 [FXGL Background Thread 3 ] DEBUG Engine               - isWindows: false
16:48:45.806 [FXGL Background Thread 3 ] DEBUG Engine               - language: ObjectProperty [value: ENGLISH]
16:48:45.806 [FXGL Background Thread 3 ] DEBUG Engine               - menuKey: ESCAPE
16:48:45.806 [FXGL Background Thread 3 ] DEBUG Engine               - mouseSensitivity: 0.2
16:48:45.807 [FXGL Background Thread 3 ] DEBUG Engine               - notificationViewClass: class com.almasb.fxgl.notification.view.XboxNotificationView
16:48:45.807 [FXGL Background Thread 3 ] DEBUG Engine               - pixelsPerMeter: 50.0
16:48:45.807 [FXGL Background Thread 3 ] DEBUG Engine               - platform: LINUX
16:48:45.807 [FXGL Background Thread 3 ] DEBUG Engine               - prefHeightProperty: ReadOnlyDoubleProperty [value: 720.0]
16:48:45.807 [FXGL Background Thread 3 ] DEBUG Engine               - prefWidthProperty: ReadOnlyDoubleProperty [value: 1280.0]
16:48:45.807 [FXGL Background Thread 3 ] DEBUG Engine               - profileDir: profiles/
16:48:45.807 [FXGL Background Thread 3 ] DEBUG Engine               - profileName: StringProperty [value: DEFAULT]
16:48:45.807 [FXGL Background Thread 3 ] DEBUG Engine               - randomSeed: -1
16:48:45.807 [FXGL Background Thread 3 ] DEBUG Engine               - runtimeInfo: RuntimeInfo(platform=LINUX, version=17.3, build=30.03.2023 11.49)
16:48:45.807 [FXGL Background Thread 3 ] DEBUG Engine               - saveFileExt: sav
16:48:45.807 [FXGL Background Thread 3 ] DEBUG Engine               - scaledHeightProp$fxgl: DoubleProperty [bound, value: 715.0]
16:48:45.807 [FXGL Background Thread 3 ] DEBUG Engine               - scaledWidthProp$fxgl: DoubleProperty [bound, value: 1280.0]
16:48:45.807 [FXGL Background Thread 3 ] DEBUG Engine               - sceneFactory: com.almasb.fxgl.app.scene.SceneFactory@1f552901
16:48:45.808 [FXGL Background Thread 3 ] DEBUG Engine               - secondsIn24h: 60
16:48:45.808 [FXGL Background Thread 3 ] DEBUG Engine               - soundMenuBack: menu/back.wav
16:48:45.808 [FXGL Background Thread 3 ] DEBUG Engine               - soundMenuPress: menu/press.wav
16:48:45.808 [FXGL Background Thread 3 ] DEBUG Engine               - soundMenuSelect: menu/select.wav
16:48:45.808 [FXGL Background Thread 3 ] DEBUG Engine               - soundNotification: core/notification.wav
16:48:45.808 [FXGL Background Thread 3 ] DEBUG Engine               - stageStyle: DECORATED
16:48:45.808 [FXGL Background Thread 3 ] DEBUG Engine               - supportedLanguages: [ENGLISH, FRENCH, GERMAN, HUNGARIAN, RUSSIAN]
16:48:45.808 [FXGL Background Thread 3 ] DEBUG Engine               - ticksPerSecond: -1
16:48:45.808 [FXGL Background Thread 3 ] DEBUG Engine               - title: Restaurant Simulator
16:48:45.808 [FXGL Background Thread 3 ] DEBUG Engine               - urlGithub: https://github.com/AlmasB/FXGL
16:48:45.808 [FXGL Background Thread 3 ] DEBUG Engine               - urlLeaderboard: http://fxgl-top.herokuapp.com/
16:48:45.808 [FXGL Background Thread 3 ] DEBUG Engine               - urlPOM: https://raw.githubusercontent.com/AlmasB/FXGL/release/README.md
16:48:45.808 [FXGL Background Thread 3 ] DEBUG Engine               - userAppClass: class com.restaurant.application.GameApp
16:48:45.808 [FXGL Background Thread 3 ] DEBUG Engine               - version: 1.0
16:48:45.808 [FXGL Background Thread 3 ] DEBUG Engine               - versionCheckDays: 7
16:48:45.808 [FXGL Background Thread 3 ] DEBUG Engine               - width: 1280
16:48:45.808 [FXGL Background Thread 3 ] DEBUG Engine               - Logging services
16:48:45.808 [FXGL Background Thread 3 ] DEBUG Engine               - class com.almasb.fxgl.app.services.FXGLAssetLoaderService
16:48:45.808 [FXGL Background Thread 3 ] DEBUG Engine               - class com.almasb.fxgl.app.FXGLApplication$GameApplicationService
16:48:45.808 [FXGL Background Thread 3 ] DEBUG Engine               - class com.almasb.fxgl.app.services.FXGLDialogService
16:48:45.808 [FXGL Background Thread 3 ] DEBUG Engine               - class com.almasb.fxgl.app.services.IOTaskExecutorService
16:48:45.808 [FXGL Background Thread 3 ] DEBUG Engine               - class com.almasb.fxgl.io.FileSystemService
16:48:45.809 [FXGL Background Thread 3 ] DEBUG Engine               - class com.almasb.fxgl.localization.LocalizationService
16:48:45.809 [FXGL Background Thread 3 ] DEBUG Engine               - class com.almasb.fxgl.app.services.SystemBundleService
16:48:45.809 [FXGL Background Thread 3 ] DEBUG Engine               - class com.almasb.fxgl.profile.SaveLoadService
16:48:45.809 [FXGL Background Thread 3 ] DEBUG Engine               - class com.almasb.fxgl.ui.FXGLUIFactoryServiceProvider
16:48:45.809 [FXGL Background Thread 3 ] DEBUG Engine               - class com.almasb.fxgl.ui.FXGLDialogFactoryServiceProvider
16:48:45.809 [FXGL Background Thread 3 ] DEBUG Engine               - class com.almasb.fxgl.audio.AudioPlayer
16:48:45.809 [FXGL Background Thread 3 ] DEBUG Engine               - class com.almasb.fxgl.notification.impl.NotificationServiceProvider
16:48:45.809 [FXGL Background Thread 3 ] DEBUG Engine               - class com.almasb.fxgl.achievement.AchievementService
16:48:45.809 [FXGL Background Thread 3 ] DEBUG Engine               - class com.almasb.fxgl.cutscene.CutsceneService
16:48:45.809 [FXGL Background Thread 3 ] DEBUG Engine               - class com.almasb.fxgl.minigames.MiniGameService
16:48:45.809 [FXGL Background Thread 3 ] DEBUG Engine               - class com.almasb.fxgl.net.NetService
16:48:45.809 [FXGL Background Thread 3 ] DEBUG Engine               - class com.almasb.fxgl.app.services.UpdaterService
16:48:45.809 [FXGL Background Thread 3 ] DEBUG Engine               - class com.almasb.fxgl.dev.DevService
16:49:53.436 [JavaFX Application Thread] DEBUG FXGLApplication      - Exiting FXGL
16:49:53.436 [JavaFX Application Thread] DEBUG LoopRunner           - Stopping loop
16:49:53.436 [JavaFX Application Thread] DEBUG SystemBundleService  - Saving FXGL system data
16:49:53.437 [JavaFX Application Thread] DEBUG FileSystemAccess     - Writing to: /home/khars/IdeaProjects/SImulador-2/system/fxgl.bundle
16:49:53.438 [JavaFX Application Thread] DEBUG Async                - Shutting down background threads
16:49:53.438 [JavaFX Application Thread] DEBUG PrimaryStageWindow   - Closing main window
16:49:53.440 [JavaFX Application Thread] DEBUG Logger               - Closing Logger
